[ERROR] COMPILATION ERROR : 
[ERROR] /C:/Hartford/capstone/GreenSure/src/main/java/org/hartford/greensure/service/AgentVerificationService.java:[152,17] cannot find symbol
  symbol:   method gpsLatAtStart(java.lang.Double)
  location: class org.hartford.greensure.entity.Verification.VerificationBuilder
[ERROR] /C:/Hartford/capstone/GreenSure/src/main/java/org/hartford/greensure/service/AgentVerificationService.java:[265,46] cannot find symbol
  symbol:   variable VERIFICATION_RESULT
  location: class org.hartford.greensure.entity.Notification.NotificationType
[ERROR] /C:/Hartford/capstone/GreenSure/src/main/java/org/hartford/greensure/engine/CarbonScoreService.java:[284,27] incompatible types: java.lang.String cannot be converted to org.hartford.greensure.entity.Recommendation.RecommendationCategory
[ERROR] /C:/Hartford/capstone/GreenSure/src/main/java/org/hartford/greensure/service/RecommendationService.java:[33,46] cannot find symbol
  symbol:   method getUserType()
  location: class org.hartford.greensure.entity.User
[ERROR] /C:/Hartford/capstone/GreenSure/src/main/java/org/hartford/greensure/service/RecommendationService.java:[34,24] cannot find symbol
  symbol:   variable UserType
  location: class org.hartford.greensure.entity.User
[ERROR] /C:/Hartford/capstone/GreenSure/src/main/java/org/hartford/greensure/service/RecommendationService.java:[42,22] cannot find symbol
  symbol:   method getEnergyCo2()
  location: variable score of type org.hartford.greensure.entity.CarbonScore
[ERROR] /C:/Hartford/capstone/GreenSure/src/main/java/org/hartford/greensure/service/RecommendationService.java:[46,22] cannot find symbol
  symbol:   method getTransportCo2()
  location: variable score of type org.hartford.greensure.entity.CarbonScore
[ERROR] /C:/Hartford/capstone/GreenSure/src/main/java/org/hartford/greensure/service/RecommendationService.java:[48,33] cannot find symbol
  symbol:   method getLifestyleCo2()
  location: variable score of type org.hartford.greensure.entity.CarbonScore
[ERROR] /C:/Hartford/capstone/GreenSure/src/main/java/org/hartford/greensure/service/RecommendationService.java:[51,26] cannot find symbol
  symbol:   method getLifestyleCo2()
  location: variable score of type org.hartford.greensure.entity.CarbonScore
[ERROR] /C:/Hartford/capstone/GreenSure/src/main/java/org/hartford/greensure/service/RecommendationService.java:[54,34] cannot find symbol
  symbol:   method getOperationsCo2()
  location: variable score of type org.hartford.greensure.entity.CarbonScore
[ERROR] /C:/Hartford/capstone/GreenSure/src/main/java/org/hartford/greensure/service/RecommendationService.java:[57,26] cannot find symbol
  symbol:   method getOperationsCo2()
  location: variable score of type org.hartford.greensure.entity.CarbonScore
[ERROR] /C:/Hartford/capstone/GreenSure/src/main/java/org/hartford/greensure/scheduler/RenewalEngine.java:[42,33] cannot find symbol
  symbol:   method findUsersNeedingRenewal(int,int)
  location: variable scoreRepo of type org.hartford.greensure.repository.CarbonScoreRepository
[ERROR] Failed to execute goal org.apache.maven.plugins:maven-compiler-plugin:3.14.1:compile (default-compile) on project GreenSure: Compilation failure: Compilation failure: 
[ERROR] /C:/Hartford/capstone/GreenSure/src/main/java/org/hartford/greensure/service/AgentVerificationService.java:[152,17] cannot find symbol
[ERROR]   symbol:   method gpsLatAtStart(java.lang.Double)
[ERROR]   location: class org.hartford.greensure.entity.Verification.VerificationBuilder
[ERROR] /C:/Hartford/capstone/GreenSure/src/main/java/org/hartford/greensure/service/AgentVerificationService.java:[265,46] cannot find symbol
[ERROR]   symbol:   variable VERIFICATION_RESULT
[ERROR]   location: class org.hartford.greensure.entity.Notification.NotificationType
[ERROR] /C:/Hartford/capstone/GreenSure/src/main/java/org/hartford/greensure/engine/CarbonScoreService.java:[284,27] incompatible types: java.lang.String cannot be converted to org.hartford.greensure.entity.Recommendation.RecommendationCategory
[ERROR] /C:/Hartford/capstone/GreenSure/src/main/java/org/hartford/greensure/service/RecommendationService.java:[33,46] cannot find symbol
[ERROR]   symbol:   method getUserType()
[ERROR]   location: class org.hartford.greensure.entity.User
[ERROR] /C:/Hartford/capstone/GreenSure/src/main/java/org/hartford/greensure/service/RecommendationService.java:[34,24] cannot find symbol
[ERROR]   symbol:   variable UserType
[ERROR]   location: class org.hartford.greensure.entity.User
[ERROR] /C:/Hartford/capstone/GreenSure/src/main/java/org/hartford/greensure/service/RecommendationService.java:[42,22] cannot find symbol
[ERROR]   symbol:   method getEnergyCo2()
[ERROR]   location: variable score of type org.hartford.greensure.entity.CarbonScore
[ERROR] /C:/Hartford/capstone/GreenSure/src/main/java/org/hartford/greensure/service/RecommendationService.java:[46,22] cannot find symbol
[ERROR]   symbol:   method getTransportCo2()
[ERROR]   location: variable score of type org.hartford.greensure.entity.CarbonScore
[ERROR] /C:/Hartford/capstone/GreenSure/src/main/java/org/hartford/greensure/service/RecommendationService.java:[48,33] cannot find symbol
[ERROR]   symbol:   method getLifestyleCo2()
[ERROR]   location: variable score of type org.hartford.greensure.entity.CarbonScore
[ERROR] /C:/Hartford/capstone/GreenSure/src/main/java/org/hartford/greensure/service/RecommendationService.java:[51,26] cannot find symbol
[ERROR]   symbol:   method getLifestyleCo2()
[ERROR]   location: variable score of type org.hartford.greensure.entity.CarbonScore
[ERROR] /C:/Hartford/capstone/GreenSure/src/main/java/org/hartford/greensure/service/RecommendationService.java:[54,34] cannot find symbol
[ERROR]   symbol:   method getOperationsCo2()
[ERROR]   location: variable score of type org.hartford.greensure.entity.CarbonScore
[ERROR] /C:/Hartford/capstone/GreenSure/src/main/java/org/hartford/greensure/service/RecommendationService.java:[57,26] cannot find symbol
[ERROR]   symbol:   method getOperationsCo2()
[ERROR]   location: variable score of type org.hartford.greensure.entity.CarbonScore
[ERROR] /C:/Hartford/capstone/GreenSure/src/main/java/org/hartford/greensure/scheduler/RenewalEngine.java:[42,33] cannot find symbol
[ERROR]   symbol:   method findUsersNeedingRenewal(int,int)
[ERROR]   location: variable scoreRepo of type org.hartford.greensure.repository.CarbonScoreRepository
[ERROR] -> [Help 1]
org.apache.maven.lifecycle.LifecycleExecutionException: Failed to execute goal org.apache.maven.plugins:maven-compiler-plugin:3.14.1:compile (default-compile) on project GreenSure: Compilation failure
    at org.apache.maven.lifecycle.internal.MojoExecutor.doExecute2 (MojoExecutor.java:333)
    at org.apache.maven.lifecycle.internal.MojoExecutor.doExecute (MojoExecutor.java:316)
    at org.apache.maven.lifecycle.internal.MojoExecutor.execute (MojoExecutor.java:212)
    at org.apache.maven.lifecycle.internal.MojoExecutor.execute (MojoExecutor.java:174)
    at org.apache.maven.lifecycle.internal.MojoExecutor.access$000 (MojoExecutor.java:75)
    at org.apache.maven.lifecycle.internal.MojoExecutor$1.run (MojoExecutor.java:162)
    at org.apache.maven.plugin.DefaultMojosExecutionStrategy.execute (DefaultMojosExecutionStrategy.java:39)
    at org.apache.maven.lifecycle.internal.MojoExecutor.execute (MojoExecutor.java:159)
    at org.apache.maven.lifecycle.internal.LifecycleModuleBuilder.buildProject (LifecycleModuleBuilder.java:105)
    at org.apache.maven.lifecycle.internal.LifecycleModuleBuilder.buildProject (LifecycleModuleBuilder.java:73)
    at org.apache.maven.lifecycle.internal.builder.singlethreaded.SingleThreadedBuilder.build (SingleThreadedBuilder.java:53)
    at org.apache.maven.lifecycle.internal.LifecycleStarter.execute (LifecycleStarter.java:118)
    at org.apache.maven.DefaultMaven.doExecute (DefaultMaven.java:261)
    at org.apache.maven.DefaultMaven.doExecute (DefaultMaven.java:173)
    at org.apache.maven.DefaultMaven.execute (DefaultMaven.java:101)
    at org.apache.maven.cli.MavenCli.execute (MavenCli.java:919)
    at org.apache.maven.cli.MavenCli.doMain (MavenCli.java:285)
    at org.apache.maven.cli.MavenCli.main (MavenCli.java:207)
    at jdk.internal.reflect.DirectMethodHandleAccessor.invoke (DirectMethodHandleAccessor.java:103)
    at java.lang.reflect.Method.invoke (Method.java:580)
    at org.codehaus.plexus.classworlds.launcher.Launcher.launchEnhanced (Launcher.java:255)
    at org.codehaus.plexus.classworlds.launcher.Launcher.launch (Launcher.java:201)
    at org.codehaus.plexus.classworlds.launcher.Launcher.mainWithExitCode (Launcher.java:361)
    at org.codehaus.plexus.classworlds.launcher.Launcher.main (Launcher.java:314)
Caused by: org.apache.maven.plugin.compiler.CompilationFailureException: Compilation failure
    at org.apache.maven.plugin.compiler.AbstractCompilerMojo.executeReal (AbstractCompilerMojo.java:1318)
    at org.apache.maven.plugin.compiler.AbstractCompilerMojo.execute (AbstractCompilerMojo.java:708)
    at org.apache.maven.plugin.compiler.CompilerMojo.execute (CompilerMojo.java:235)
    at org.apache.maven.plugin.DefaultBuildPluginManager.executeMojo (DefaultBuildPluginManager.java:126)
    at org.apache.maven.lifecycle.internal.MojoExecutor.doExecute2 (MojoExecutor.java:328)
    at org.apache.maven.lifecycle.internal.MojoExecutor.doExecute (MojoExecutor.java:316)
    at org.apache.maven.lifecycle.internal.MojoExecutor.execute (MojoExecutor.java:212)
    at org.apache.maven.lifecycle.internal.MojoExecutor.execute (MojoExecutor.java:174)
    at org.apache.maven.lifecycle.internal.MojoExecutor.access$000 (MojoExecutor.java:75)
    at org.apache.maven.lifecycle.internal.MojoExecutor$1.run (MojoExecutor.java:162)
    at org.apache.maven.plugin.DefaultMojosExecutionStrategy.execute (DefaultMojosExecutionStrategy.java:39)
    at org.apache.maven.lifecycle.internal.MojoExecutor.execute (MojoExecutor.java:159)
    at org.apache.maven.lifecycle.internal.LifecycleModuleBuilder.buildProject (LifecycleModuleBuilder.java:105)
    at org.apache.maven.lifecycle.internal.LifecycleModuleBuilder.buildProject (LifecycleModuleBuilder.java:73)
    at org.apache.maven.lifecycle.internal.builder.singlethreaded.SingleThreadedBuilder.build (SingleThreadedBuilder.java:53)
    at org.apache.maven.lifecycle.internal.LifecycleStarter.execute (LifecycleStarter.java:118)
    at org.apache.maven.DefaultMaven.doExecute (DefaultMaven.java:261)
    at org.apache.maven.DefaultMaven.doExecute (DefaultMaven.java:173)
    at org.apache.maven.DefaultMaven.execute (DefaultMaven.java:101)
    at org.apache.maven.cli.MavenCli.execute (MavenCli.java:919)
    at org.apache.maven.cli.MavenCli.doMain (MavenCli.java:285)
    at org.apache.maven.cli.MavenCli.main (MavenCli.java:207)
    at jdk.internal.reflect.DirectMethodHandleAccessor.invoke (DirectMethodHandleAccessor.java:103)
    at java.lang.reflect.Method.invoke (Method.java:580)
    at org.codehaus.plexus.classworlds.launcher.Launcher.launchEnhanced (Launcher.java:255)
    at org.codehaus.plexus.classworlds.launcher.Launcher.launch (Launcher.java:201)
    at org.codehaus.plexus.classworlds.launcher.Launcher.mainWithExitCode (Launcher.java:361)
    at org.codehaus.plexus.classworlds.launcher.Launcher.main (Launcher.java:314)
[ERROR] 
[ERROR] Re-run Maven using the -X switch to enable full debug logging.
[ERROR] 
[ERROR] For more information about the errors and possible solutions, please read the following articles:
[ERROR] [Help 1] http://cwiki.apache.org/confluence/display/MAVEN/MojoFailureException
