#
# There is insufficient memory for the Java Runtime Environment to continue.
# Native memory allocation (mmap) failed to map 29360128 bytes for G1 virtual space
# Possible reasons:
#   The system is out of physical RAM or swap space
#   The process is running with CompressedOops enabled, and the Java Heap may be blocking the growth of the native heap
# Possible solutions:
#   Reduce memory load on the system
#   Increase physical memory or swap space
#   Check if swap backing store is full
#   Decrease Java heap size (-Xmx/-Xms)
#   Decrease number of Java threads
#   Decrease Java thread stack sizes (-Xss)
#   Set larger code cache with -XX:ReservedCodeCacheSize=
#   JVM is running with Unscaled Compressed Oops mode in which the Java heap is
#     placed in the first 4GB address space. The Java Heap base address is the
#     maximum limit for the native heap growth. Please use -XX:HeapBaseMinAddress
#     to set the Java Heap base and to place the Java Heap above 4GB virtual address.
# This output file may be truncated or incomplete.
#
#  Out of Memory Error (os_windows.cpp:3600), pid=29180, tid=19880
#
# JRE version: Java(TM) SE Runtime Environment (21.0.1+12) (build 21.0.1+12-LTS-29)
# Java VM: Java HotSpot(TM) 64-Bit Server VM (21.0.1+12-LTS-29, mixed mode, emulated-client, sharing, tiered, compressed oops, compressed class ptrs, g1 gc, windows-amd64)
# No core dump will be written. Minidumps are not enabled by default on client versions of Windows
#

---------------  S U M M A R Y ------------

Command Line: -XX:TieredStopAtLevel=1 -Dspring.output.ansi.enabled=always -javaagent:C:\Program Files\JetBrains\IntelliJ IDEA 2025.3.2\lib\idea_rt.jar=60941 -Dfile.encoding=UTF-8 -Dsun.stdout.encoding=UTF-8 -Dsun.stderr.encoding=UTF-8 org.hartford.greensure.GreenSureApplication

Host: AMD Ryzen 5 5500U with Radeon Graphics         , 12 cores, 7G,  Windows 11 , 64 bit Build 26100 (10.0.26100.7920)
Time: Sat Mar 28 23:35:46 2026 India Standard Time elapsed time: 2014.788558 seconds (0d 0h 33m 34s)

---------------  T H R E A D  ---------------

Current thread (0x00000241575d3590):  VMThread "VM Thread"          [id=19880, stack(0x000000a746200000,0x000000a746300000) (1024K)]

Stack: [0x000000a746200000,0x000000a746300000]
Native frames: (J=compiled Java code, j=interpreted, Vv=VM code, C=native code)
V  [jvm.dll+0x6c9029]
V  [jvm.dll+0x854b81]
V  [jvm.dll+0x856e5e]
V  [jvm.dll+0x857543]
V  [jvm.dll+0x280c06]
V  [jvm.dll+0x6c5715]
V  [jvm.dll+0x6ba10a]
V  [jvm.dll+0x3557ea]
V  [jvm.dll+0x35d436]
V  [jvm.dll+0x3ae1be]
V  [jvm.dll+0x3ae468]
V  [jvm.dll+0x3291fc]
V  [jvm.dll+0x329287]
V  [jvm.dll+0x36db3c]
V  [jvm.dll+0x36c33d]
V  [jvm.dll+0x328971]
V  [jvm.dll+0x36ba4a]
V  [jvm.dll+0x85d048]
V  [jvm.dll+0x85e144]
V  [jvm.dll+0x85e680]
V  [jvm.dll+0x85e923]
V  [jvm.dll+0x7fd728]
V  [jvm.dll+0x6c777d]
C  [ucrtbase.dll+0x37b0]
C  [KERNEL32.DLL+0x2e8d7]
C  [ntdll.dll+0x8c48c]

VM_Operation (0x000000a746ffe5c0): G1CollectForAllocation, mode: safepoint, requested by thread 0x000002415f536440


---------------  P R O C E S S  ---------------

Threads class SMR info:
_java_thread_list=0x000002415eb32ce0, length=39, elements={
0x00000241575f8a00, 0x00000241575f9fd0, 0x00000241575fbb90, 0x00000241575fca80,
0x00000241575fe050, 0x00000241575ffac0, 0x0000024157602210, 0x00000241577ae060,
0x000002415c20a410, 0x000002415dd6da50, 0x000002415f534a00, 0x00000241641fc1a0,
0x000002415f532930, 0x000002415f535db0, 0x000002415f536440, 0x000002415f536ad0,
0x00000241647e8d90, 0x00000241647e8700, 0x00000241647e9420, 0x00000241647e9ab0,
0x00000241647ea140, 0x00000241647ea7d0, 0x00000241647ec210, 0x00000241647ee2e0,
0x00000241647ec8a0, 0x00000241647ecf30, 0x00000241647ef000, 0x00000241647ef690,
0x00000241647edc50, 0x00000241647ed5c0, 0x000002415f533ce0, 0x000002415f533650,
0x000002415f532fc0, 0x000002415f539230, 0x000002415f5398c0, 0x000002415f537160,
0x000002415f539f50, 0x000002415f537e80, 0x000002415f538ba0
}

Java Threads: ( => current thread )
  0x00000241575f8a00 JavaThread "Reference Handler"          daemon [_thread_blocked, id=26332, stack(0x000000a746300000,0x000000a746400000) (1024K)]
  0x00000241575f9fd0 JavaThread "Finalizer"                  daemon [_thread_blocked, id=21188, stack(0x000000a746400000,0x000000a746500000) (1024K)]
  0x00000241575fbb90 JavaThread "Signal Dispatcher"          daemon [_thread_blocked, id=21856, stack(0x000000a746500000,0x000000a746600000) (1024K)]
  0x00000241575fca80 JavaThread "Attach Listener"            daemon [_thread_blocked, id=29352, stack(0x000000a746600000,0x000000a746700000) (1024K)]
  0x00000241575fe050 JavaThread "Service Thread"             daemon [_thread_blocked, id=26144, stack(0x000000a746700000,0x000000a746800000) (1024K)]
  0x00000241575ffac0 JavaThread "Monitor Deflation Thread"   daemon [_thread_blocked, id=2012, stack(0x000000a746800000,0x000000a746900000) (1024K)]
  0x0000024157602210 JavaThread "C1 CompilerThread0"         daemon [_thread_blocked, id=25752, stack(0x000000a746900000,0x000000a746a00000) (1024K)]
  0x00000241577ae060 JavaThread "Common-Cleaner"             daemon [_thread_blocked, id=19548, stack(0x000000a746a00000,0x000000a746b00000) (1024K)]
  0x000002415c20a410 JavaThread "Notification Thread"        daemon [_thread_blocked, id=22900, stack(0x000000a746d00000,0x000000a746e00000) (1024K)]
  0x000002415dd6da50 JavaThread "Live Reload Server"         daemon [_thread_in_native, id=5692, stack(0x000000a748500000,0x000000a748600000) (1024K)]
  0x000002415f534a00 JavaThread "DestroyJavaVM"                     [_thread_blocked, id=25604, stack(0x000000a745b00000,0x000000a745c00000) (1024K)]
  0x00000241641fc1a0 JavaThread "File Watcher"               daemon [_thread_blocked, id=33708, stack(0x000000a745900000,0x000000a745a00000) (1024K)]
  0x000002415f532930 JavaThread "File Watcher"               daemon [_thread_blocked, id=7384, stack(0x000000a745800000,0x000000a745900000) (1024K)]
  0x000002415f535db0 JavaThread "File Watcher"               daemon [_thread_blocked, id=19272, stack(0x000000a746c00000,0x000000a746d00000) (1024K)]
  0x000002415f536440 JavaThread "File Watcher"               daemon [_thread_blocked, id=9628, stack(0x000000a746f00000,0x000000a747000000) (1024K)]
  0x000002415f536ad0 JavaThread "File Watcher"               daemon [_thread_blocked, id=28692, stack(0x000000a747a00000,0x000000a747b00000) (1024K)]
  0x00000241647e8d90 JavaThread "File Watcher"               daemon [_thread_blocked, id=3828, stack(0x000000a746e00000,0x000000a746f00000) (1024K)]
  0x00000241647e8700 JavaThread "Catalina-utility-1"                [_thread_blocked, id=2488, stack(0x000000a747e00000,0x000000a747f00000) (1024K)]
  0x00000241647e9420 JavaThread "Catalina-utility-2"                [_thread_blocked, id=24472, stack(0x000000a747f00000,0x000000a748000000) (1024K)]
  0x00000241647e9ab0 JavaThread "container-7"                       [_thread_blocked, id=25884, stack(0x000000a748000000,0x000000a748100000) (1024K)]
  0x00000241647ea140 JavaThread "MVStore background writer C:/Hartford/capstone/data/greensure_db.mv.db" daemon [_thread_blocked, id=33052, stack(0x000000a748100000,0x000000a748200000) (1024K)]
  0x00000241647ea7d0 JavaThread "HikariPool-9 housekeeper"   daemon [_thread_blocked, id=24168, stack(0x000000a748200000,0x000000a748300000) (1024K)]
  0x00000241647ec210 JavaThread "H2-serialization"           daemon [_thread_blocked, id=23672, stack(0x000000a748600000,0x000000a748700000) (1024K)]
  0x00000241647ee2e0 JavaThread "H2-save"                    daemon [_thread_blocked, id=16512, stack(0x000000a748700000,0x000000a748800000) (1024K)]
  0x00000241647ec8a0 JavaThread "http-nio-9090-exec-1"       daemon [_thread_blocked, id=23884, stack(0x000000a748b00000,0x000000a748c00000) (1024K)]
  0x00000241647ecf30 JavaThread "http-nio-9090-exec-2"       daemon [_thread_blocked, id=28724, stack(0x000000a748c00000,0x000000a748d00000) (1024K)]
  0x00000241647ef000 JavaThread "http-nio-9090-exec-3"       daemon [_thread_blocked, id=4636, stack(0x000000a748d00000,0x000000a748e00000) (1024K)]
  0x00000241647ef690 JavaThread "http-nio-9090-exec-4"       daemon [_thread_blocked, id=13072, stack(0x000000a748e00000,0x000000a748f00000) (1024K)]
  0x00000241647edc50 JavaThread "http-nio-9090-exec-5"       daemon [_thread_blocked, id=20968, stack(0x000000a748f00000,0x000000a749000000) (1024K)]
  0x00000241647ed5c0 JavaThread "http-nio-9090-exec-6"       daemon [_thread_blocked, id=32952, stack(0x000000a749000000,0x000000a749100000) (1024K)]
  0x000002415f533ce0 JavaThread "http-nio-9090-exec-7"       daemon [_thread_blocked, id=25460, stack(0x000000a749100000,0x000000a749200000) (1024K)]
  0x000002415f533650 JavaThread "http-nio-9090-exec-8"       daemon [_thread_blocked, id=33200, stack(0x000000a749200000,0x000000a749300000) (1024K)]
  0x000002415f532fc0 JavaThread "http-nio-9090-exec-9"       daemon [_thread_blocked, id=1020, stack(0x000000a749300000,0x000000a749400000) (1024K)]
  0x000002415f539230 JavaThread "http-nio-9090-exec-10"      daemon [_thread_blocked, id=3488, stack(0x000000a749400000,0x000000a749500000) (1024K)]
  0x000002415f5398c0 JavaThread "http-nio-9090-Poller"       daemon [_thread_blocked, id=10724, stack(0x000000a749500000,0x000000a749600000) (1024K)]
  0x000002415f537160 JavaThread "http-nio-9090-Acceptor"     daemon [_thread_in_native, id=9516, stack(0x000000a749600000,0x000000a749700000) (1024K)]
  0x000002415f539f50 JavaThread "scheduling-1"                      [_thread_blocked, id=26884, stack(0x000000a749700000,0x000000a749800000) (1024K)]
  0x000002415f537e80 JavaThread "scheduling-2"                      [_thread_blocked, id=4592, stack(0x000000a749800000,0x000000a749900000) (1024K)]
  0x000002415f538ba0 JavaThread "scheduling-3"                      [_thread_blocked, id=33296, stack(0x000000a749900000,0x000000a749a00000) (1024K)]
Total: 39

Other Threads:
=>0x00000241575d3590 VMThread "VM Thread"                           [id=19880, stack(0x000000a746200000,0x000000a746300000) (1024K)]
  0x00000241575bb090 WatcherThread "VM Periodic Task Thread"        [id=25904, stack(0x000000a746100000,0x000000a746200000) (1024K)]
  0x0000024146d491e0 WorkerThread "GC Thread#0"                     [id=19180, stack(0x000000a745c00000,0x000000a745d00000) (1024K)]
  0x000002415c6dc130 WorkerThread "GC Thread#1"                     [id=22444, stack(0x000000a747000000,0x000000a747100000) (1024K)]
  0x000002415c6dc4d0 WorkerThread "GC Thread#2"                     [id=25352, stack(0x000000a747100000,0x000000a747200000) (1024K)]
  0x000002415c6dc870 WorkerThread "GC Thread#3"                     [id=4128, stack(0x000000a747200000,0x000000a747300000) (1024K)]
  0x000002415c6e2ad0 WorkerThread "GC Thread#4"                     [id=21480, stack(0x000000a747300000,0x000000a747400000) (1024K)]
  0x000002415c9bc470 WorkerThread "GC Thread#5"                     [id=28252, stack(0x000000a747600000,0x000000a747700000) (1024K)]
  0x000002415c9bb990 WorkerThread "GC Thread#6"                     [id=29252, stack(0x000000a747700000,0x000000a747800000) (1024K)]
  0x000002415c9bb5f0 WorkerThread "GC Thread#7"                     [id=12540, stack(0x000000a747800000,0x000000a747900000) (1024K)]
  0x000002415c9bbd30 WorkerThread "GC Thread#8"                     [id=28080, stack(0x000000a747900000,0x000000a747a00000) (1024K)]
  0x000002415c9bc0d0 WorkerThread "GC Thread#9"                     [id=23392, stack(0x000000a747500000,0x000000a747600000) (1024K)]
  0x0000024146d5bae0 ConcurrentGCThread "G1 Main Marker"            [id=17944, stack(0x000000a745d00000,0x000000a745e00000) (1024K)]
  0x0000024146d5dc30 WorkerThread "G1 Conc#0"                       [id=29944, stack(0x000000a745e00000,0x000000a745f00000) (1024K)]
  0x000002415d0ce080 WorkerThread "G1 Conc#1"                       [id=27892, stack(0x000000a747b00000,0x000000a747c00000) (1024K)]
  0x000002415d0d0fa0 WorkerThread "G1 Conc#2"                       [id=16396, stack(0x000000a747c00000,0x000000a747d00000) (1024K)]
  0x0000024146dae7d0 ConcurrentGCThread "G1 Refine#0"               [id=29652, stack(0x000000a745f00000,0x000000a746000000) (1024K)]
  0x000002415748d940 ConcurrentGCThread "G1 Service"                [id=29596, stack(0x000000a746000000,0x000000a746100000) (1024K)]
Total: 18

Threads with active compile tasks:
Total: 0

VM state: at safepoint (normal execution)

VM Mutex/Monitor currently owned by a thread:  ([mutex/lock_event])
[0x00007ffb55bfa5f8] Threads_lock - owner thread: 0x00000241575d3590
[0x00007ffb55bfa6f8] Heap_lock - owner thread: 0x000002415f536440

Heap address: 0x000000008ac00000, size: 1876 MB, Compressed Oops mode: 32-bit

CDS archive(s) mapped at: [0x0000024100000000-0x0000024100c90000-0x0000024100c90000), size 13172736, SharedBaseAddress: 0x0000024100000000, ArchiveRelocationMode: 1.
Compressed class space mapped at: 0x0000024101000000-0x0000024141000000, reserved size: 1073741824
Narrow klass base: 0x0000024100000000, Narrow klass shift: 0, Narrow klass range: 0x100000000

GC Precious Log:
 CardTable entry size: 512
 Card Set container configuration: InlinePtr #cards 5 size 8 Array Of Cards #cards 12 size 40 Howl #buckets 4 coarsen threshold 1843 Howl Bitmap #cards 512 size 80 coarsen threshold 460 Card regions per heap region 1 cards per card region 2048
 CPUs: 12 total, 12 available
 Memory: 7502M
 Large Page Support: Disabled
 NUMA Support: Disabled
 Compressed Oops: Enabled (32-bit)
 Heap Region Size: 1M
 Heap Min Capacity: 8M
 Heap Initial Capacity: 118M
 Heap Max Capacity: 1876M
 Pre-touch: Disabled
 Parallel Workers: 10
 Concurrent Workers: 3
 Concurrent Refinement Workers: 10
 Periodic GC: Disabled

Heap:
 garbage-first heap   total 143360K, used 49852K [0x000000008ac00000, 0x0000000100000000)
  region size 1024K, 1 young (1024K), 1 survivors (1024K)
 Metaspace       used 92691K, committed 95616K, reserved 1179648K
  class space    used 13002K, committed 13888K, reserved 1048576K

Heap Regions: E=young(eden), S=young(survivor), O=old, HS=humongous(starts), HC=humongous(continues), CS=collection set, F=free, TAMS=top-at-mark-start, PB=parsable bottom
|   0|0x000000008ac00000, 0x000000008ad00000, 0x000000008ad00000|100%|HS|  |TAMS 0x000000008ac00000| PB 0x000000008ac00000| Complete 
|   1|0x000000008ad00000, 0x000000008ae00000, 0x000000008ae00000|100%|HS|  |TAMS 0x000000008ad00000| PB 0x000000008ad00000| Complete 
|   2|0x000000008ae00000, 0x000000008af00000, 0x000000008af00000|100%| O|  |TAMS 0x000000008ae00000| PB 0x000000008ae00000| Untracked 
|   3|0x000000008af00000, 0x000000008afffff8, 0x000000008b000000| 99%| O|  |TAMS 0x000000008af00000| PB 0x000000008af00000| Untracked 
|   4|0x000000008b000000, 0x000000008b100000, 0x000000008b100000|100%| O|  |TAMS 0x000000008b000000| PB 0x000000008b000000| Untracked 
|   5|0x000000008b100000, 0x000000008b1fffe0, 0x000000008b200000| 99%| O|  |TAMS 0x000000008b100000| PB 0x000000008b100000| Untracked 
|   6|0x000000008b200000, 0x000000008b300000, 0x000000008b300000|100%| O|  |TAMS 0x000000008b200000| PB 0x000000008b200000| Untracked 
|   7|0x000000008b300000, 0x000000008b3ffff0, 0x000000008b400000| 99%| O|  |TAMS 0x000000008b300000| PB 0x000000008b300000| Untracked 
|   8|0x000000008b400000, 0x000000008b500000, 0x000000008b500000|100%| O|  |TAMS 0x000000008b400000| PB 0x000000008b400000| Untracked 
|   9|0x000000008b500000, 0x000000008b5ffff0, 0x000000008b600000| 99%| O|  |TAMS 0x000000008b500000| PB 0x000000008b500000| Untracked 
|  10|0x000000008b600000, 0x000000008b6fb840, 0x000000008b700000| 98%| O|  |TAMS 0x000000008b600000| PB 0x000000008b600000| Untracked 
|  11|0x000000008b700000, 0x000000008b7fffe0, 0x000000008b800000| 99%| O|  |TAMS 0x000000008b700000| PB 0x000000008b700000| Untracked 
|  12|0x000000008b800000, 0x000000008b8fffe0, 0x000000008b900000| 99%| O|  |TAMS 0x000000008b800000| PB 0x000000008b800000| Untracked 
|  13|0x000000008b900000, 0x000000008b9ffff0, 0x000000008ba00000| 99%| O|  |TAMS 0x000000008b900000| PB 0x000000008b900000| Untracked 
|  14|0x000000008ba00000, 0x000000008baffd88, 0x000000008bb00000| 99%| O|  |TAMS 0x000000008ba00000| PB 0x000000008ba00000| Untracked 
|  15|0x000000008bb00000, 0x000000008bbffff0, 0x000000008bc00000| 99%| O|  |TAMS 0x000000008bb00000| PB 0x000000008bb00000| Untracked 
|  16|0x000000008bc00000, 0x000000008bcffff8, 0x000000008bd00000| 99%| O|  |TAMS 0x000000008bc00000| PB 0x000000008bc00000| Untracked 
|  17|0x000000008bd00000, 0x000000008bdffff8, 0x000000008be00000| 99%| O|  |TAMS 0x000000008bd00000| PB 0x000000008bd00000| Untracked 
|  18|0x000000008be00000, 0x000000008befffe8, 0x000000008bf00000| 99%| O|  |TAMS 0x000000008be00000| PB 0x000000008be00000| Untracked 
|  19|0x000000008bf00000, 0x000000008bffff98, 0x000000008c000000| 99%| O|  |TAMS 0x000000008bf00000| PB 0x000000008bf00000| Untracked 
|  20|0x000000008c000000, 0x000000008c0ffff0, 0x000000008c100000| 99%| O|  |TAMS 0x000000008c000000| PB 0x000000008c000000| Untracked 
|  21|0x000000008c100000, 0x000000008c1fffe8, 0x000000008c200000| 99%| O|  |TAMS 0x000000008c100000| PB 0x000000008c100000| Untracked 
|  22|0x000000008c200000, 0x000000008c300000, 0x000000008c300000|100%| O|  |TAMS 0x000000008c200000| PB 0x000000008c200000| Untracked 
|  23|0x000000008c300000, 0x000000008c400000, 0x000000008c400000|100%| O|  |TAMS 0x000000008c300000| PB 0x000000008c300000| Untracked 
|  24|0x000000008c400000, 0x000000008c4fffd8, 0x000000008c500000| 99%| O|  |TAMS 0x000000008c400000| PB 0x000000008c400000| Untracked 
|  25|0x000000008c500000, 0x000000008c5ffff8, 0x000000008c600000| 99%| O|  |TAMS 0x000000008c500000| PB 0x000000008c500000| Untracked 
|  26|0x000000008c600000, 0x000000008c6ffc68, 0x000000008c700000| 99%| O|  |TAMS 0x000000008c600000| PB 0x000000008c600000| Untracked 
|  27|0x000000008c700000, 0x000000008c7fffe8, 0x000000008c800000| 99%| O|  |TAMS 0x000000008c700000| PB 0x000000008c700000| Untracked 
|  28|0x000000008c800000, 0x000000008c900000, 0x000000008c900000|100%| O|  |TAMS 0x000000008c800000| PB 0x000000008c800000| Untracked 
|  29|0x000000008c900000, 0x000000008ca00000, 0x000000008ca00000|100%| O|  |TAMS 0x000000008c900000| PB 0x000000008c900000| Untracked 
|  30|0x000000008ca00000, 0x000000008cb00000, 0x000000008cb00000|100%| O|  |TAMS 0x000000008ca00000| PB 0x000000008ca00000| Untracked 
|  31|0x000000008cb00000, 0x000000008cc00000, 0x000000008cc00000|100%| O|  |TAMS 0x000000008cb00000| PB 0x000000008cb00000| Untracked 
|  32|0x000000008cc00000, 0x000000008cd00000, 0x000000008cd00000|100%| O|  |TAMS 0x000000008cc00000| PB 0x000000008cc00000| Untracked 
|  33|0x000000008cd00000, 0x000000008ce00000, 0x000000008ce00000|100%| O|  |TAMS 0x000000008cd00000| PB 0x000000008cd00000| Untracked 
|  34|0x000000008ce00000, 0x000000008ce33310, 0x000000008cf00000| 19%| O|  |TAMS 0x000000008ce00000| PB 0x000000008ce00000| Untracked 
|  35|0x000000008cf00000, 0x000000008d000000, 0x000000008d000000|100%| O|  |TAMS 0x000000008cf00000| PB 0x000000008cf00000| Untracked 
|  36|0x000000008d000000, 0x000000008d000000, 0x000000008d100000|  0%| F|  |TAMS 0x000000008d000000| PB 0x000000008d000000| Untracked 
|  37|0x000000008d100000, 0x000000008d100000, 0x000000008d200000|  0%| F|  |TAMS 0x000000008d100000| PB 0x000000008d100000| Untracked 
|  38|0x000000008d200000, 0x000000008d300000, 0x000000008d300000|100%| O|  |TAMS 0x000000008d200000| PB 0x000000008d200000| Untracked 
|  39|0x000000008d300000, 0x000000008d300000, 0x000000008d400000|  0%| F|  |TAMS 0x000000008d300000| PB 0x000000008d300000| Untracked 
|  40|0x000000008d400000, 0x000000008d400000, 0x000000008d500000|  0%| F|  |TAMS 0x000000008d400000| PB 0x000000008d400000| Untracked 
|  41|0x000000008d500000, 0x000000008d5fffc0, 0x000000008d600000| 99%| O|  |TAMS 0x000000008d500000| PB 0x000000008d500000| Untracked 
|  42|0x000000008d600000, 0x000000008d700000, 0x000000008d700000|100%|HS|  |TAMS 0x000000008d600000| PB 0x000000008d600000| Complete 
|  43|0x000000008d700000, 0x000000008d800000, 0x000000008d800000|100%|HC|  |TAMS 0x000000008d700000| PB 0x000000008d700000| Complete 
|  44|0x000000008d800000, 0x000000008d800000, 0x000000008d900000|  0%| F|  |TAMS 0x000000008d800000| PB 0x000000008d800000| Untracked 
|  45|0x000000008d900000, 0x000000008d900000, 0x000000008da00000|  0%| F|  |TAMS 0x000000008d900000| PB 0x000000008d900000| Untracked 
|  46|0x000000008da00000, 0x000000008db00000, 0x000000008db00000|100%| O|  |TAMS 0x000000008da00000| PB 0x000000008da00000| Untracked 
|  47|0x000000008db00000, 0x000000008dc00000, 0x000000008dc00000|100%| O|  |TAMS 0x000000008db00000| PB 0x000000008db00000| Untracked 
|  48|0x000000008dc00000, 0x000000008dc00000, 0x000000008dd00000|  0%| F|  |TAMS 0x000000008dc00000| PB 0x000000008dc00000| Untracked 
|  49|0x000000008dd00000, 0x000000008dd00000, 0x000000008de00000|  0%| F|  |TAMS 0x000000008dd00000| PB 0x000000008dd00000| Untracked 
|  50|0x000000008de00000, 0x000000008de00000, 0x000000008df00000|  0%| F|  |TAMS 0x000000008de00000| PB 0x000000008de00000| Untracked 
|  51|0x000000008df00000, 0x000000008df00000, 0x000000008e000000|  0%| F|  |TAMS 0x000000008df00000| PB 0x000000008df00000| Untracked 
|  52|0x000000008e000000, 0x000000008e000000, 0x000000008e100000|  0%| F|  |TAMS 0x000000008e000000| PB 0x000000008e000000| Untracked 
|  53|0x000000008e100000, 0x000000008e200000, 0x000000008e200000|100%| O|  |TAMS 0x000000008e100000| PB 0x000000008e100000| Untracked 
|  54|0x000000008e200000, 0x000000008e200000, 0x000000008e300000|  0%| F|  |TAMS 0x000000008e200000| PB 0x000000008e200000| Untracked 
|  55|0x000000008e300000, 0x000000008e300000, 0x000000008e400000|  0%| F|  |TAMS 0x000000008e300000| PB 0x000000008e300000| Untracked 
|  56|0x000000008e400000, 0x000000008e400000, 0x000000008e500000|  0%| F|  |TAMS 0x000000008e400000| PB 0x000000008e400000| Untracked 
|  57|0x000000008e500000, 0x000000008e600000, 0x000000008e600000|100%| O|  |TAMS 0x000000008e500000| PB 0x000000008e500000| Untracked 
|  58|0x000000008e600000, 0x000000008e700000, 0x000000008e700000|100%| O|Cm|TAMS 0x000000008e600000| PB 0x000000008e600000| Complete 
|  59|0x000000008e700000, 0x000000008e700000, 0x000000008e800000|  0%| F|  |TAMS 0x000000008e700000| PB 0x000000008e700000| Untracked 
|  60|0x000000008e800000, 0x000000008e800000, 0x000000008e900000|  0%| F|  |TAMS 0x000000008e800000| PB 0x000000008e800000| Untracked 
|  61|0x000000008e900000, 0x000000008e900000, 0x000000008ea00000|  0%| F|  |TAMS 0x000000008e900000| PB 0x000000008e900000| Untracked 
|  62|0x000000008ea00000, 0x000000008eb00000, 0x000000008eb00000|100%| O|  |TAMS 0x000000008ea00000| PB 0x000000008ea00000| Untracked 
|  63|0x000000008eb00000, 0x000000008ec00000, 0x000000008ec00000|100%| O|  |TAMS 0x000000008eb00000| PB 0x000000008eb00000| Untracked 
|  64|0x000000008ec00000, 0x000000008ed00000, 0x000000008ed00000|100%| O|  |TAMS 0x000000008ec00000| PB 0x000000008ec00000| Untracked 
|  65|0x000000008ed00000, 0x000000008ee00000, 0x000000008ee00000|100%| O|Cm|TAMS 0x000000008ed00000| PB 0x000000008ed00000| Complete 
|  66|0x000000008ee00000, 0x000000008ee00000, 0x000000008ef00000|  0%| F|  |TAMS 0x000000008ee00000| PB 0x000000008ee00000| Untracked 
|  67|0x000000008ef00000, 0x000000008ef00000, 0x000000008f000000|  0%| F|  |TAMS 0x000000008ef00000| PB 0x000000008ef00000| Untracked 
|  68|0x000000008f000000, 0x000000008f000000, 0x000000008f100000|  0%| F|  |TAMS 0x000000008f000000| PB 0x000000008f000000| Untracked 
|  69|0x000000008f100000, 0x000000008f100000, 0x000000008f200000|  0%| F|  |TAMS 0x000000008f100000| PB 0x000000008f100000| Untracked 
|  70|0x000000008f200000, 0x000000008f200000, 0x000000008f300000|  0%| F|  |TAMS 0x000000008f200000| PB 0x000000008f200000| Untracked 
|  71|0x000000008f300000, 0x000000008f300000, 0x000000008f400000|  0%| F|  |TAMS 0x000000008f300000| PB 0x000000008f300000| Untracked 
|  72|0x000000008f400000, 0x000000008f400000, 0x000000008f500000|  0%| F|  |TAMS 0x000000008f400000| PB 0x000000008f400000| Untracked 
|  73|0x000000008f500000, 0x000000008f500000, 0x000000008f600000|  0%| F|  |TAMS 0x000000008f500000| PB 0x000000008f500000| Untracked 
|  74|0x000000008f600000, 0x000000008f600000, 0x000000008f700000|  0%| F|  |TAMS 0x000000008f600000| PB 0x000000008f600000| Untracked 
|  75|0x000000008f700000, 0x000000008f700000, 0x000000008f800000|  0%| F|  |TAMS 0x000000008f700000| PB 0x000000008f700000| Untracked 
|  76|0x000000008f800000, 0x000000008f800000, 0x000000008f900000|  0%| F|  |TAMS 0x000000008f800000| PB 0x000000008f800000| Untracked 
|  77|0x000000008f900000, 0x000000008f900000, 0x000000008fa00000|  0%| F|  |TAMS 0x000000008f900000| PB 0x000000008f900000| Untracked 
|  78|0x000000008fa00000, 0x000000008fa00000, 0x000000008fb00000|  0%| F|  |TAMS 0x000000008fa00000| PB 0x000000008fa00000| Untracked 
|  79|0x000000008fb00000, 0x000000008fb00000, 0x000000008fc00000|  0%| F|  |TAMS 0x000000008fb00000| PB 0x000000008fb00000| Untracked 
|  80|0x000000008fc00000, 0x000000008fc00000, 0x000000008fd00000|  0%| F|  |TAMS 0x000000008fc00000| PB 0x000000008fc00000| Untracked 
|  81|0x000000008fd00000, 0x000000008fd00000, 0x000000008fe00000|  0%| F|  |TAMS 0x000000008fd00000| PB 0x000000008fd00000| Untracked 
|  82|0x000000008fe00000, 0x000000008fe00000, 0x000000008ff00000|  0%| F|  |TAMS 0x000000008fe00000| PB 0x000000008fe00000| Untracked 
|  83|0x000000008ff00000, 0x000000008ff00000, 0x0000000090000000|  0%| F|  |TAMS 0x000000008ff00000| PB 0x000000008ff00000| Untracked 
|  84|0x0000000090000000, 0x0000000090000000, 0x0000000090100000|  0%| F|  |TAMS 0x0000000090000000| PB 0x0000000090000000| Untracked 
|  85|0x0000000090100000, 0x0000000090100000, 0x0000000090200000|  0%| F|  |TAMS 0x0000000090100000| PB 0x0000000090100000| Untracked 
|  86|0x0000000090200000, 0x0000000090200000, 0x0000000090300000|  0%| F|  |TAMS 0x0000000090200000| PB 0x0000000090200000| Untracked 
|  87|0x0000000090300000, 0x0000000090300000, 0x0000000090400000|  0%| F|  |TAMS 0x0000000090300000| PB 0x0000000090300000| Untracked 
|  88|0x0000000090400000, 0x0000000090400000, 0x0000000090500000|  0%| F|  |TAMS 0x0000000090400000| PB 0x0000000090400000| Untracked 
|  89|0x0000000090500000, 0x0000000090500000, 0x0000000090600000|  0%| F|  |TAMS 0x0000000090500000| PB 0x0000000090500000| Untracked 
|  90|0x0000000090600000, 0x0000000090600000, 0x0000000090700000|  0%| F|  |TAMS 0x0000000090600000| PB 0x0000000090600000| Untracked 
|  91|0x0000000090700000, 0x0000000090700000, 0x0000000090800000|  0%| F|  |TAMS 0x0000000090700000| PB 0x0000000090700000| Untracked 
|  92|0x0000000090800000, 0x0000000090800000, 0x0000000090900000|  0%| F|  |TAMS 0x0000000090800000| PB 0x0000000090800000| Untracked 
|  93|0x0000000090900000, 0x0000000090900000, 0x0000000090a00000|  0%| F|  |TAMS 0x0000000090900000| PB 0x0000000090900000| Untracked 
|  94|0x0000000090a00000, 0x0000000090a00000, 0x0000000090b00000|  0%| F|  |TAMS 0x0000000090a00000| PB 0x0000000090a00000| Untracked 
|  95|0x0000000090b00000, 0x0000000090b00000, 0x0000000090c00000|  0%| F|  |TAMS 0x0000000090b00000| PB 0x0000000090b00000| Untracked 
|  96|0x0000000090c00000, 0x0000000090c00000, 0x0000000090d00000|  0%| F|  |TAMS 0x0000000090c00000| PB 0x0000000090c00000| Untracked 
|  97|0x0000000090d00000, 0x0000000090d00000, 0x0000000090e00000|  0%| F|  |TAMS 0x0000000090d00000| PB 0x0000000090d00000| Untracked 
|  98|0x0000000090e00000, 0x0000000090e00000, 0x0000000090f00000|  0%| F|  |TAMS 0x0000000090e00000| PB 0x0000000090e00000| Untracked 
|  99|0x0000000090f00000, 0x0000000090f00000, 0x0000000091000000|  0%| F|  |TAMS 0x0000000090f00000| PB 0x0000000090f00000| Untracked 
| 100|0x0000000091000000, 0x0000000091000000, 0x0000000091100000|  0%| F|  |TAMS 0x0000000091000000| PB 0x0000000091000000| Untracked 
| 101|0x0000000091100000, 0x0000000091100000, 0x0000000091200000|  0%| F|  |TAMS 0x0000000091100000| PB 0x0000000091100000| Untracked 
| 102|0x0000000091200000, 0x0000000091200000, 0x0000000091300000|  0%| F|  |TAMS 0x0000000091200000| PB 0x0000000091200000| Untracked 
| 103|0x0000000091300000, 0x0000000091300000, 0x0000000091400000|  0%| F|  |TAMS 0x0000000091300000| PB 0x0000000091300000| Untracked 
| 104|0x0000000091400000, 0x0000000091400000, 0x0000000091500000|  0%| F|  |TAMS 0x0000000091400000| PB 0x0000000091400000| Untracked 
| 105|0x0000000091500000, 0x0000000091500000, 0x0000000091600000|  0%| F|  |TAMS 0x0000000091500000| PB 0x0000000091500000| Untracked 
| 106|0x0000000091600000, 0x0000000091600000, 0x0000000091700000|  0%| F|  |TAMS 0x0000000091600000| PB 0x0000000091600000| Untracked 
| 107|0x0000000091700000, 0x0000000091700000, 0x0000000091800000|  0%| F|  |TAMS 0x0000000091700000| PB 0x0000000091700000| Untracked 
| 108|0x0000000091800000, 0x0000000091800000, 0x0000000091900000|  0%| F|  |TAMS 0x0000000091800000| PB 0x0000000091800000| Untracked 
| 109|0x0000000091900000, 0x0000000091900000, 0x0000000091a00000|  0%| F|  |TAMS 0x0000000091900000| PB 0x0000000091900000| Untracked 
| 110|0x0000000091a00000, 0x0000000091a00000, 0x0000000091b00000|  0%| F|  |TAMS 0x0000000091a00000| PB 0x0000000091a00000| Untracked 
| 111|0x0000000091b00000, 0x0000000091b00000, 0x0000000091c00000|  0%| F|  |TAMS 0x0000000091b00000| PB 0x0000000091b00000| Untracked 
| 112|0x0000000091c00000, 0x0000000091c00000, 0x0000000091d00000|  0%| F|  |TAMS 0x0000000091c00000| PB 0x0000000091c00000| Untracked 
| 113|0x0000000091d00000, 0x0000000091d00000, 0x0000000091e00000|  0%| F|  |TAMS 0x0000000091d00000| PB 0x0000000091d00000| Untracked 
| 114|0x0000000091e00000, 0x0000000091e00000, 0x0000000091f00000|  0%| F|  |TAMS 0x0000000091e00000| PB 0x0000000091e00000| Untracked 
| 115|0x0000000091f00000, 0x0000000091f00000, 0x0000000092000000|  0%| F|  |TAMS 0x0000000091f00000| PB 0x0000000091f00000| Untracked 
| 116|0x0000000092000000, 0x0000000092000000, 0x0000000092100000|  0%| F|  |TAMS 0x0000000092000000| PB 0x0000000092000000| Untracked 
| 117|0x0000000092100000, 0x0000000092100000, 0x0000000092200000|  0%| F|  |TAMS 0x0000000092100000| PB 0x0000000092100000| Untracked 
| 118|0x0000000092200000, 0x0000000092200000, 0x0000000092300000|  0%| F|  |TAMS 0x0000000092200000| PB 0x0000000092200000| Untracked 
| 119|0x0000000092300000, 0x0000000092300000, 0x0000000092400000|  0%| F|  |TAMS 0x0000000092300000| PB 0x0000000092300000| Untracked 
| 120|0x0000000092400000, 0x0000000092400000, 0x0000000092500000|  0%| F|  |TAMS 0x0000000092400000| PB 0x0000000092400000| Untracked 
| 121|0x0000000092500000, 0x0000000092500000, 0x0000000092600000|  0%| F|  |TAMS 0x0000000092500000| PB 0x0000000092500000| Untracked 
| 122|0x0000000092600000, 0x0000000092600000, 0x0000000092700000|  0%| F|  |TAMS 0x0000000092600000| PB 0x0000000092600000| Untracked 
| 123|0x0000000092700000, 0x0000000092700000, 0x0000000092800000|  0%| F|  |TAMS 0x0000000092700000| PB 0x0000000092700000| Untracked 
| 124|0x0000000092800000, 0x0000000092800000, 0x0000000092900000|  0%| F|  |TAMS 0x0000000092800000| PB 0x0000000092800000| Untracked 
| 125|0x0000000092900000, 0x0000000092900000, 0x0000000092a00000|  0%| F|  |TAMS 0x0000000092900000| PB 0x0000000092900000| Untracked 
| 126|0x0000000092a00000, 0x0000000092a00000, 0x0000000092b00000|  0%| F|  |TAMS 0x0000000092a00000| PB 0x0000000092a00000| Untracked 
| 127|0x0000000092b00000, 0x0000000092b00000, 0x0000000092c00000|  0%| F|  |TAMS 0x0000000092b00000| PB 0x0000000092b00000| Untracked 
| 128|0x0000000092c00000, 0x0000000092c00000, 0x0000000092d00000|  0%| F|  |TAMS 0x0000000092c00000| PB 0x0000000092c00000| Untracked 
| 129|0x0000000092d00000, 0x0000000092d00000, 0x0000000092e00000|  0%| F|  |TAMS 0x0000000092d00000| PB 0x0000000092d00000| Untracked 
| 130|0x0000000092e00000, 0x0000000092e00000, 0x0000000092f00000|  0%| F|  |TAMS 0x0000000092e00000| PB 0x0000000092e00000| Untracked 
| 131|0x0000000092f00000, 0x0000000092f00000, 0x0000000093000000|  0%| F|  |TAMS 0x0000000092f00000| PB 0x0000000092f00000| Untracked 
| 132|0x0000000093000000, 0x0000000093000000, 0x0000000093100000|  0%| F|  |TAMS 0x0000000093000000| PB 0x0000000093000000| Untracked 
| 133|0x0000000093100000, 0x0000000093180f88, 0x0000000093200000| 50%| S|CS|TAMS 0x0000000093100000| PB 0x0000000093100000| Complete 
| 134|0x0000000093200000, 0x0000000093200000, 0x0000000093300000|  0%| F|  |TAMS 0x0000000093200000| PB 0x0000000093200000| Untracked 
| 135|0x0000000093300000, 0x0000000093300000, 0x0000000093400000|  0%| F|  |TAMS 0x0000000093300000| PB 0x0000000093300000| Untracked 
| 136|0x0000000093400000, 0x0000000093400000, 0x0000000093500000|  0%| F|  |TAMS 0x0000000093400000| PB 0x0000000093400000| Untracked 
| 137|0x0000000093500000, 0x0000000093500000, 0x0000000093600000|  0%| F|  |TAMS 0x0000000093500000| PB 0x0000000093500000| Untracked 
| 138|0x0000000093600000, 0x0000000093600000, 0x0000000093700000|  0%| F|  |TAMS 0x0000000093600000| PB 0x0000000093600000| Untracked 
| 139|0x0000000093700000, 0x0000000093700000, 0x0000000093800000|  0%| F|  |TAMS 0x0000000093700000| PB 0x0000000093700000| Untracked 

Card table byte_map: [0x0000024152820000,0x0000024152bd0000] _byte_map_base: 0x00000241523ca000

Marking Bits: (CMBitMap*) 0x0000024146d498e0
 Bits: [0x0000024152bd0000, 0x0000024154920000)

Polling page: 0x0000024144c90000

Metaspace:

Usage:
  Non-class:     77.82 MB used.
      Class:     12.70 MB used.
       Both:     90.52 MB used.

Virtual space:
  Non-class space:      128.00 MB reserved,      79.81 MB ( 62%) committed,  2 nodes.
      Class space:        1.00 GB reserved,      13.56 MB (  1%) committed,  1 nodes.
             Both:        1.12 GB reserved,      93.38 MB (  8%) committed. 

Chunk freelists:
   Non-Class:  17.39 MB
       Class:  3.00 MB
        Both:  20.39 MB

MaxMetaspaceSize: unlimited
CompressedClassSpaceSize: 1.00 GB
Initial GC threshold: 21.00 MB
Current GC threshold: 159.50 MB
CDS: on
 - commit_granule_bytes: 65536.
 - commit_granule_words: 8192.
 - virtual_space_node_default_size: 8388608.
 - enlarge_chunks_in_place: 1.
 - use_allocation_guard: 0.


Internal statistics:

num_allocs_failed_limit: 6.
num_arena_births: 2396.
num_arena_deaths: 1450.
num_vsnodes_births: 3.
num_vsnodes_deaths: 0.
num_space_committed: 1559.
num_space_uncommitted: 35.
num_chunks_returned_to_freelist: 2432.
num_chunks_taken_from_freelist: 7190.
num_chunk_merges: 491.
num_chunk_splits: 4241.
num_chunks_enlarged: 3190.
num_inconsistent_stats: 0.

CodeCache: size=49152Kb used=6375Kb max_used=24552Kb free=42776Kb
 bounds [0x000002414f140000, 0x0000024150940000, 0x0000024152140000]
 total_blobs=3531 nmethods=2786 adapters=668
 compilation: enabled
              stopped_count=0, restarted_count=0
 full_count=0

Compilation events (20 events):
Event: 1669.032 Thread 0x0000024157602210 19677       1       org.hibernate.tuple.entity.EntityMetamodel::getSubclassId (5 bytes)
Event: 1669.033 Thread 0x0000024157602210 nmethod 19677 0x000002414f276e90 code [0x000002414f277020, 0x000002414f2770e8]
Event: 1669.033 Thread 0x0000024157602210 19676       1       org.hibernate.type.AbstractStandardBasicType::getTypeForEqualsHashCode (5 bytes)
Event: 1669.034 Thread 0x0000024157602210 nmethod 19676 0x000002414f27d810 code [0x000002414f27d9a0, 0x000002414f27da68]
Event: 1673.478 Thread 0x0000024157602210 19678       1       java.util.concurrent.ConcurrentHashMap::mappingCount (17 bytes)
Event: 1673.479 Thread 0x0000024157602210 nmethod 19678 0x000002414f28cc90 code [0x000002414f28ce40, 0x000002414f28cf40]
Event: 1763.516 Thread 0x0000024157602210 19679   !   1       org.apache.catalina.core.StandardContext::getResources (38 bytes)
Event: 1763.532 Thread 0x0000024157602210 nmethod 19679 0x000002414f608590 code [0x000002414f608780, 0x000002414f608a90]
Event: 2001.312 Thread 0x0000024157602210 19680       1       java.nio.charset.CharsetEncoder::maxBytesPerChar (5 bytes)
Event: 2001.323 Thread 0x0000024157602210 nmethod 19680 0x000002414f246a90 code [0x000002414f246c20, 0x000002414f246ce8]
Event: 2001.323 Thread 0x0000024157602210 19681       1       java.lang.StackTraceElement::length (13 bytes)
Event: 2001.329 Thread 0x0000024157602210 nmethod 19681 0x000002414f24eb90 code [0x000002414f24ed20, 0x000002414f24ee18]
Event: 2001.329 Thread 0x0000024157602210 19684       1       java.io.BufferedWriter::implWrite (100 bytes)
Event: 2001.346 Thread 0x0000024157602210 nmethod 19684 0x000002414f31b490 code [0x000002414f31b660, 0x000002414f31b8f8]
Event: 2001.346 Thread 0x0000024157602210 19685       1       java.io.BufferedWriter::growIfNeeded (63 bytes)
Event: 2001.362 Thread 0x0000024157602210 nmethod 19685 0x000002414f279990 code [0x000002414f279b60, 0x000002414f279e88]
Event: 2001.363 Thread 0x0000024157602210 19682       1       java.io.Writer::write (11 bytes)
Event: 2001.363 Thread 0x0000024157602210 nmethod 19682 0x000002414f258510 code [0x000002414f2586c0, 0x000002414f2587d8]
Event: 2001.363 Thread 0x0000024157602210 19683   !   1       java.io.BufferedWriter::write (82 bytes)
Event: 2001.409 Thread 0x0000024157602210 nmethod 19683 0x000002414f4d3f10 code [0x000002414f4d4140, 0x000002414f4d46a0]

GC Heap History (20 events):
Event: 1624.882 GC heap after
{Heap after GC invocations=102 (full 4):
 garbage-first heap   total 143360K, used 52957K [0x000000008ac00000, 0x0000000100000000)
  region size 1024K, 1 young (1024K), 1 survivors (1024K)
 Metaspace       used 92654K, committed 95616K, reserved 1179648K
  class space    used 12987K, committed 13888K, reserved 1048576K
}
Event: 1668.899 GC heap before
{Heap before GC invocations=102 (full 4):
 garbage-first heap   total 143360K, used 133853K [0x000000008ac00000, 0x0000000100000000)
  region size 1024K, 80 young (81920K), 1 survivors (1024K)
 Metaspace       used 92680K, committed 95616K, reserved 1179648K
  class space    used 12999K, committed 13888K, reserved 1048576K
}
Event: 1668.931 GC heap after
{Heap after GC invocations=103 (full 4):
 garbage-first heap   total 143360K, used 51330K [0x000000008ac00000, 0x0000000100000000)
  region size 1024K, 1 young (1024K), 1 survivors (1024K)
 Metaspace       used 92680K, committed 95616K, reserved 1179648K
  class space    used 12999K, committed 13888K, reserved 1048576K
}
Event: 1714.307 GC heap before
{Heap before GC invocations=103 (full 4):
 garbage-first heap   total 143360K, used 134274K [0x000000008ac00000, 0x0000000100000000)
  region size 1024K, 82 young (83968K), 1 survivors (1024K)
 Metaspace       used 92687K, committed 95616K, reserved 1179648K
  class space    used 13001K, committed 13888K, reserved 1048576K
}
Event: 1714.318 GC heap after
{Heap after GC invocations=104 (full 4):
 garbage-first heap   total 143360K, used 51378K [0x000000008ac00000, 0x0000000100000000)
  region size 1024K, 1 young (1024K), 1 survivors (1024K)
 Metaspace       used 92687K, committed 95616K, reserved 1179648K
  class space    used 13001K, committed 13888K, reserved 1048576K
}
Event: 1759.719 GC heap before
{Heap before GC invocations=105 (full 4):
 garbage-first heap   total 143360K, used 134322K [0x000000008ac00000, 0x0000000100000000)
  region size 1024K, 82 young (83968K), 1 survivors (1024K)
 Metaspace       used 92687K, committed 95616K, reserved 1179648K
  class space    used 13001K, committed 13888K, reserved 1048576K
}
Event: 1759.724 GC heap after
{Heap after GC invocations=106 (full 4):
 garbage-first heap   total 143360K, used 51505K [0x000000008ac00000, 0x0000000100000000)
  region size 1024K, 1 young (1024K), 1 survivors (1024K)
 Metaspace       used 92687K, committed 95616K, reserved 1179648K
  class space    used 13001K, committed 13888K, reserved 1048576K
}
Event: 1805.648 GC heap before
{Heap before GC invocations=106 (full 4):
 garbage-first heap   total 143360K, used 134449K [0x000000008ac00000, 0x0000000100000000)
  region size 1024K, 82 young (83968K), 1 survivors (1024K)
 Metaspace       used 92687K, committed 95616K, reserved 1179648K
  class space    used 13001K, committed 13888K, reserved 1048576K
}
Event: 1805.681 GC heap after
{Heap after GC invocations=107 (full 4):
 garbage-first heap   total 143360K, used 50350K [0x000000008ac00000, 0x0000000100000000)
  region size 1024K, 1 young (1024K), 1 survivors (1024K)
 Metaspace       used 92687K, committed 95616K, reserved 1179648K
  class space    used 13001K, committed 13888K, reserved 1048576K
}
Event: 1853.813 GC heap before
{Heap before GC invocations=107 (full 4):
 garbage-first heap   total 143360K, used 134318K [0x000000008ac00000, 0x0000000100000000)
  region size 1024K, 83 young (84992K), 1 survivors (1024K)
 Metaspace       used 92687K, committed 95616K, reserved 1179648K
  class space    used 13001K, committed 13888K, reserved 1048576K
}
Event: 1853.827 GC heap after
{Heap after GC invocations=108 (full 4):
 garbage-first heap   total 143360K, used 50557K [0x000000008ac00000, 0x0000000100000000)
  region size 1024K, 1 young (1024K), 1 survivors (1024K)
 Metaspace       used 92687K, committed 95616K, reserved 1179648K
  class space    used 13001K, committed 13888K, reserved 1048576K
}
Event: 1930.289 GC heap before
{Heap before GC invocations=109 (full 4):
 garbage-first heap   total 143360K, used 134525K [0x000000008ac00000, 0x0000000100000000)
  region size 1024K, 83 young (84992K), 1 survivors (1024K)
 Metaspace       used 92687K, committed 95616K, reserved 1179648K
  class space    used 13001K, committed 13888K, reserved 1048576K
}
Event: 1931.367 GC heap after
{Heap after GC invocations=110 (full 4):
 garbage-first heap   total 143360K, used 50792K [0x000000008ac00000, 0x0000000100000000)
  region size 1024K, 1 young (1024K), 1 survivors (1024K)
 Metaspace       used 92687K, committed 95616K, reserved 1179648K
  class space    used 13001K, committed 13888K, reserved 1048576K
}
Event: 1978.838 GC heap before
{Heap before GC invocations=110 (full 4):
 garbage-first heap   total 143360K, used 130664K [0x000000008ac00000, 0x0000000100000000)
  region size 1024K, 79 young (80896K), 1 survivors (1024K)
 Metaspace       used 92687K, committed 95616K, reserved 1179648K
  class space    used 13001K, committed 13888K, reserved 1048576K
}
Event: 1979.332 GC heap after
{Heap after GC invocations=111 (full 4):
 garbage-first heap   total 143360K, used 50258K [0x000000008ac00000, 0x0000000100000000)
  region size 1024K, 1 young (1024K), 1 survivors (1024K)
 Metaspace       used 92687K, committed 95616K, reserved 1179648K
  class space    used 13001K, committed 13888K, reserved 1048576K
}
Event: 1982.542 GC heap before
{Heap before GC invocations=111 (full 4):
 garbage-first heap   total 143360K, used 56402K [0x000000008ac00000, 0x0000000100000000)
  region size 1024K, 7 young (7168K), 1 survivors (1024K)
 Metaspace       used 92687K, committed 95616K, reserved 1179648K
  class space    used 13001K, committed 13888K, reserved 1048576K
}
Event: 1982.574 GC heap after
{Heap after GC invocations=112 (full 4):
 garbage-first heap   total 143360K, used 49772K [0x000000008ac00000, 0x0000000100000000)
  region size 1024K, 1 young (1024K), 1 survivors (1024K)
 Metaspace       used 92687K, committed 95616K, reserved 1179648K
  class space    used 13001K, committed 13888K, reserved 1048576K
}
Event: 2005.966 GC heap before
{Heap before GC invocations=112 (full 4):
 garbage-first heap   total 143360K, used 86636K [0x000000008ac00000, 0x0000000100000000)
  region size 1024K, 37 young (37888K), 1 survivors (1024K)
 Metaspace       used 92691K, committed 95616K, reserved 1179648K
  class space    used 13002K, committed 13888K, reserved 1048576K
}
Event: 2006.835 GC heap after
{Heap after GC invocations=113 (full 4):
 garbage-first heap   total 143360K, used 49559K [0x000000008ac00000, 0x0000000100000000)
  region size 1024K, 1 young (1024K), 1 survivors (1024K)
 Metaspace       used 92691K, committed 95616K, reserved 1179648K
  class space    used 13002K, committed 13888K, reserved 1048576K
}
Event: 2012.564 GC heap before
{Heap before GC invocations=114 (full 4):
 garbage-first heap   total 143360K, used 55703K [0x000000008ac00000, 0x0000000100000000)
  region size 1024K, 7 young (7168K), 1 survivors (1024K)
 Metaspace       used 92691K, committed 95616K, reserved 1179648K
  class space    used 13002K, committed 13888K, reserved 1048576K
}

Dll operation events (12 events):
Event: 0.046 Loaded shared library C:\Program Files\Java\jdk-21\bin\java.dll
Event: 0.535 Loaded shared library C:\Program Files\Java\jdk-21\bin\zip.dll
Event: 0.547 Loaded shared library C:\Program Files\Java\jdk-21\bin\instrument.dll
Event: 0.562 Loaded shared library C:\Program Files\Java\jdk-21\bin\net.dll
Event: 0.569 Loaded shared library C:\Program Files\Java\jdk-21\bin\nio.dll
Event: 0.590 Loaded shared library C:\Program Files\Java\jdk-21\bin\zip.dll
Event: 1.250 Loaded shared library C:\Program Files\Java\jdk-21\bin\extnet.dll
Event: 1.329 Loaded shared library C:\Program Files\Java\jdk-21\bin\verify.dll
Event: 1.351 Loaded shared library C:\Program Files\Java\jdk-21\bin\jimage.dll
Event: 2.581 Loaded shared library C:\Program Files\Java\jdk-21\bin\management.dll
Event: 2.589 Loaded shared library C:\Program Files\Java\jdk-21\bin\management_ext.dll
Event: 8.157 Loaded shared library C:\Program Files\Java\jdk-21\bin\sunmscapi.dll

Deoptimization events (14 events):
Event: 6.597 Thread 0x000002415c6dcc10 DEOPT PACKING pc=0x000002414f6659f9 sp=0x000000a7474fd3f0
Event: 6.597 Thread 0x000002415c6dcc10 DEOPT UNPACKING pc=0x000002414f194e42 sp=0x000000a7474fc8d0 mode 3
Event: 7.166 Thread 0x000002415c6dcc10 DEOPT PACKING pc=0x000002414f6df35d sp=0x000000a7474fd8b0
Event: 7.166 Thread 0x000002415c6dcc10 DEOPT UNPACKING pc=0x000002414f194e42 sp=0x000000a7474fcd58 mode 3
Event: 11.269 Thread 0x000002415c6dcc10 DEOPT PACKING pc=0x000002414fa12379 sp=0x000000a7474fdd10
Event: 11.269 Thread 0x000002415c6dcc10 DEOPT UNPACKING pc=0x000002414f194e42 sp=0x000000a7474fd1f0 mode 3
Event: 12.865 Thread 0x000002415c6dcc10 DEOPT PACKING pc=0x000002414fad021d sp=0x000000a7474fd340
Event: 12.865 Thread 0x000002415c6dcc10 DEOPT UNPACKING pc=0x000002414f194e42 sp=0x000000a7474fc8a8 mode 3
Event: 16.960 Thread 0x00000241577ae060 DEOPT PACKING pc=0x000002414f65771c sp=0x000000a746aff250
Event: 16.960 Thread 0x00000241577ae060 DEOPT UNPACKING pc=0x000002414f194e42 sp=0x000000a746afe798 mode 0
Event: 31.377 Thread 0x000002415c6dcc10 DEOPT PACKING pc=0x000002414fad80eb sp=0x000000a7474fd980
Event: 31.378 Thread 0x000002415c6dcc10 DEOPT UNPACKING pc=0x000002414f194e42 sp=0x000000a7474fce18 mode 3
Event: 32.522 Thread 0x000002415c6dcc10 DEOPT PACKING pc=0x000002414fbe67bc sp=0x000000a7474fcdf0
Event: 32.523 Thread 0x000002415c6dcc10 DEOPT UNPACKING pc=0x000002414f194e42 sp=0x000000a7474fc3f0 mode 0

Classes loaded (20 events):
Event: 423.287 Loading class java/lang/ref/Finalizer$1
Event: 423.342 Loading class java/lang/ref/Finalizer$1 done
Event: 438.123 Loading class java/time/DurationEditor
Event: 438.124 Loading class java/time/DurationEditor done
Event: 512.889 Loading class java/text/MessageFormat$Field
Event: 512.891 Loading class java/text/MessageFormat$Field done
Event: 780.146 Loading class sun/security/provider/SecureRandom
Event: 780.159 Loading class sun/security/provider/SecureRandom done
Event: 903.889 Loading class sun/net/ConnectionResetException
Event: 903.953 Loading class sun/net/ConnectionResetException done
Event: 937.930 Loading class java/time/DurationEditor
Event: 937.938 Loading class java/time/DurationEditor done
Event: 938.882 Loading class java/net/BindException
Event: 938.885 Loading class java/net/BindException done
Event: 1256.222 Loading class java/time/DurationEditor
Event: 1256.228 Loading class java/time/DurationEditor done
Event: 2001.118 Loading class java/lang/Throwable$WrappedPrintStream
Event: 2001.194 Loading class java/lang/Throwable$PrintStreamOrWriter
Event: 2001.213 Loading class java/lang/Throwable$PrintStreamOrWriter done
Event: 2001.214 Loading class java/lang/Throwable$WrappedPrintStream done

Classes unloaded (20 events):
Event: 1448.776 Thread 0x00000241575d3590 Unloading class 0x0000024101ca8800 'java/lang/invoke/LambdaForm$MH+0x0000024101ca8800'
Event: 1448.776 Thread 0x00000241575d3590 Unloading class 0x0000024101ca4400 'java/lang/invoke/LambdaForm$MH+0x0000024101ca4400'
Event: 1448.777 Thread 0x00000241575d3590 Unloading class 0x0000024101c6a400 'java/lang/invoke/LambdaForm$MH+0x0000024101c6a400'
Event: 1448.777 Thread 0x00000241575d3590 Unloading class 0x0000024101c53000 'java/lang/invoke/LambdaForm$MH+0x0000024101c53000'
Event: 1448.777 Thread 0x00000241575d3590 Unloading class 0x00000241013b9800 'java/lang/invoke/LambdaForm$MH+0x00000241013b9800'
Event: 1448.777 Thread 0x00000241575d3590 Unloading class 0x0000024101ce2800 'java/lang/invoke/LambdaForm$MH+0x0000024101ce2800'
Event: 1448.777 Thread 0x00000241575d3590 Unloading class 0x0000024101121000 'java/lang/invoke/LambdaForm$MH+0x0000024101121000'
Event: 1448.777 Thread 0x00000241575d3590 Unloading class 0x0000024101c61c00 'java/lang/invoke/LambdaForm$MH+0x0000024101c61c00'
Event: 1448.777 Thread 0x00000241575d3590 Unloading class 0x0000024101b15400 'java/lang/invoke/LambdaForm$MH+0x0000024101b15400'
Event: 1448.777 Thread 0x00000241575d3590 Unloading class 0x0000024101aa9000 'java/lang/invoke/LambdaForm$MH+0x0000024101aa9000'
Event: 1448.777 Thread 0x00000241575d3590 Unloading class 0x00000241013e2400 'java/lang/invoke/LambdaForm$MH+0x00000241013e2400'
Event: 1448.777 Thread 0x00000241575d3590 Unloading class 0x0000024101d0dc00 'java/lang/invoke/LambdaForm$BMH+0x0000024101d0dc00'
Event: 1448.777 Thread 0x00000241575d3590 Unloading class 0x0000024101d1ac00 'java/lang/invoke/LambdaForm$MH+0x0000024101d1ac00'
Event: 1448.777 Thread 0x00000241575d3590 Unloading class 0x0000024101d1d800 'java/lang/invoke/LambdaForm$MH+0x0000024101d1d800'
Event: 1448.777 Thread 0x00000241575d3590 Unloading class 0x0000024101d23000 'java/lang/invoke/LambdaForm$MH+0x0000024101d23000'
Event: 1448.777 Thread 0x00000241575d3590 Unloading class 0x0000024101d2c400 'java/lang/invoke/LambdaForm$MH+0x0000024101d2c400'
Event: 1448.777 Thread 0x00000241575d3590 Unloading class 0x0000024101d2cc00 'java/lang/invoke/LambdaForm$MH+0x0000024101d2cc00'
Event: 1448.777 Thread 0x00000241575d3590 Unloading class 0x0000024101d2e800 'java/lang/invoke/LambdaForm$MH+0x0000024101d2e800'
Event: 1448.777 Thread 0x00000241575d3590 Unloading class 0x0000024101d60400 'java/lang/invoke/LambdaForm$MH+0x0000024101d60400'
Event: 1448.777 Thread 0x00000241575d3590 Unloading class 0x0000024101d0d400 'java/lang/invoke/LambdaForm$MH+0x0000024101d0d400'

Classes redefined (0 events):
No events

Internal exceptions (20 events):
Event: 2001.319 Thread 0x00000241647ebb80 Exception <a 'java/io/IOException'{0x00000000919c18d8}> (0x00000000919c18d8) 
thrown [s\open\src\hotspot\share\prims\jni.cpp, line 520]
Event: 2001.319 Thread 0x00000241647ebb80 Exception <a 'java/io/IOException'{0x00000000919c1bf0}> (0x00000000919c1bf0) 
thrown [s\open\src\hotspot\share\prims\jni.cpp, line 520]
Event: 2001.320 Thread 0x00000241647ebb80 Exception <a 'java/io/IOException'{0x00000000919c21c0}> (0x00000000919c21c0) 
thrown [s\open\src\hotspot\share\prims\jni.cpp, line 520]
Event: 2001.320 Thread 0x00000241647ebb80 Exception <a 'java/io/IOException'{0x00000000919c24d8}> (0x00000000919c24d8) 
thrown [s\open\src\hotspot\share\prims\jni.cpp, line 520]
Event: 2001.320 Thread 0x00000241647ebb80 Exception <a 'java/io/IOException'{0x00000000919c2aa8}> (0x00000000919c2aa8) 
thrown [s\open\src\hotspot\share\prims\jni.cpp, line 520]
Event: 2001.320 Thread 0x00000241647ebb80 Exception <a 'java/io/IOException'{0x00000000919c2dc0}> (0x00000000919c2dc0) 
thrown [s\open\src\hotspot\share\prims\jni.cpp, line 520]
Event: 2001.320 Thread 0x00000241647ebb80 Exception <a 'java/io/IOException'{0x00000000919c3390}> (0x00000000919c3390) 
thrown [s\open\src\hotspot\share\prims\jni.cpp, line 520]
Event: 2001.320 Thread 0x00000241647ebb80 Exception <a 'java/io/IOException'{0x00000000919c36a8}> (0x00000000919c36a8) 
thrown [s\open\src\hotspot\share\prims\jni.cpp, line 520]
Event: 2001.320 Thread 0x00000241647ebb80 Exception <a 'java/io/IOException'{0x00000000919c3c78}> (0x00000000919c3c78) 
thrown [s\open\src\hotspot\share\prims\jni.cpp, line 520]
Event: 2001.320 Thread 0x00000241647ebb80 Exception <a 'java/io/IOException'{0x00000000919c3f90}> (0x00000000919c3f90) 
thrown [s\open\src\hotspot\share\prims\jni.cpp, line 520]
Event: 2001.321 Thread 0x00000241647ebb80 Exception <a 'java/io/IOException'{0x00000000919c4540}> (0x00000000919c4540) 
thrown [s\open\src\hotspot\share\prims\jni.cpp, line 520]
Event: 2001.321 Thread 0x00000241647ebb80 Exception <a 'java/io/IOException'{0x00000000919c48a0}> (0x00000000919c48a0) 
thrown [s\open\src\hotspot\share\prims\jni.cpp, line 520]
Event: 2001.321 Thread 0x00000241647ebb80 Exception <a 'java/io/IOException'{0x00000000919c4eb0}> (0x00000000919c4eb0) 
thrown [s\open\src\hotspot\share\prims\jni.cpp, line 520]
Event: 2001.321 Thread 0x00000241647ebb80 Exception <a 'java/io/IOException'{0x00000000919c51c8}> (0x00000000919c51c8) 
thrown [s\open\src\hotspot\share\prims\jni.cpp, line 520]
Event: 2001.321 Thread 0x00000241647ebb80 Exception <a 'java/io/IOException'{0x00000000919c5798}> (0x00000000919c5798) 
thrown [s\open\src\hotspot\share\prims\jni.cpp, line 520]
Event: 2001.321 Thread 0x00000241647ebb80 Exception <a 'java/io/IOException'{0x00000000919c5ab0}> (0x00000000919c5ab0) 
thrown [s\open\src\hotspot\share\prims\jni.cpp, line 520]
Event: 2001.323 Thread 0x00000241647ebb80 Exception <a 'java/io/IOException'{0x00000000919c6080}> (0x00000000919c6080) 
thrown [s\open\src\hotspot\share\prims\jni.cpp, line 520]
Event: 2001.323 Thread 0x00000241647ebb80 Exception <a 'java/io/IOException'{0x00000000919c6398}> (0x00000000919c6398) 
thrown [s\open\src\hotspot\share\prims\jni.cpp, line 520]
Event: 2001.323 Thread 0x00000241647ebb80 Exception <a 'java/io/IOException'{0x00000000919c6890}> (0x00000000919c6890) 
thrown [s\open\src\hotspot\share\prims\jni.cpp, line 520]
Event: 2001.323 Thread 0x00000241647ebb80 Exception <a 'java/io/IOException'{0x00000000919c6ba8}> (0x00000000919c6ba8) 
thrown [s\open\src\hotspot\share\prims\jni.cpp, line 520]

ZGC Phase Switch (0 events):
No events

VM Operations (20 events):
Event: 1805.681 Executing VM operation: G1CollectForAllocation (G1 Evacuation Pause) done
Event: 1853.812 Executing VM operation: G1CollectForAllocation (G1 Evacuation Pause)
Event: 1853.828 Executing VM operation: G1CollectForAllocation (G1 Evacuation Pause) done
Event: 1854.053 Executing VM operation: G1PauseRemark
Event: 1855.486 Executing VM operation: G1PauseRemark done
Event: 1855.514 Executing VM operation: G1PauseCleanup
Event: 1855.519 Executing VM operation: G1PauseCleanup done
Event: 1930.259 Executing VM operation: G1CollectForAllocation (G1 Evacuation Pause)
Event: 1931.412 Executing VM operation: G1CollectForAllocation (G1 Evacuation Pause) done
Event: 1978.797 Executing VM operation: G1CollectForAllocation (G1 Evacuation Pause)
Event: 1979.334 Executing VM operation: G1CollectForAllocation (G1 Evacuation Pause) done
Event: 1982.542 Executing VM operation: G1CollectForAllocation (G1 Evacuation Pause)
Event: 1982.574 Executing VM operation: G1CollectForAllocation (G1 Evacuation Pause) done
Event: 2005.936 Executing VM operation: G1CollectForAllocation (G1 Evacuation Pause)
Event: 2006.836 Executing VM operation: G1CollectForAllocation (G1 Evacuation Pause) done
Event: 2007.916 Executing VM operation: G1PauseRemark
Event: 2009.442 Executing VM operation: G1PauseRemark done
Event: 2009.656 Executing VM operation: G1PauseCleanup
Event: 2009.656 Executing VM operation: G1PauseCleanup done
Event: 2012.564 Executing VM operation: G1CollectForAllocation (G1 Evacuation Pause)

Events (20 events):
Event: 1855.481 Thread 0x00000241575d3590 flushing nmethod 0x000002414f283e90
Event: 1855.481 Thread 0x00000241575d3590 flushing nmethod 0x000002414f28c910
Event: 1855.481 Thread 0x00000241575d3590 flushing nmethod 0x000002414f288810
Event: 1855.481 Thread 0x00000241575d3590 flushing nmethod 0x000002414f281410
Event: 1855.481 Thread 0x00000241575d3590 flushing nmethod 0x000002414f27db10
Event: 1855.481 Thread 0x00000241575d3590 flushing nmethod 0x000002414f278690
Event: 1855.481 Thread 0x00000241575d3590 flushing nmethod 0x000002414f277c90
Event: 1855.481 Thread 0x00000241575d3590 flushing nmethod 0x000002414f25f390
Event: 1855.481 Thread 0x00000241575d3590 flushing nmethod 0x000002414f259090
Event: 1855.481 Thread 0x00000241575d3590 flushing nmethod 0x000002414f258510
Event: 1855.481 Thread 0x00000241575d3590 flushing nmethod 0x000002414f24f710
Event: 1855.481 Thread 0x00000241575d3590 flushing nmethod 0x000002414f25ba10
Event: 1855.481 Thread 0x00000241575d3590 flushing nmethod 0x000002414f24f410
Event: 1855.481 Thread 0x00000241575d3590 flushing nmethod 0x000002414f24eb90
Event: 1855.481 Thread 0x00000241575d3590 flushing nmethod 0x000002414f251e90
Event: 1855.481 Thread 0x00000241575d3590 flushing nmethod 0x000002414f251610
Event: 1855.482 Thread 0x00000241575d3590 flushing nmethod 0x000002414f250890
Event: 1855.482 Thread 0x00000241575d3590 flushing nmethod 0x000002414f246a90
Event: 2001.319 Thread 0x000002415f535720 Thread exited: 0x000002415f535720
Event: 2001.323 Thread 0x00000241647ebb80 Thread exited: 0x00000241647ebb80


Dynamic libraries:
0x00007ff7042e0000 - 0x00007ff7042f0000 	C:\Program Files\Java\jdk-21\bin\java.exe
0x00007ffc01160000 - 0x00007ffc013c7000 	C:\WINDOWS\SYSTEM32\ntdll.dll
0x00007ffc00540000 - 0x00007ffc00609000 	C:\WINDOWS\System32\KERNEL32.DLL
0x00007ffbfe110000 - 0x00007ffbfe501000 	C:\WINDOWS\System32\KERNELBASE.dll
0x00007ffbfdf10000 - 0x00007ffbfe05b000 	C:\WINDOWS\System32\ucrtbase.dll
0x00007ffbd9560000 - 0x00007ffbd957b000 	C:\Program Files\Java\jdk-21\bin\VCRUNTIME140.dll
0x00007ffbd8ac0000 - 0x00007ffbd8ad9000 	C:\Program Files\Java\jdk-21\bin\jli.dll
0x00007ffbff290000 - 0x00007ffbff34b000 	C:\WINDOWS\System32\ADVAPI32.dll
0x00007ffc003d0000 - 0x00007ffc00479000 	C:\WINDOWS\System32\msvcrt.dll
0x00007ffc00320000 - 0x00007ffc003c7000 	C:\WINDOWS\System32\sechost.dll
0x00007ffc00020000 - 0x00007ffc00138000 	C:\WINDOWS\System32\RPCRT4.dll
0x00007ffc00150000 - 0x00007ffc00315000 	C:\WINDOWS\System32\USER32.dll
0x00007ffbfde50000 - 0x00007ffbfde77000 	C:\WINDOWS\System32\win32u.dll
0x00007ffc00d40000 - 0x00007ffc00d6b000 	C:\WINDOWS\System32\GDI32.dll
0x00007ffbfdb00000 - 0x00007ffbfdc2b000 	C:\WINDOWS\System32\gdi32full.dll
0x00007ffbfe060000 - 0x00007ffbfe103000 	C:\WINDOWS\System32\msvcp_win.dll
0x00007ffbe4780000 - 0x00007ffbe4a13000 	C:\WINDOWS\WinSxS\amd64_microsoft.windows.common-controls_6595b64144ccf1df_6.0.26100.8037_none_3e092faae333b53b\COMCTL32.dll
0x00007ffbf7f20000 - 0x00007ffbf7f2b000 	C:\WINDOWS\SYSTEM32\VERSION.dll
0x00007ffc00cc0000 - 0x00007ffc00cf1000 	C:\WINDOWS\System32\IMM32.DLL
0x00007ffbe8280000 - 0x00007ffbe828c000 	C:\Program Files\Java\jdk-21\bin\vcruntime140_1.dll
0x00007ffbc3990000 - 0x00007ffbc3a1e000 	C:\Program Files\Java\jdk-21\bin\msvcp140.dll
0x00007ffb54fc0000 - 0x00007ffb55cd5000 	C:\Program Files\Java\jdk-21\bin\server\jvm.dll
0x00007ffbff7e0000 - 0x00007ffbff854000 	C:\WINDOWS\System32\WS2_32.dll
0x00007ffbfd6f0000 - 0x00007ffbfd74e000 	C:\WINDOWS\SYSTEM32\POWRPROF.dll
0x00007ffbf7ee0000 - 0x00007ffbf7f15000 	C:\WINDOWS\SYSTEM32\WINMM.dll
0x00007ffbfd6d0000 - 0x00007ffbfd6e4000 	C:\WINDOWS\SYSTEM32\UMPDC.dll
0x00007ffbfc7d0000 - 0x00007ffbfc7eb000 	C:\WINDOWS\SYSTEM32\kernel.appcore.dll
0x00007ffbe3c10000 - 0x00007ffbe3c1a000 	C:\Program Files\Java\jdk-21\bin\jimage.dll
0x00007ffbf21c0000 - 0x00007ffbf2402000 	C:\WINDOWS\SYSTEM32\DBGHELP.DLL
0x00007ffc00930000 - 0x00007ffc00cb2000 	C:\WINDOWS\System32\combase.dll
0x00007ffbff1b0000 - 0x00007ffbff287000 	C:\WINDOWS\System32\OLEAUT32.dll
0x00007ffbe37b0000 - 0x00007ffbe37eb000 	C:\WINDOWS\SYSTEM32\dbgcore.DLL
0x00007ffbfdc30000 - 0x00007ffbfdcd5000 	C:\WINDOWS\System32\bcryptPrimitives.dll
0x00007ffbe37a0000 - 0x00007ffbe37af000 	C:\Program Files\Java\jdk-21\bin\instrument.dll
0x00007ffbd4fa0000 - 0x00007ffbd4fbf000 	C:\Program Files\Java\jdk-21\bin\java.dll
0x00007ffbff8b0000 - 0x00007ffc0000f000 	C:\WINDOWS\System32\SHELL32.dll
0x00007ffbfdce0000 - 0x00007ffbfde4a000 	C:\WINDOWS\System32\wintypes.dll
0x00007ffbfe510000 - 0x00007ffbfed74000 	C:\WINDOWS\System32\windows.storage.dll
0x00007ffc00690000 - 0x00007ffc00787000 	C:\WINDOWS\System32\SHCORE.dll
0x00007ffc010b0000 - 0x00007ffc01117000 	C:\WINDOWS\System32\shlwapi.dll
0x00007ffbfd960000 - 0x00007ffbfd989000 	C:\WINDOWS\SYSTEM32\profapi.dll
0x00007ffbd3350000 - 0x00007ffbd3368000 	C:\Program Files\Java\jdk-21\bin\zip.dll
0x00007ffbe3ba0000 - 0x00007ffbe3bb0000 	C:\Program Files\Java\jdk-21\bin\net.dll
0x00007ffbf4a60000 - 0x00007ffbf4b87000 	C:\WINDOWS\SYSTEM32\WINHTTP.dll
0x00007ffbfcd40000 - 0x00007ffbfcdab000 	C:\WINDOWS\system32\mswsock.dll
0x00007ffbd4b60000 - 0x00007ffbd4b76000 	C:\Program Files\Java\jdk-21\bin\nio.dll
0x00007ffbdbd60000 - 0x00007ffbdbd67000 	C:\Program Files\Java\jdk-21\bin\extnet.dll
0x00007ffbd8d60000 - 0x00007ffbd8d70000 	C:\Program Files\Java\jdk-21\bin\verify.dll
0x00007ffbd9550000 - 0x00007ffbd955a000 	C:\Program Files\Java\jdk-21\bin\management.dll
0x00007ffbd8f30000 - 0x00007ffbd8f3b000 	C:\Program Files\Java\jdk-21\bin\management_ext.dll
0x00007ffbfef90000 - 0x00007ffbfef98000 	C:\WINDOWS\System32\PSAPI.DLL
0x00007ffbd96c0000 - 0x00007ffbd96ce000 	C:\Program Files\Java\jdk-21\bin\sunmscapi.dll
0x00007ffbfed80000 - 0x00007ffbfeef7000 	C:\WINDOWS\System32\CRYPT32.dll
0x00007ffbfd2b0000 - 0x00007ffbfd2e0000 	C:\WINDOWS\SYSTEM32\ncrypt.dll
0x00007ffbfd260000 - 0x00007ffbfd29f000 	C:\WINDOWS\SYSTEM32\NTASN1.dll
0x00007ffbfd020000 - 0x00007ffbfd03b000 	C:\WINDOWS\SYSTEM32\CRYPTSP.dll
0x00007ffbfc730000 - 0x00007ffbfc769000 	C:\WINDOWS\system32\rsaenh.dll
0x00007ffbfcdf0000 - 0x00007ffbfce22000 	C:\WINDOWS\SYSTEM32\USERENV.dll
0x00007ffbfd930000 - 0x00007ffbfd95a000 	C:\WINDOWS\SYSTEM32\bcrypt.dll
0x00007ffbfd040000 - 0x00007ffbfd04c000 	C:\WINDOWS\SYSTEM32\CRYPTBASE.dll
0x00007ffbfc1c0000 - 0x00007ffbfc1f3000 	C:\WINDOWS\SYSTEM32\IPHLPAPI.DLL
0x00007ffc00d00000 - 0x00007ffc00d0a000 	C:\WINDOWS\System32\NSI.dll
0x00007ffbe4a20000 - 0x00007ffbe4a28000 	C:\WINDOWS\system32\wshunix.dll

dbghelp: loaded successfully - version: 4.0.5 - missing functions: none
symbol engine: initialized successfully - sym options: 0x614 - pdb path: .;C:\Program Files\Java\jdk-21\bin;C:\WINDOWS\SYSTEM32;C:\WINDOWS\WinSxS\amd64_microsoft.windows.common-controls_6595b64144ccf1df_6.0.26100.8037_none_3e092faae333b53b;C:\Program Files\Java\jdk-21\bin\server

VM Arguments:
jvm_args: -XX:TieredStopAtLevel=1 -Dspring.output.ansi.enabled=always -javaagent:C:\Program Files\JetBrains\IntelliJ IDEA 2025.3.2\lib\idea_rt.jar=60941 -Dfile.encoding=UTF-8 -Dsun.stdout.encoding=UTF-8 -Dsun.stderr.encoding=UTF-8 
java_command: org.hartford.greensure.GreenSureApplication
java_class_path (initial): C:\Hartford\capstone\GreenSure\target\classes;C:\Users\manoj\.m2\repository\com\h2database\h2\2.3.232\h2-2.3.232.jar;C:\Users\manoj\.m2\repository\org\springframework\boot\spring-boot-starter-data-jpa\3.4.3\spring-boot-starter-data-jpa-3.4.3.jar;C:\Users\manoj\.m2\repository\org\springframework\boot\spring-boot-starter\3.4.3\spring-boot-starter-3.4.3.jar;C:\Users\manoj\.m2\repository\org\springframework\boot\spring-boot-starter-logging\3.4.3\spring-boot-starter-logging-3.4.3.jar;C:\Users\manoj\.m2\repository\ch\qos\logback\logback-classic\1.5.16\logback-classic-1.5.16.jar;C:\Users\manoj\.m2\repository\ch\qos\logback\logback-core\1.5.16\logback-core-1.5.16.jar;C:\Users\manoj\.m2\repository\org\apache\logging\log4j\log4j-to-slf4j\2.24.3\log4j-to-slf4j-2.24.3.jar;C:\Users\manoj\.m2\repository\org\apache\logging\log4j\log4j-api\2.24.3\log4j-api-2.24.3.jar;C:\Users\manoj\.m2\repository\org\slf4j\jul-to-slf4j\2.0.16\jul-to-slf4j-2.0.16.jar;C:\Users\manoj\.m2\repository\jakarta\annotation\jakarta.annotation-api\2.1.1\jakarta.annotation-api-2.1.1.jar;C:\Users\manoj\.m2\repository\org\yaml\snakeyaml\2.3\snakeyaml-2.3.jar;C:\Users\manoj\.m2\repository\org\springframework\boot\spring-boot-starter-jdbc\3.4.3\spring-boot-starter-jdbc-3.4.3.jar;C:\Users\manoj\.m2\repository\com\zaxxer\HikariCP\5.1.0\HikariCP-5.1.0.jar;C:\Users\manoj\.m2\repository\org\springframework\spring-jdbc\6.2.3\spring-jdbc-6.2.3.jar;C:\Users\manoj\.m2\repository\org\hibernate\orm\hibernate-core\6.6.8.Final\hibernate-core-6.6.8.Final.jar;C:\Users\manoj\.m2\repository\jakarta\persistence\jakarta.persistence-api\3.1.0\jakarta.persistence-api-3.1.0.jar;C:\Users\manoj\.m2\repository\jakarta\transaction\jakarta.transaction-api\2.0.1\jakarta.transaction-api-2.0.1.jar;C:\Users\manoj\.m2\repository\org\jboss\logging\jboss-logging\3.6.1.Final\jboss-logging-3.6.1.Final.jar;C:\Users\manoj\.m2\repository\org\hibernate\common\hibernate-commons-annotations\7.0.3.Final\hibernate-commons-annotations-7.0.3.Final.jar;C:\Users\manoj\.m2\repository\io\smallrye\jandex\3.2.0\jandex-3.2.0.jar;C:\Users\manoj\.m2\repository\com\fasterxml\classmate\1.7.0\classmate-1.7.0.jar;C:\Users\manoj\.m2\repository\net\bytebuddy\byte-buddy\1.15.11\byte-buddy-1.15.11.jar;C:\Users\manoj\.m2\repository\org\glassfish\jaxb\jaxb-runtime\4.0.5\jaxb-runtime-4.0.5.jar;C:\Users\manoj\.m2\repository\org\glassfish\jaxb\jaxb-core\4.0.5\jaxb-core-4.0.5.jar;C:\Users\manoj\.m2\repository\org\glassfish\jaxb\txw2\4.0.5\txw2-4.0.5.jar;C:\Users\manoj\.m2\repository\com\sun\istack\istack-commons-runtime\4.1.2\istack-commons-runtime-4.1.2.jar;C:\Users\manoj\.m2\repository\jakarta\inject\jakarta.inject-api\2.0.1\jakarta.inject-api-2.0.1.jar;C:\Users\manoj\.m2\repository\org\antlr\antlr4-runtime\4.13.0\antlr4-runtime-4.13.0.jar;C:\Users\manoj\.m2\repository\org\springframework\data\spring-data-jpa\3.4.3\spring-data-jpa-3.4.3.jar;C:\Users\manoj\.m2\repository\org\springframework\data\spring-data-commons\3.4.3\spring-data-commons-3.4.3.jar;C:\Users\manoj\.m2\repository\org\springframework\spring-orm\6.2.3\spring-orm-6.2.3.jar;C:\Users\manoj\.m2\repository\org\springframework\spring-context\6.2.3\spring-context-6.2.3.jar;C:\Users\manoj\.m2\repository\org\springframework\spring-tx\6.2.3\spring-tx-6.2.3.jar;C:\Users\manoj\.m2\repository\org\springframework\spring-beans\6.2.3\spring-beans-6.2.3.jar;C:\Users\manoj\.m2\repository\org\springframework\spring-aspects\6.2.3\spring-aspects-6.2.3.jar;C:\Users\manoj\.m2\repository\org\aspectj\aspectjweaver\1.9.22.1\aspectjweaver-1.9.22.1.jar;C:\Users\manoj\.m2\repository\org\springframework\boot\spring-boot-starter-security\3.4.3\spring-boot-starter-security-3.4.3.jar;C:\Users\manoj\.m2\repository\org\springframework\spring-aop\6.2.3\spring-aop-6.2.3.jar;C:\Users\manoj\.m2\repository\org\springframework\security\spring-security-config\6.4.3\spring-security-config-6.4.3.jar;C:\Users\manoj\.m2\repository\org\springframework\security\spring-security-core\6.4.3\spring-security-core-6.4.3.jar;C:\Users\manoj\.m2\repository\org\springframework\security\spring-security-crypto\6.4.3\spring-security-crypto-6.4.3.jar;C:\Users\manoj\.m2\repository\org\springframework\security\spring-security-web\6.4.3\spring-security-web-6.4.3.jar;C:\Users\manoj\.m2\repository\org\springframework\spring-expression\6.2.3\spring-expression-6.2.3.jar;C:\Users\manoj\.m2\repository\org\springframework\boot\spring-boot-starter-validation\3.4.3\spring-boot-starter-validation-3.4.3.jar;C:\Users\manoj\.m2\repository\org\apache\tomcat\embed\tomcat-embed-el\10.1.36\tomcat-embed-el-10.1.36.jar;C:\Users\manoj\.m2\repository\org\hibernate\validator\hibernate-validator\8.0.2.Final\hibernate-validator-8.0.2.Final.jar;C:\Users\manoj\.m2\repository\jakarta\validation\jakarta.validation-api\3.0.2\jakarta.validation-api-3.0.2.jar;C:\Users\manoj\.m2\repository\org\springframework\boot\spring-boot-starter-web\3.4.3\spring-boot-starter-web-3.4.3.jar;C:\Users\manoj\.m2\repository\org\springframework\boot\spring-boot-starter-json\3.4.3\spring-boot-starter-json-3.4.3.jar;C:\Users\manoj\.m2\repository\com\fasterxml\jackson\datatype\jackson-datatype-jdk8\2.18.2\jackson-datatype-jdk8-2.18.2.jar;C:\Users\manoj\.m2\repository\com\fasterxml\jackson\datatype\jackson-datatype-jsr310\2.18.2\jackson-datatype-jsr310-2.18.2.jar;C:\Users\manoj\.m2\repository\com\fasterxml\jackson\module\jackson-module-parameter-names\2.18.2\jackson-module-parameter-names-2.18.2.jar;C:\Users\manoj\.m2\repository\org\springframework\boot\spring-boot-starter-tomcat\3.4.3\spring-boot-starter-tomcat-3.4.3.jar;C:\Users\manoj\.m2\repository\org\apache\tomcat\embed\tomcat-embed-core\10.1.36\tomcat-embed-core-10.1.36.jar;C:\Users\manoj\.m2\repository\org\apache\tomcat\embed\tomcat-embed-websocket\10.1.36\tomcat-embed-websocket-10.1.36.jar;C:\Users\manoj\.m2\repository\org\springframework\spring-web\6.2.3\spring-web-6.2.3.jar;C:\Users\manoj\.m2\repository\io\micrometer\micrometer-observation\1.14.4\micrometer-observation-1.14.4.jar;C:\Users\manoj\.m2\repository\io\micrometer\micrometer-commons\1.14.4\micrometer-commons-1.14.4.jar;C:\Users\manoj\.m2\repository\org\springframework\spring-webmvc\6.2.3\spring-webmvc-6.2.3.jar;C:\Users\manoj\.m2\repository\org\apache\httpcomponents\client5\httpclient5\5.4.2\httpclient5-5.4.2.jar;C:\Users\manoj\.m2\repository\org\apache\httpcomponents\core5\httpcore5\5.3.3\httpcore5-5.3.3.jar;C:\Users\manoj\.m2\repository\org\apache\httpcomponents\core5\httpcore5-h2\5.3.3\httpcore5-h2-5.3.3.jar;C:\Users\manoj\.m2\repository\org\slf4j\slf4j-api\2.0.16\slf4j-api-2.0.16.jar;C:\Users\manoj\.m2\repository\com\google\api-client\google-api-client\2.2.0\google-api-client-2.2.0.jar;C:\Users\manoj\.m2\repository\commons-codec\commons-codec\1.17.2\commons-codec-1.17.2.jar;C:\Users\manoj\.m2\repository\com\google\oauth-client\google-oauth-client\1.34.1\google-oauth-client-1.34.1.jar;C:\Users\manoj\.m2\repository\com\google\http-client\google-http-client-gson\1.42.3\google-http-client-gson-1.42.3.jar;C:\Users\manoj\.m2\repository\com\google\code\gson\gson\2.11.0\gson-2.11.0.jar;C:\Users\manoj\.m2\repository\com\google\guava\guava\31.1-jre\guava-31.1-jre.jar;C:\Users\manoj\.m2\repository\com\google\guava\failureaccess\1.0.1\failureaccess-1.0.1.jar;C:\Users\manoj\.m2\repository\com\google\guava\listenablefuture\9999.0-empty-to-avoid-conflict-with-guava\listenablefuture-9999.0-empty-to-avoid-conflict-with-guava.jar;C:\Users\manoj\.m2\repository\org\checkerframework\checker-qual\3.12.0\checker-qual-3.12.0.jar;C:\Users\manoj\.m2\repository\com\google\j2objc\j2objc-annotations\1.3\j2objc-annotations-1.3.jar;C:\Users\manoj\.m2\repository\com\google\http-client\google-http-client-apache-v2\1.42.3\google-http-client-apache-v2-1.42.3.jar;C:\Users\manoj\.m2\repository\org\apache\httpcomponents\httpcore\4.4.16\httpcore-4.4.16.jar;C:\Users\manoj\.m2\repository\org\apache\httpcomponents\httpclient\4.5.14\httpclient-4.5.14.jar;C:\Users\manoj\.m2\repository\commons-logging\commons-logging\1.2\commons-logging-1.2.jar;C:\Users\manoj\.m2\repository\com\google\http-client\google-http-client\1.42.3\google-http-client-1.42.3.jar;C:\Users\manoj\.m2\repository\io\opencensus\opencensus-api\0.31.1\opencensus-api-0.31.1.jar;C:\Users\manoj\.m2\repository\io\grpc\grpc-context\1.27.2\grpc-context-1.27.2.jar;C:\Users\manoj\.m2\repository\io\opencensus\opencensus-contrib-http-util\0.31.1\opencensus-contrib-http-util-0.31.1.jar;C:\Users\manoj\.m2\repository\com\google\auth\google-auth-library-oauth2-http\1.23.0\google-auth-library-oauth2-http-1.23.0.jar;C:\Users\manoj\.m2\repository\com\google\auto\value\auto-value-annotations\1.10.4\auto-value-annotations-1.10.4.jar;C:\Users\manoj\.m2\repository\com\google\code\findbugs\jsr305\3.0.2\jsr305-3.0.2.jar;C:\Users\manoj\.m2\repository\com\google\auth\google-auth-library-credentials\1.23.0\google-auth-library-credentials-1.23.0.jar;C:\Users\manoj\.m2\repository\com\google\errorprone\error_prone_annotations\2.18.0\error_prone_annotations-2.18.0.jar;C:\Users\manoj\.m2\repository\com\google\apis\google-api-services-gmail\v1-rev20240520-2.0.0\google-api-services-gmail-v1-rev20240520-2.0.0.jar;C:\Users\manoj\.m2\repository\org\springframework\boot\spring-boot-starter-mail\3.4.3\spring-boot-starter-mail-3.4.3.jar;C:\Users\manoj\.m2\repository\org\springframework\spring-context-support\6.2.3\spring-context-support-6.2.3.jar;C:\Users\manoj\.m2\repository\org\eclipse\angus\jakarta.mail\2.0.3\jakarta.mail-2.0.3.jar;C:\Users\manoj\.m2\repository\jakarta\activation\jakarta.activation-api\2.1.3\jakarta.activation-api-2.1.3.jar;C:\Users\manoj\.m2\repository\org\eclipse\angus\angus-activation\2.0.2\angus-activation-2.0.2.jar;C:\Users\manoj\.m2\repository\org\springframework\boot\spring-boot-devtools\3.4.3\spring-boot-devtools-3.4.3.jar;C:\Users\manoj\.m2\repository\org\springframework\boot\spring-boot\3.4.3\spring-boot-3.4.3.jar;C:\Users\manoj\.m2\repository\org\springframework\boot\spring-boot-autoconfigure\3.4.3\spring-boot-autoconfigure-3.4.3.jar;C:\Users\manoj\.m2\repository\org\projectlombok\lombok\1.18.36\lombok-1.18.36.jar;C:\Users\manoj\.m2\repository\io\jsonwebtoken\jjwt-api\0.12.6\jjwt-api-0.12.6.jar;C:\Users\manoj\.m2\repository\io\jsonwebtoken\jjwt-impl\0.12.6\jjwt-impl-0.12.6.jar;C:\Users\manoj\.m2\repository\io\jsonwebtoken\jjwt-jackson\0.12.6\jjwt-jackson-0.12.6.jar;C:\Users\manoj\.m2\repository\com\fasterxml\jackson\core\jackson-databind\2.18.2\jackson-databind-2.18.2.jar;C:\Users\manoj\.m2\repository\com\fasterxml\jackson\core\jackson-annotations\2.18.2\jackson-annotations-2.18.2.jar;C:\Users\manoj\.m2\repository\com\fasterxml\jackson\core\jackson-core\2.18.2\jackson-core-2.18.2.jar;C:\Users\manoj\.m2\repository\jakarta\xml\bind\jakarta.xml.bind-api\4.0.2\jakarta.xml.bind-api-4.0.2.jar;C:\Users\manoj\.m2\repository\org\springframework\spring-core\6.2.3\spring-core-6.2.3.jar;C:\Users\manoj\.m2\repository\org\springframework\spring-jcl\6.2.3\spring-jcl-6.2.3.jar
Launcher Type: SUN_STANDARD

[Global flags]
     intx CICompilerCount                          = 4                                         {product} {ergonomic}
     uint ConcGCThreads                            = 3                                         {product} {ergonomic}
     uint G1ConcRefinementThreads                  = 10                                        {product} {ergonomic}
   size_t G1HeapRegionSize                         = 1048576                                   {product} {ergonomic}
    uintx GCDrainStackTargetSize                   = 64                                        {product} {ergonomic}
   size_t InitialHeapSize                          = 123731968                                 {product} {ergonomic}
   size_t MarkStackSize                            = 4194304                                   {product} {ergonomic}
   size_t MaxHeapSize                              = 1967128576                                {product} {ergonomic}
   size_t MaxNewSize                               = 1179648000                                {product} {ergonomic}
   size_t MinHeapDeltaBytes                        = 1048576                                   {product} {ergonomic}
   size_t MinHeapSize                              = 8388608                                   {product} {ergonomic}
    uintx NonNMethodCodeHeapSize                   = 4096                                   {pd product} {ergonomic}
    uintx NonProfiledCodeHeapSize                  = 0                                      {pd product} {ergonomic}
     bool ProfileInterpreter                       = false                                  {pd product} {command line}
    uintx ProfiledCodeHeapSize                     = 0                                      {pd product} {ergonomic}
   size_t SoftMaxHeapSize                          = 1967128576                             {manageable} {ergonomic}
     intx TieredStopAtLevel                        = 1                                         {product} {command line}
     bool UseCompressedOops                        = true                           {product lp64_product} {ergonomic}
     bool UseG1GC                                  = true                                      {product} {ergonomic}
     bool UseLargePagesIndividualAllocation        = false                                  {pd product} {ergonomic}

Logging:
Log output configuration:
 #0: stdout all=warning uptime,level,tags foldmultilines=false
 #1: stderr all=off uptime,level,tags foldmultilines=false

Environment Variables:
JAVA_HOME=C:\Program Files\Amazon Corretto\jdk21.0.10_7
PATH=C:\Program Files\Amazon Corretto\jdk21.0.10_7\bin;C:\Program Files\Python313\Scripts\;C:\Program Files\Python313\;C:\app\manoj\product\21c\dbhomeXE\bin;C:\Program Files\Common Files\Oracle\Java\javapath;C:\Program Files (x86)\VMware\VMware Workstation\bin\;C:\WINDOWS\system32;C:\WINDOWS;C:\WINDOWS\System32\Wbem;C:\WINDOWS\System32\WindowsPowerShell\v1.0\;C:\WINDOWS\System32\OpenSSH\;C:\MinGW\bin;C:\Program Files\dotnet\;C:\Program Files\MySQL\MySQL Server 8.0\bin;C:\Program Files\Git\cmd;C:\Program Files\Amazon Corretto\jdk21.0.10_7\bin;C:\Program Files (x86)\Microsoft SQL Server\160\Tools\Binn\;C:\Program Files\Microsoft SQL Server\160\Tools\Binn\;C:\Program Files\Microsoft SQL Server\Client SDK\ODBC\170\Tools\Binn\;C:\Program Files\Microsoft SQL Server\160\DTS\Binn\;C:\Program Files\Microsoft SQL Server\170\DTS\Binn\;C:\Program Files\nodejs\;C:\Program Files\MySQL\MySQL Shell 8.0\bin\;C:\Users\manoj\AppData\Local\Programs\Python\Python311\Scripts\;C:\Users\manoj\AppData\Local\Programs\Python\Python311\;C:\Users\manoj\AppData\Local\Microsoft\WindowsApps;C:\Users\manoj\AppData\Local\Programs\Microsoft VS Code\bin;C:\Users\manoj\AppData\Local\Programs\mongosh\;C:\Users\manoj\AppData\Local\Programs\cursor\resources\app\bin;C:\Program Files\MongoDB\Server\7.0\bin;C:\Users\manoj\AppData\Local\Programs\Antigravity\bin;C:\Users\manoj\AppData\Roaming\npm;C:\Program Files\JetBrains\IntelliJ IDEA 2025.3.2\bin;C:\Users\manoj\AppData\Local\Google\Cloud SDK\google-cloud-sdk\bin
USERNAME=manoj
OS=Windows_NT
PROCESSOR_IDENTIFIER=AMD64 Family 23 Model 104 Stepping 1, AuthenticAMD
TMP=C:\Users\manoj\AppData\Local\Temp
TEMP=C:\Users\manoj\AppData\Local\Temp




Periodic native trim disabled

---------------  S Y S T E M  ---------------

OS:
 Windows 11 , 64 bit Build 26100 (10.0.26100.7920)
OS uptime: 0 days 4:41 hours

CPU: total 12 (initial active 12) (12 cores per cpu, 2 threads per core) family 23 model 104 stepping 1 microcode 0x8608104, cx8, cmov, fxsr, ht, mmx, 3dnowpref, sse, sse2, sse3, ssse3, sse4a, sse4.1, sse4.2, popcnt, lzcnt, tsc, tscinvbit, avx, avx2, aes, clmul, bmi1, bmi2, adx, sha, fma, vzeroupper, clflush, clflushopt, rdtscp, rdpid, f16c
Processor Information for processor 0
  Max Mhz: 2100, Current Mhz: 1813, Mhz Limit: 2100
Processor Information for processor 1
  Max Mhz: 2100, Current Mhz: 1813, Mhz Limit: 2100
Processor Information for processor 2
  Max Mhz: 2100, Current Mhz: 1893, Mhz Limit: 2100
Processor Information for processor 3
  Max Mhz: 2100, Current Mhz: 1893, Mhz Limit: 2100
Processor Information for processor 4
  Max Mhz: 2100, Current Mhz: 1893, Mhz Limit: 2100
Processor Information for processor 5
  Max Mhz: 2100, Current Mhz: 1893, Mhz Limit: 2100
Processor Information for processor 6
  Max Mhz: 2100, Current Mhz: 1893, Mhz Limit: 2100
Processor Information for processor 7
  Max Mhz: 2100, Current Mhz: 1893, Mhz Limit: 2100
Processor Information for processor 8
  Max Mhz: 2100, Current Mhz: 1893, Mhz Limit: 2100
Processor Information for processor 9
  Max Mhz: 2100, Current Mhz: 1813, Mhz Limit: 2100
Processor Information for processor 10
  Max Mhz: 2100, Current Mhz: 1813, Mhz Limit: 2100
Processor Information for processor 11
  Max Mhz: 2100, Current Mhz: 1813, Mhz Limit: 2100

Memory: 4k page, system-wide physical 7502M (615M free)
TotalPageFile size 30030M (AvailPageFile size 0M)
current process WorkingSet (physical memory assigned to process): 112M, peak: 336M
current process commit charge ("private bytes"): 403M, peak: 478M

vm_info: Java HotSpot(TM) 64-Bit Server VM (21.0.1+12-LTS-29) for windows-amd64 JRE (21.0.1+12-LTS-29), built on 2023-10-05T13:27:09Z by "mach5one" with MS VC++ 17.1 (VS2022)

END.
