#
# There is insufficient memory for the Java Runtime Environment to continue.
# Native memory allocation (malloc) failed to allocate 1048576 bytes. Error detail: AllocateHeap
# Possible reasons:
#   The system is out of physical RAM or swap space
#   This process is running with CompressedOops enabled, and the Java Heap may be blocking the growth of the native heap
# Possible solutions:
#   Reduce memory load on the system
#   Increase physical memory or swap space
#   Check if swap backing store is full
#   Decrease Java heap size (-Xmx/-Xms)
#   Decrease number of Java threads
#   Decrease Java thread stack sizes (-Xss)
#   Set larger code cache with -XX:ReservedCodeCacheSize=
#   JVM is running with Unscaled Compressed Oops mode in which the Java heap is
#     placed in the first 4GB address space. The Java Heap base address is the
#     maximum limit for the native heap growth. Please use -XX:HeapBaseMinAddress
#     to set the Java Heap base and to place the Java Heap above 4GB virtual address.
# This output file may be truncated or incomplete.
#
#  Out of Memory Error (allocation.cpp:44), pid=29252, tid=14520
#
# JRE version: OpenJDK Runtime Environment Temurin-21.0.10+7 (21.0.10+7) (build 21.0.10+7-LTS)
# Java VM: OpenJDK 64-Bit Server VM Temurin-21.0.10+7 (21.0.10+7-LTS, mixed mode, sharing, tiered, compressed oops, compressed class ptrs, parallel gc, windows-amd64)
# No core dump will be written. Minidumps are not enabled by default on client versions of Windows
#

---------------  S U M M A R Y ------------

Command Line: --add-modules=ALL-SYSTEM --add-opens=java.base/java.util=ALL-UNNAMED --add-opens=java.base/java.lang=ALL-UNNAMED --add-opens=java.base/sun.nio.fs=ALL-UNNAMED -Declipse.application=org.eclipse.jdt.ls.core.id1 -Dosgi.bundles.defaultStartLevel=4 -Declipse.product=org.eclipse.jdt.ls.core.product -Djava.import.generatesMetadataFilesAtProjectRoot=false -DDetectVMInstallationsJob.disabled=true -Dfile.encoding=utf8 -XX:+UseParallelGC -XX:GCTimeRatio=4 -XX:AdaptiveSizePolicyWeight=90 -Dsun.zip.disableMemoryMapping=true -Xmx2G -Xms100m -Xlog:disable -javaagent:c:\Users\manoj\.vscode\extensions\redhat.java-1.53.0-win32-x64\lombok\lombok-1.18.39-4050.jar -XX:+HeapDumpOnOutOfMemoryError -XX:HeapDumpPath=c:\Users\manoj\AppData\Roaming\Code\User\workspaceStorage\4943c5129df94568f62ec5923a73c5ab\redhat.java -Daether.dependencyCollector.impl=bf c:\Users\manoj\.vscode\extensions\redhat.java-1.53.0-win32-x64\server\plugins\org.eclipse.equinox.launcher_1.7.100.v20251111-0406.jar -configuration c:\Users\manoj\AppData\Roaming\Code\User\globalStorage\redhat.java\1.53.0\config_win -data c:\Users\manoj\AppData\Roaming\Code\User\workspaceStorage\4943c5129df94568f62ec5923a73c5ab\redhat.java\jdt_ws --pipe=\\.\pipe\lsp-4eb1651025ec8747f50fde8342c23f56-sock

Host: AMD Ryzen 5 5500U with Radeon Graphics         , 12 cores, 7G,  Windows 11 , 64 bit Build 26100 (10.0.26100.7920)
Time: Mon Mar 16 16:35:31 2026 India Standard Time elapsed time: 4329.429142 seconds (0d 1h 12m 9s)

---------------  T H R E A D  ---------------

Current thread (0x000001f8e718be80):  JavaThread "Attach Listener" daemon [_thread_in_vm, id=14520, stack(0x0000008d87b00000,0x0000008d87c00000) (1024K)]

Stack: [0x0000008d87b00000,0x0000008d87c00000]
Native frames: (J=compiled Java code, j=interpreted, Vv=VM code, C=native code)
V  [jvm.dll+0x6d7a39]
V  [jvm.dll+0x8b4b26]
V  [jvm.dll+0x8b70de]
V  [jvm.dll+0x8b77c3]
V  [jvm.dll+0x284346]
V  [jvm.dll+0xc1277]
V  [jvm.dll+0x6d82e9]
V  [jvm.dll+0x1334a6]
V  [jvm.dll+0x3f857e]
V  [jvm.dll+0x85f59d]
V  [jvm.dll+0x6d626d]
C  [ucrtbase.dll+0x37b0]
C  [KERNEL32.DLL+0x2e8d7]
C  [ntdll.dll+0x8c48c]


---------------  P R O C E S S  ---------------

Threads class SMR info:
_java_thread_list=0x000001f8c788b480, length=38, elements={
0x000001f8e70e5280, 0x000001f8e708d800, 0x000001f8e7188290, 0x000001f8e718b220,
0x000001f8e718be80, 0x000001f8e718e8f0, 0x000001f8e718f350, 0x000001f8e7196d30,
0x000001f8fedef830, 0x000001f8ff035c20, 0x000001f8ff1a5290, 0x000001f8c562c000,
0x000001f8c566ad60, 0x000001f8c55947a0, 0x000001f8c55951e0, 0x000001f8c58d3900,
0x000001f8c57da920, 0x000001f8ff0c95d0, 0x000001f8ff0e8600, 0x000001f8ff0e7f70,
0x000001f8ff0e9320, 0x000001f8ff0e7250, 0x000001f8c664dda0, 0x000001f8c664d080,
0x000001f8c664f150, 0x000001f8c664fe70, 0x000001f8c664f7e0, 0x000001f8c664d710,
0x000001f8c664e430, 0x000001f8c6651220, 0x000001f8c6650500, 0x000001f8c66518b0,
0x000001f8c6650b90, 0x000001f8c6651f40, 0x000001f8c664eac0, 0x000001f8c6654010,
0x000001f8c66525d0, 0x000001f8c6652c60
}

Java Threads: ( => current thread )
  0x000001f8e70e5280 JavaThread "main"                              [_thread_blocked, id=5508, stack(0x0000008d87400000,0x0000008d87500000) (1024K)]
  0x000001f8e708d800 JavaThread "Reference Handler"          daemon [_thread_blocked, id=30088, stack(0x0000008d87800000,0x0000008d87900000) (1024K)]
  0x000001f8e7188290 JavaThread "Finalizer"                  daemon [_thread_blocked, id=24328, stack(0x0000008d87900000,0x0000008d87a00000) (1024K)]
  0x000001f8e718b220 JavaThread "Signal Dispatcher"          daemon [_thread_blocked, id=29516, stack(0x0000008d87a00000,0x0000008d87b00000) (1024K)]
=>0x000001f8e718be80 JavaThread "Attach Listener"            daemon [_thread_in_vm, id=14520, stack(0x0000008d87b00000,0x0000008d87c00000) (1024K)]
  0x000001f8e718e8f0 JavaThread "Service Thread"             daemon [_thread_blocked, id=20204, stack(0x0000008d87c00000,0x0000008d87d00000) (1024K)]
  0x000001f8e718f350 JavaThread "Monitor Deflation Thread"   daemon [_thread_blocked, id=24516, stack(0x0000008d87d00000,0x0000008d87e00000) (1024K)]
  0x000001f8e7196d30 JavaThread "C2 CompilerThread0"         daemon [_thread_blocked, id=22236, stack(0x0000008d87e00000,0x0000008d87f00000) (1024K)]
  0x000001f8fedef830 JavaThread "C1 CompilerThread0"         daemon [_thread_blocked, id=33288, stack(0x0000008d87f00000,0x0000008d88000000) (1024K)]
  0x000001f8ff035c20 JavaThread "Common-Cleaner"             daemon [_thread_blocked, id=10228, stack(0x0000008d88100000,0x0000008d88200000) (1024K)]
  0x000001f8ff1a5290 JavaThread "Notification Thread"        daemon [_thread_blocked, id=28408, stack(0x0000008d88000000,0x0000008d88100000) (1024K)]
  0x000001f8c562c000 JavaThread "Active Thread: Equinox Container: bf15af2a-a376-4263-ae13-2f648cf16bfe"        [_thread_blocked, id=28260, stack(0x0000008d88200000,0x0000008d88300000) (1024K)]
  0x000001f8c566ad60 JavaThread "Refresh Thread: Equinox Container: bf15af2a-a376-4263-ae13-2f648cf16bfe" daemon [_thread_blocked, id=33028, stack(0x0000008d88a00000,0x0000008d88b00000) (1024K)]
  0x000001f8c55947a0 JavaThread "Framework Event Dispatcher: Equinox Container: bf15af2a-a376-4263-ae13-2f648cf16bfe" daemon [_thread_blocked, id=33660, stack(0x0000008d88b00000,0x0000008d88c00000) (1024K)]
  0x000001f8c55951e0 JavaThread "Start Level: Equinox Container: bf15af2a-a376-4263-ae13-2f648cf16bfe" daemon [_thread_blocked, id=2884, stack(0x0000008d88c00000,0x0000008d88d00000) (1024K)]
  0x000001f8c58d3900 JavaThread "Bundle File Closer"         daemon [_thread_blocked, id=22048, stack(0x0000008d89000000,0x0000008d89100000) (1024K)]
  0x000001f8c57da920 JavaThread "SCR Component Actor"        daemon [_thread_blocked, id=31148, stack(0x0000008d88f00000,0x0000008d89000000) (1024K)]
  0x000001f8ff0c95d0 JavaThread "Worker-JM"                         [_thread_blocked, id=26404, stack(0x0000008d89200000,0x0000008d89300000) (1024K)]
  0x000001f8ff0e8600 JavaThread "JNA Cleaner"                daemon [_thread_blocked, id=32564, stack(0x0000008d89100000,0x0000008d89200000) (1024K)]
  0x000001f8ff0e7f70 JavaThread "Worker-0"                          [_thread_blocked, id=14140, stack(0x0000008d89300000,0x0000008d89400000) (1024K)]
  0x000001f8ff0e9320 JavaThread "Java indexing"              daemon [_thread_blocked, id=33424, stack(0x0000008d89500000,0x0000008d89600000) (1024K)]
  0x000001f8ff0e7250 JavaThread "Worker-4"                          [_thread_blocked, id=31064, stack(0x0000008d89a00000,0x0000008d89b00000) (1024K)]
  0x000001f8c664dda0 JavaThread "Thread-1"                   daemon [_thread_in_native, id=33544, stack(0x0000008d89b00000,0x0000008d89c00000) (1024K)]
  0x000001f8c664d080 JavaThread "Thread-2"                   daemon [_thread_in_native, id=30696, stack(0x0000008d89c00000,0x0000008d89d00000) (1024K)]
  0x000001f8c664f150 JavaThread "Thread-3"                   daemon [_thread_in_native, id=33668, stack(0x0000008d89d00000,0x0000008d89e00000) (1024K)]
  0x000001f8c664fe70 JavaThread "Thread-4"                   daemon [_thread_in_native, id=32280, stack(0x0000008d89e00000,0x0000008d89f00000) (1024K)]
  0x000001f8c664f7e0 JavaThread "Thread-5"                   daemon [_thread_in_native, id=33576, stack(0x0000008d89f00000,0x0000008d8a000000) (1024K)]
  0x000001f8c664d710 JavaThread "Thread-6"                   daemon [_thread_in_native, id=33404, stack(0x0000008d8a000000,0x0000008d8a100000) (1024K)]
  0x000001f8c664e430 JavaThread "Thread-7"                   daemon [_thread_in_native, id=9072, stack(0x0000008d8a100000,0x0000008d8a200000) (1024K)]
  0x000001f8c6651220 JavaThread "Thread-8"                   daemon [_thread_in_native, id=32292, stack(0x0000008d8a200000,0x0000008d8a300000) (1024K)]
  0x000001f8c6650500 JavaThread "Thread-9"                   daemon [_thread_in_native, id=3992, stack(0x0000008d8a300000,0x0000008d8a400000) (1024K)]
  0x000001f8c66518b0 JavaThread "Thread-10"                  daemon [_thread_in_native, id=8352, stack(0x0000008d8a400000,0x0000008d8a500000) (1024K)]
  0x000001f8c6650b90 JavaThread "Thread-11"                  daemon [_thread_in_native, id=31888, stack(0x0000008d8a500000,0x0000008d8a600000) (1024K)]
  0x000001f8c6651f40 JavaThread "Thread-12"                  daemon [_thread_in_native, id=32256, stack(0x0000008d8a600000,0x0000008d8a700000) (1024K)]
  0x000001f8c664eac0 JavaThread "Thread-13"                  daemon [_thread_in_native, id=30512, stack(0x0000008d8a700000,0x0000008d8a800000) (1024K)]
  0x000001f8c6654010 JavaThread "pool-2-thread-1"                   [_thread_blocked, id=33620, stack(0x0000008d8a800000,0x0000008d8a900000) (1024K)]
  0x000001f8c66525d0 JavaThread "WorkspaceEventsHandler"            [_thread_blocked, id=4848, stack(0x0000008d8a900000,0x0000008d8aa00000) (1024K)]
  0x000001f8c6652c60 JavaThread "pool-1-thread-1"                   [_thread_blocked, id=33780, stack(0x0000008d8aa00000,0x0000008d8ab00000) (1024K)]
Total: 38

Other Threads:
  0x000001f8e7072d00 VMThread "VM Thread"                           [id=33760, stack(0x0000008d87700000,0x0000008d87800000) (1024K)]
  0x000001f8e6f6ca10 WatcherThread "VM Periodic Task Thread"        [id=33056, stack(0x0000008d87600000,0x0000008d87700000) (1024K)]
  0x000001f8e7103300 WorkerThread "GC Thread#0"                     [id=33244, stack(0x0000008d87500000,0x0000008d87600000) (1024K)]
  0x000001f8c533f180 WorkerThread "GC Thread#1"                     [id=26908, stack(0x0000008d88300000,0x0000008d88400000) (1024K)]
  0x000001f8c53887f0 WorkerThread "GC Thread#2"                     [id=32640, stack(0x0000008d88400000,0x0000008d88500000) (1024K)]
  0x000001f8c5388ba0 WorkerThread "GC Thread#3"                     [id=32884, stack(0x0000008d88500000,0x0000008d88600000) (1024K)]
  0x000001f8c55715c0 WorkerThread "GC Thread#4"                     [id=24628, stack(0x0000008d88600000,0x0000008d88700000) (1024K)]
  0x000001f8c5388f50 WorkerThread "GC Thread#5"                     [id=32948, stack(0x0000008d88700000,0x0000008d88800000) (1024K)]
  0x000001f8c5389300 WorkerThread "GC Thread#6"                     [id=29344, stack(0x0000008d88800000,0x0000008d88900000) (1024K)]
  0x000001f8fede3990 WorkerThread "GC Thread#7"                     [id=29228, stack(0x0000008d88900000,0x0000008d88a00000) (1024K)]
  0x000001f8c56217b0 WorkerThread "GC Thread#8"                     [id=23632, stack(0x0000008d88d00000,0x0000008d88e00000) (1024K)]
  0x000001f8c5621b60 WorkerThread "GC Thread#9"                     [id=28440, stack(0x0000008d88e00000,0x0000008d88f00000) (1024K)]
Total: 12

Threads with active compile tasks:
Total: 0

VM state: not at safepoint (normal execution)

VM Mutex/Monitor currently owned by a thread: None

Heap address: 0x0000000080000000, size: 2048 MB, Compressed Oops mode: 32-bit

CDS archive(s) mapped at: [0x000001f880000000-0x000001f880ba0000-0x000001f880ba0000), size 12189696, SharedBaseAddress: 0x000001f880000000, ArchiveRelocationMode: 1.
Compressed class space mapped at: 0x000001f881000000-0x000001f8c1000000, reserved size: 1073741824
Narrow klass base: 0x000001f880000000, Narrow klass shift: 0, Narrow klass range: 0x100000000

GC Precious Log:
 CardTable entry size: 512
 CPUs: 12 total, 12 available
 Memory: 7502M
 Large Page Support: Disabled
 NUMA Support: Disabled
 Compressed Oops: Enabled (32-bit)
 Alignments: Space 512K, Generation 512K, Heap 2M
 Heap Min Capacity: 100M
 Heap Initial Capacity: 100M
 Heap Max Capacity: 2G
 Pre-touch: Disabled
 Parallel Workers: 10

Heap:
 PSYoungGen      total 21504K, used 9785K [0x00000000d5580000, 0x00000000d6c00000, 0x0000000100000000)
  eden space 20992K, 46% used [0x00000000d5580000,0x00000000d5f0e6d8,0x00000000d6a00000)
  from space 512K, 0% used [0x00000000d6b80000,0x00000000d6b80000,0x00000000d6c00000)
  to   space 512K, 0% used [0x00000000d6a00000,0x00000000d6a00000,0x00000000d6a80000)
 ParOldGen       total 71680K, used 52926K [0x0000000080000000, 0x0000000084600000, 0x00000000d5580000)
  object space 71680K, 73% used [0x0000000080000000,0x00000000833af9f0,0x0000000084600000)
 Metaspace       used 59229K, committed 60672K, reserved 1114112K
  class space    used 6309K, committed 6976K, reserved 1048576K

Card table byte_map: [0x000001f8e6a80000,0x000001f8e6e90000] _byte_map_base: 0x000001f8e6680000

Marking Bits: (ParMarkBitMap*) 0x00007fffd4223450
 Begin Bits: [0x000001f8f9590000, 0x000001f8fb590000)
 End Bits:   [0x000001f8fb590000, 0x000001f8fd590000)

Polling page: 0x000001f8e4e90000

Metaspace:

Usage:
  Non-class:     51.68 MB used.
      Class:      6.16 MB used.
       Both:     57.84 MB used.

Virtual space:
  Non-class space:       64.00 MB reserved,      52.44 MB ( 82%) committed,  1 nodes.
      Class space:        1.00 GB reserved,       6.81 MB ( <1%) committed,  1 nodes.
             Both:        1.06 GB reserved,      59.25 MB (  5%) committed. 

Chunk freelists:
   Non-Class:  10.64 MB
       Class:  9.03 MB
        Both:  19.67 MB

MaxMetaspaceSize: unlimited
CompressedClassSpaceSize: 1.00 GB
Initial GC threshold: 21.00 MB
Current GC threshold: 97.31 MB
CDS: on
 - commit_granule_bytes: 65536.
 - commit_granule_words: 8192.
 - virtual_space_node_default_size: 8388608.
 - enlarge_chunks_in_place: 1.
 - use_allocation_guard: 0.


Internal statistics:

num_allocs_failed_limit: 9.
num_arena_births: 1164.
num_arena_deaths: 22.
num_vsnodes_births: 2.
num_vsnodes_deaths: 0.
num_space_committed: 948.
num_space_uncommitted: 0.
num_chunks_returned_to_freelist: 35.
num_chunks_taken_from_freelist: 3932.
num_chunk_merges: 15.
num_chunk_splits: 2418.
num_chunks_enlarged: 1351.
num_inconsistent_stats: 0.

CodeHeap 'non-profiled nmethods': size=120000Kb used=6504Kb max_used=6504Kb free=113495Kb
 bounds [0x000001f8f1db0000, 0x000001f8f2410000, 0x000001f8f92e0000]
CodeHeap 'profiled nmethods': size=120000Kb used=21580Kb max_used=21580Kb free=98420Kb
 bounds [0x000001f8ea2e0000, 0x000001f8eb800000, 0x000001f8f1810000]
CodeHeap 'non-nmethods': size=5760Kb used=1404Kb max_used=1451Kb free=4356Kb
 bounds [0x000001f8f1810000, 0x000001f8f1a80000, 0x000001f8f1db0000]
CodeCache: size=245760Kb, used=29488Kb, max_used=29535Kb, free=216271Kb
 total_blobs=10658, nmethods=9945, adapters=619, full_count=0
Compilation: enabled, stopped_count=0, restarted_count=0

Compilation events (20 events):
Event: 1845.774 Thread 0x000001f8fedef830 10671       3       java.util.concurrent.locks.AbstractQueuedSynchronizer$ConditionObject::enableWait (84 bytes)
Event: 1845.805 Thread 0x000001f8fedef830 nmethod 10671 0x000001f8ea77ab10 code [0x000001f8ea77ad20, 0x000001f8ea77b358]
Event: 1845.805 Thread 0x000001f8fedef830 10672       3       java.util.concurrent.locks.AbstractQueuedSynchronizer$Node::setStatusRelaxed (12 bytes)
Event: 1845.811 Thread 0x000001f8fedef830 nmethod 10672 0x000001f8ea77a790 code [0x000001f8ea77a920, 0x000001f8ea77aa38]
Event: 1910.712 Thread 0x000001f8e7196d30 10673       4       java.util.concurrent.locks.AbstractQueuedSynchronizer$ConditionObject::signal (34 bytes)
Event: 1910.786 Thread 0x000001f8e7196d30 nmethod 10673 0x000001f8f2409b90 code [0x000001f8f2409d40, 0x000001f8f2409e78]
Event: 2090.932 Thread 0x000001f8fedef830 10674       3       java.util.concurrent.ScheduledThreadPoolExecutor$DelayedWorkQueue::finishPoll (43 bytes)
Event: 2090.961 Thread 0x000001f8fedef830 nmethod 10674 0x000001f8ea779e90 code [0x000001f8ea77a060, 0x000001f8ea77a5e8]
Event: 2090.962 Thread 0x000001f8fedef830 10675       3       java.util.concurrent.locks.AbstractQueuedSynchronizer$ConditionObject::awaitNanos (202 bytes)
Event: 2091.019 Thread 0x000001f8fedef830 nmethod 10675 0x000001f8ea778810 code [0x000001f8ea778b00, 0x000001f8ea779920]
Event: 2100.966 Thread 0x000001f8fedef830 10676   !   3       java.util.concurrent.ScheduledThreadPoolExecutor$DelayedWorkQueue::offer (123 bytes)
Event: 2101.953 Thread 0x000001f8fedef830 nmethod 10676 0x000001f8ea87b210 code [0x000001f8ea87b520, 0x000001f8ea87c8b0]
Event: 2111.012 Thread 0x000001f8fedef830 10678       3       java.util.concurrent.ScheduledThreadPoolExecutor$ScheduledFutureTask::setNextRunTime (38 bytes)
Event: 2111.023 Thread 0x000001f8fedef830 nmethod 10678 0x000001f8ea778310 code [0x000001f8ea7784c0, 0x000001f8ea778750]
Event: 2111.023 Thread 0x000001f8fedef830 10679       3       java.util.concurrent.ScheduledThreadPoolExecutor::reExecutePeriodic (49 bytes)
Event: 2111.053 Thread 0x000001f8fedef830 nmethod 10679 0x000001f8ea777690 code [0x000001f8ea7778c0, 0x000001f8ea778040]
Event: 2116.010 Thread 0x000001f8fedef830 10680   !   3       java.util.concurrent.FutureTask::runAndReset (125 bytes)
Event: 2116.119 Thread 0x000001f8fedef830 nmethod 10680 0x000001f8ea877e10 code [0x000001f8ea878280, 0x000001f8ea87a6a0]
Event: 4266.782 Thread 0x000001f8fedef830 10681       1       org.eclipse.osgi.internal.framework.EquinoxContainer::getStorage (5 bytes)
Event: 4267.030 Thread 0x000001f8fedef830 nmethod 10681 0x000001f8f2409f90 code [0x000001f8f240a120, 0x000001f8f240a1e8]

GC Heap History (20 events):
Event: 84.677 GC heap before
{Heap before GC invocations=50 (full 2):
 PSYoungGen      total 23552K, used 22641K [0x00000000d5580000, 0x00000000d6e00000, 0x0000000100000000)
  eden space 22016K, 100% used [0x00000000d5580000,0x00000000d6b00000,0x00000000d6b00000)
  from space 1536K, 40% used [0x00000000d6b00000,0x00000000d6b9c7d0,0x00000000d6c80000)
  to   space 1024K, 0% used [0x00000000d6d00000,0x00000000d6d00000,0x00000000d6e00000)
 ParOldGen       total 68608K, used 66043K [0x0000000080000000, 0x0000000084300000, 0x00000000d5580000)
  object space 68608K, 96% used [0x0000000080000000,0x000000008407ec38,0x0000000084300000)
 Metaspace       used 53031K, committed 54272K, reserved 1114112K
  class space    used 5664K, committed 6208K, reserved 1048576K
}
Event: 84.678 GC heap after
{Heap after GC invocations=50 (full 2):
 PSYoungGen      total 23040K, used 596K [0x00000000d5580000, 0x00000000d6e00000, 0x0000000100000000)
  eden space 22016K, 0% used [0x00000000d5580000,0x00000000d5580000,0x00000000d6b00000)
  from space 1024K, 58% used [0x00000000d6d00000,0x00000000d6d95200,0x00000000d6e00000)
  to   space 1024K, 0% used [0x00000000d6c00000,0x00000000d6c00000,0x00000000d6d00000)
 ParOldGen       total 68608K, used 66395K [0x0000000080000000, 0x0000000084300000, 0x00000000d5580000)
  object space 68608K, 96% used [0x0000000080000000,0x00000000840d6c38,0x0000000084300000)
 Metaspace       used 53031K, committed 54272K, reserved 1114112K
  class space    used 5664K, committed 6208K, reserved 1048576K
}
Event: 84.753 GC heap before
{Heap before GC invocations=51 (full 2):
 PSYoungGen      total 23040K, used 22612K [0x00000000d5580000, 0x00000000d6e00000, 0x0000000100000000)
  eden space 22016K, 100% used [0x00000000d5580000,0x00000000d6b00000,0x00000000d6b00000)
  from space 1024K, 58% used [0x00000000d6d00000,0x00000000d6d95200,0x00000000d6e00000)
  to   space 1024K, 0% used [0x00000000d6c00000,0x00000000d6c00000,0x00000000d6d00000)
 ParOldGen       total 68608K, used 66395K [0x0000000080000000, 0x0000000084300000, 0x00000000d5580000)
  object space 68608K, 96% used [0x0000000080000000,0x00000000840d6c38,0x0000000084300000)
 Metaspace       used 53054K, committed 54336K, reserved 1114112K
  class space    used 5664K, committed 6208K, reserved 1048576K
}
Event: 84.754 GC heap after
{Heap after GC invocations=51 (full 2):
 PSYoungGen      total 23040K, used 583K [0x00000000d5580000, 0x00000000d6d80000, 0x0000000100000000)
  eden space 22016K, 0% used [0x00000000d5580000,0x00000000d5580000,0x00000000d6b00000)
  from space 1024K, 56% used [0x00000000d6c00000,0x00000000d6c91c68,0x00000000d6d00000)
  to   space 512K, 0% used [0x00000000d6d00000,0x00000000d6d00000,0x00000000d6d80000)
 ParOldGen       total 68608K, used 67583K [0x0000000080000000, 0x0000000084300000, 0x00000000d5580000)
  object space 68608K, 98% used [0x0000000080000000,0x00000000841fff40,0x0000000084300000)
 Metaspace       used 53054K, committed 54336K, reserved 1114112K
  class space    used 5664K, committed 6208K, reserved 1048576K
}
Event: 84.777 GC heap before
{Heap before GC invocations=52 (full 2):
 PSYoungGen      total 23040K, used 22599K [0x00000000d5580000, 0x00000000d6d80000, 0x0000000100000000)
  eden space 22016K, 100% used [0x00000000d5580000,0x00000000d6b00000,0x00000000d6b00000)
  from space 1024K, 56% used [0x00000000d6c00000,0x00000000d6c91c68,0x00000000d6d00000)
  to   space 512K, 0% used [0x00000000d6d00000,0x00000000d6d00000,0x00000000d6d80000)
 ParOldGen       total 68608K, used 67583K [0x0000000080000000, 0x0000000084300000, 0x00000000d5580000)
  object space 68608K, 98% used [0x0000000080000000,0x00000000841fff40,0x0000000084300000)
 Metaspace       used 53054K, committed 54336K, reserved 1114112K
  class space    used 5664K, committed 6208K, reserved 1048576K
}
Event: 84.778 GC heap after
{Heap after GC invocations=52 (full 2):
 PSYoungGen      total 22528K, used 512K [0x00000000d5580000, 0x00000000d6f00000, 0x0000000100000000)
  eden space 22016K, 0% used [0x00000000d5580000,0x00000000d5580000,0x00000000d6b00000)
  from space 512K, 100% used [0x00000000d6d00000,0x00000000d6d80000,0x00000000d6d80000)
  to   space 2048K, 0% used [0x00000000d6b00000,0x00000000d6b00000,0x00000000d6d00000)
 ParOldGen       total 68608K, used 68474K [0x0000000080000000, 0x0000000084300000, 0x00000000d5580000)
  object space 68608K, 99% used [0x0000000080000000,0x00000000842deb20,0x0000000084300000)
 Metaspace       used 53054K, committed 54336K, reserved 1114112K
  class space    used 5664K, committed 6208K, reserved 1048576K
}
Event: 85.172 GC heap before
{Heap before GC invocations=53 (full 2):
 PSYoungGen      total 22528K, used 22528K [0x00000000d5580000, 0x00000000d6f00000, 0x0000000100000000)
  eden space 22016K, 100% used [0x00000000d5580000,0x00000000d6b00000,0x00000000d6b00000)
  from space 512K, 100% used [0x00000000d6d00000,0x00000000d6d80000,0x00000000d6d80000)
  to   space 2048K, 0% used [0x00000000d6b00000,0x00000000d6b00000,0x00000000d6d00000)
 ParOldGen       total 68608K, used 68474K [0x0000000080000000, 0x0000000084300000, 0x00000000d5580000)
  object space 68608K, 99% used [0x0000000080000000,0x00000000842deb20,0x0000000084300000)
 Metaspace       used 53253K, committed 54592K, reserved 1114112K
  class space    used 5686K, committed 6272K, reserved 1048576K
}
Event: 85.176 GC heap after
{Heap after GC invocations=53 (full 2):
 PSYoungGen      total 23040K, used 880K [0x00000000d5580000, 0x00000000d6e00000, 0x0000000100000000)
  eden space 22016K, 0% used [0x00000000d5580000,0x00000000d5580000,0x00000000d6b00000)
  from space 1024K, 86% used [0x00000000d6b00000,0x00000000d6bdc340,0x00000000d6c00000)
  to   space 1536K, 0% used [0x00000000d6c80000,0x00000000d6c80000,0x00000000d6e00000)
 ParOldGen       total 69120K, used 69026K [0x0000000080000000, 0x0000000084380000, 0x00000000d5580000)
  object space 69120K, 99% used [0x0000000080000000,0x0000000084368b30,0x0000000084380000)
 Metaspace       used 53253K, committed 54592K, reserved 1114112K
  class space    used 5686K, committed 6272K, reserved 1048576K
}
Event: 85.969 GC heap before
{Heap before GC invocations=54 (full 2):
 PSYoungGen      total 23040K, used 22896K [0x00000000d5580000, 0x00000000d6e00000, 0x0000000100000000)
  eden space 22016K, 100% used [0x00000000d5580000,0x00000000d6b00000,0x00000000d6b00000)
  from space 1024K, 86% used [0x00000000d6b00000,0x00000000d6bdc340,0x00000000d6c00000)
  to   space 1536K, 0% used [0x00000000d6c80000,0x00000000d6c80000,0x00000000d6e00000)
 ParOldGen       total 69120K, used 69026K [0x0000000080000000, 0x0000000084380000, 0x00000000d5580000)
  object space 69120K, 99% used [0x0000000080000000,0x0000000084368b30,0x0000000084380000)
 Metaspace       used 55419K, committed 56768K, reserved 1114112K
  class space    used 5946K, committed 6528K, reserved 1048576K
}
Event: 85.970 GC heap after
{Heap after GC invocations=54 (full 2):
 PSYoungGen      total 23040K, used 860K [0x00000000d5580000, 0x00000000d6d80000, 0x0000000100000000)
  eden space 22016K, 0% used [0x00000000d5580000,0x00000000d5580000,0x00000000d6b00000)
  from space 1024K, 84% used [0x00000000d6c80000,0x00000000d6d57280,0x00000000d6d80000)
  to   space 1024K, 0% used [0x00000000d6b00000,0x00000000d6b00000,0x00000000d6c00000)
 ParOldGen       total 69632K, used 69437K [0x0000000080000000, 0x0000000084400000, 0x00000000d5580000)
  object space 69632K, 99% used [0x0000000080000000,0x00000000843cf5e8,0x0000000084400000)
 Metaspace       used 55419K, committed 56768K, reserved 1114112K
  class space    used 5946K, committed 6528K, reserved 1048576K
}
Event: 86.669 GC heap before
{Heap before GC invocations=55 (full 2):
 PSYoungGen      total 23040K, used 22876K [0x00000000d5580000, 0x00000000d6d80000, 0x0000000100000000)
  eden space 22016K, 100% used [0x00000000d5580000,0x00000000d6b00000,0x00000000d6b00000)
  from space 1024K, 84% used [0x00000000d6c80000,0x00000000d6d57280,0x00000000d6d80000)
  to   space 1024K, 0% used [0x00000000d6b00000,0x00000000d6b00000,0x00000000d6c00000)
 ParOldGen       total 69632K, used 69437K [0x0000000080000000, 0x0000000084400000, 0x00000000d5580000)
  object space 69632K, 99% used [0x0000000080000000,0x00000000843cf5e8,0x0000000084400000)
 Metaspace       used 56880K, committed 58240K, reserved 1114112K
  class space    used 6087K, committed 6656K, reserved 1048576K
}
Event: 86.670 GC heap after
{Heap after GC invocations=55 (full 2):
 PSYoungGen      total 23040K, used 576K [0x00000000d5580000, 0x00000000d6d00000, 0x0000000100000000)
  eden space 22016K, 0% used [0x00000000d5580000,0x00000000d5580000,0x00000000d6b00000)
  from space 1024K, 56% used [0x00000000d6b00000,0x00000000d6b90000,0x00000000d6c00000)
  to   space 1024K, 0% used [0x00000000d6c00000,0x00000000d6c00000,0x00000000d6d00000)
 ParOldGen       total 70144K, used 70072K [0x0000000080000000, 0x0000000084480000, 0x00000000d5580000)
  object space 70144K, 99% used [0x0000000080000000,0x000000008446e058,0x0000000084480000)
 Metaspace       used 56880K, committed 58240K, reserved 1114112K
  class space    used 6087K, committed 6656K, reserved 1048576K
}
Event: 86.799 GC heap before
{Heap before GC invocations=56 (full 2):
 PSYoungGen      total 23040K, used 22592K [0x00000000d5580000, 0x00000000d6d00000, 0x0000000100000000)
  eden space 22016K, 100% used [0x00000000d5580000,0x00000000d6b00000,0x00000000d6b00000)
  from space 1024K, 56% used [0x00000000d6b00000,0x00000000d6b90000,0x00000000d6c00000)
  to   space 1024K, 0% used [0x00000000d6c00000,0x00000000d6c00000,0x00000000d6d00000)
 ParOldGen       total 70144K, used 70072K [0x0000000080000000, 0x0000000084480000, 0x00000000d5580000)
  object space 70144K, 99% used [0x0000000080000000,0x000000008446e058,0x0000000084480000)
 Metaspace       used 57146K, committed 58496K, reserved 1114112K
  class space    used 6103K, committed 6656K, reserved 1048576K
}
Event: 86.801 GC heap after
{Heap after GC invocations=56 (full 2):
 PSYoungGen      total 22016K, used 996K [0x00000000d5580000, 0x00000000d6f00000, 0x0000000100000000)
  eden space 20992K, 0% used [0x00000000d5580000,0x00000000d5580000,0x00000000d6a00000)
  from space 1024K, 97% used [0x00000000d6c00000,0x00000000d6cf9000,0x00000000d6d00000)
  to   space 2048K, 0% used [0x00000000d6a00000,0x00000000d6a00000,0x00000000d6c00000)
 ParOldGen       total 71168K, used 70894K [0x0000000080000000, 0x0000000084580000, 0x00000000d5580000)
  object space 71168K, 99% used [0x0000000080000000,0x000000008453bb80,0x0000000084580000)
 Metaspace       used 57146K, committed 58496K, reserved 1114112K
  class space    used 6103K, committed 6656K, reserved 1048576K
}
Event: 87.087 GC heap before
{Heap before GC invocations=57 (full 2):
 PSYoungGen      total 22016K, used 21988K [0x00000000d5580000, 0x00000000d6f00000, 0x0000000100000000)
  eden space 20992K, 100% used [0x00000000d5580000,0x00000000d6a00000,0x00000000d6a00000)
  from space 1024K, 97% used [0x00000000d6c00000,0x00000000d6cf9000,0x00000000d6d00000)
  to   space 2048K, 0% used [0x00000000d6a00000,0x00000000d6a00000,0x00000000d6c00000)
 ParOldGen       total 71168K, used 70894K [0x0000000080000000, 0x0000000084580000, 0x00000000d5580000)
  object space 71168K, 99% used [0x0000000080000000,0x000000008453bb80,0x0000000084580000)
 Metaspace       used 58449K, committed 59776K, reserved 1114112K
  class space    used 6221K, committed 6784K, reserved 1048576K
}
Event: 87.088 GC heap after
{Heap after GC invocations=57 (full 2):
 PSYoungGen      total 21504K, used 429K [0x00000000d5580000, 0x00000000d6c80000, 0x0000000100000000)
  eden space 20992K, 0% used [0x00000000d5580000,0x00000000d5580000,0x00000000d6a00000)
  from space 512K, 83% used [0x00000000d6a00000,0x00000000d6a6b438,0x00000000d6a80000)
  to   space 1024K, 0% used [0x00000000d6b80000,0x00000000d6b80000,0x00000000d6c80000)
 ParOldGen       total 71168K, used 71078K [0x0000000080000000, 0x0000000084580000, 0x00000000d5580000)
  object space 71168K, 99% used [0x0000000080000000,0x0000000084569b80,0x0000000084580000)
 Metaspace       used 58449K, committed 59776K, reserved 1114112K
  class space    used 6221K, committed 6784K, reserved 1048576K
}
Event: 87.097 GC heap before
{Heap before GC invocations=58 (full 2):
 PSYoungGen      total 21504K, used 888K [0x00000000d5580000, 0x00000000d6c80000, 0x0000000100000000)
  eden space 20992K, 2% used [0x00000000d5580000,0x00000000d55f2c30,0x00000000d6a00000)
  from space 512K, 83% used [0x00000000d6a00000,0x00000000d6a6b438,0x00000000d6a80000)
  to   space 1024K, 0% used [0x00000000d6b80000,0x00000000d6b80000,0x00000000d6c80000)
 ParOldGen       total 71168K, used 71078K [0x0000000080000000, 0x0000000084580000, 0x00000000d5580000)
  object space 71168K, 99% used [0x0000000080000000,0x0000000084569b80,0x0000000084580000)
 Metaspace       used 58486K, committed 59776K, reserved 1114112K
  class space    used 6222K, committed 6784K, reserved 1048576K
}
Event: 87.098 GC heap after
{Heap after GC invocations=58 (full 2):
 PSYoungGen      total 21504K, used 256K [0x00000000d5580000, 0x00000000d6c00000, 0x0000000100000000)
  eden space 20992K, 0% used [0x00000000d5580000,0x00000000d5580000,0x00000000d6a00000)
  from space 512K, 50% used [0x00000000d6b80000,0x00000000d6bc0000,0x00000000d6c00000)
  to   space 512K, 0% used [0x00000000d6a00000,0x00000000d6a00000,0x00000000d6a80000)
 ParOldGen       total 71680K, used 71294K [0x0000000080000000, 0x0000000084600000, 0x00000000d5580000)
  object space 71680K, 99% used [0x0000000080000000,0x000000008459fb80,0x0000000084600000)
 Metaspace       used 58486K, committed 59776K, reserved 1114112K
  class space    used 6222K, committed 6784K, reserved 1048576K
}
Event: 87.098 GC heap before
{Heap before GC invocations=59 (full 3):
 PSYoungGen      total 21504K, used 256K [0x00000000d5580000, 0x00000000d6c00000, 0x0000000100000000)
  eden space 20992K, 0% used [0x00000000d5580000,0x00000000d5580000,0x00000000d6a00000)
  from space 512K, 50% used [0x00000000d6b80000,0x00000000d6bc0000,0x00000000d6c00000)
  to   space 512K, 0% used [0x00000000d6a00000,0x00000000d6a00000,0x00000000d6a80000)
 ParOldGen       total 71680K, used 71294K [0x0000000080000000, 0x0000000084600000, 0x00000000d5580000)
  object space 71680K, 99% used [0x0000000080000000,0x000000008459fb80,0x0000000084600000)
 Metaspace       used 58486K, committed 59776K, reserved 1114112K
  class space    used 6222K, committed 6784K, reserved 1048576K
}
Event: 87.816 GC heap after
{Heap after GC invocations=59 (full 3):
 PSYoungGen      total 21504K, used 0K [0x00000000d5580000, 0x00000000d6c00000, 0x0000000100000000)
  eden space 20992K, 0% used [0x00000000d5580000,0x00000000d5580000,0x00000000d6a00000)
  from space 512K, 0% used [0x00000000d6b80000,0x00000000d6b80000,0x00000000d6c00000)
  to   space 512K, 0% used [0x00000000d6a00000,0x00000000d6a00000,0x00000000d6a80000)
 ParOldGen       total 71680K, used 52926K [0x0000000080000000, 0x0000000084600000, 0x00000000d5580000)
  object space 71680K, 73% used [0x0000000080000000,0x00000000833af9f0,0x0000000084600000)
 Metaspace       used 58479K, committed 59776K, reserved 1114112K
  class space    used 6220K, committed 6784K, reserved 1048576K
}

Dll operation events (10 events):
Event: 9.287 Loaded shared library c:\Users\manoj\.vscode\extensions\redhat.java-1.53.0-win32-x64\jre\21.0.10-win32-x86_64\bin\java.dll
Event: 9.997 Loaded shared library c:\Users\manoj\.vscode\extensions\redhat.java-1.53.0-win32-x64\jre\21.0.10-win32-x86_64\bin\zip.dll
Event: 10.147 Loaded shared library C:\Users\manoj\.vscode\extensions\redhat.java-1.53.0-win32-x64\jre\21.0.10-win32-x86_64\bin\instrument.dll
Event: 10.191 Loaded shared library C:\Users\manoj\.vscode\extensions\redhat.java-1.53.0-win32-x64\jre\21.0.10-win32-x86_64\bin\net.dll
Event: 10.230 Loaded shared library C:\Users\manoj\.vscode\extensions\redhat.java-1.53.0-win32-x64\jre\21.0.10-win32-x86_64\bin\nio.dll
Event: 10.272 Loaded shared library C:\Users\manoj\.vscode\extensions\redhat.java-1.53.0-win32-x64\jre\21.0.10-win32-x86_64\bin\zip.dll
Event: 10.390 Loaded shared library C:\Users\manoj\.vscode\extensions\redhat.java-1.53.0-win32-x64\jre\21.0.10-win32-x86_64\bin\jimage.dll
Event: 10.719 Loaded shared library c:\Users\manoj\.vscode\extensions\redhat.java-1.53.0-win32-x64\jre\21.0.10-win32-x86_64\bin\verify.dll
Event: 20.077 Loaded shared library C:\Users\manoj\AppData\Roaming\Code\User\globalStorage\redhat.java\1.53.0\config_win\org.eclipse.equinox.launcher\org.eclipse.equinox.launcher.win32.win32.x86_64_1.3.0.v20260203-2149\eclipse_11919.dll
Event: 32.985 Loaded shared library C:\Users\manoj\AppData\Local\Temp\jna-103662773\jna2371640438316252289.dll

Deoptimization events (20 events):
Event: 87.952 Thread 0x000001f8ff0e7f70 Uncommon trap: trap_request=0xffffff45 fr.pc=0x000001f8f1ea6aec relative=0x000000000000022c
Event: 87.952 Thread 0x000001f8ff0e7f70 Uncommon trap: reason=unstable_if action=reinterpret pc=0x000001f8f1ea6aec method=java.util.Arrays.hashCode([C)I @ 8 c2
Event: 87.952 Thread 0x000001f8ff0e7f70 DEOPT PACKING pc=0x000001f8f1ea6aec sp=0x0000008d893fe5b0
Event: 87.952 Thread 0x000001f8ff0e7f70 DEOPT UNPACKING pc=0x000001f8f1863aa2 sp=0x0000008d893fe550 mode 2
Event: 88.031 Thread 0x000001f8ff0e7f70 Uncommon trap: trap_request=0xffffffbe fr.pc=0x000001f8f23ad358 relative=0x0000000000000b98
Event: 88.031 Thread 0x000001f8ff0e7f70 Uncommon trap: reason=profile_predicate action=maybe_recompile pc=0x000001f8f23ad358 method=java.util.regex.Pattern$BnM.optimize(Ljava/util/regex/Pattern$Node;)Ljava/util/regex/Pattern$Node; @ 67 c2
Event: 88.031 Thread 0x000001f8ff0e7f70 DEOPT PACKING pc=0x000001f8f23ad358 sp=0x0000008d893fee50
Event: 88.031 Thread 0x000001f8ff0e7f70 DEOPT UNPACKING pc=0x000001f8f1863aa2 sp=0x0000008d893fed80 mode 2
Event: 88.057 Thread 0x000001f8ff0e7f70 Uncommon trap: trap_request=0xffffffbe fr.pc=0x000001f8f23ad358 relative=0x0000000000000b98
Event: 88.057 Thread 0x000001f8ff0e7f70 Uncommon trap: reason=profile_predicate action=maybe_recompile pc=0x000001f8f23ad358 method=java.util.regex.Pattern$BnM.optimize(Ljava/util/regex/Pattern$Node;)Ljava/util/regex/Pattern$Node; @ 67 c2
Event: 88.057 Thread 0x000001f8ff0e7f70 DEOPT PACKING pc=0x000001f8f23ad358 sp=0x0000008d893fee50
Event: 88.057 Thread 0x000001f8ff0e7f70 DEOPT UNPACKING pc=0x000001f8f1863aa2 sp=0x0000008d893fed80 mode 2
Event: 88.092 Thread 0x000001f8ff0e7f70 Uncommon trap: trap_request=0xffffffbe fr.pc=0x000001f8f23ad358 relative=0x0000000000000b98
Event: 88.092 Thread 0x000001f8ff0e7f70 Uncommon trap: reason=profile_predicate action=maybe_recompile pc=0x000001f8f23ad358 method=java.util.regex.Pattern$BnM.optimize(Ljava/util/regex/Pattern$Node;)Ljava/util/regex/Pattern$Node; @ 67 c2
Event: 88.092 Thread 0x000001f8ff0e7f70 DEOPT PACKING pc=0x000001f8f23ad358 sp=0x0000008d893fee50
Event: 88.092 Thread 0x000001f8ff0e7f70 DEOPT UNPACKING pc=0x000001f8f1863aa2 sp=0x0000008d893fed80 mode 2
Event: 88.106 Thread 0x000001f8ff0e7f70 Uncommon trap: trap_request=0xffffff45 fr.pc=0x000001f8f23c82b0 relative=0x0000000000000530
Event: 88.106 Thread 0x000001f8ff0e7f70 Uncommon trap: reason=unstable_if action=reinterpret pc=0x000001f8f23c82b0 method=org.eclipse.jdt.internal.compiler.parser.Scanner.internalScanIdentifierOrKeyword(II[C)Lorg/eclipse/jdt/internal/compiler/parser/TerminalToken; @ 3717 c2
Event: 88.107 Thread 0x000001f8ff0e7f70 DEOPT PACKING pc=0x000001f8f23c82b0 sp=0x0000008d893fe6b0
Event: 88.107 Thread 0x000001f8ff0e7f70 DEOPT UNPACKING pc=0x000001f8f1863aa2 sp=0x0000008d893fe650 mode 2

Classes loaded (20 events):
Event: 81.401 Loading class java/util/AbstractList$SubList done
Event: 81.401 Loading class java/util/AbstractList$RandomAccessSubList done
Event: 81.401 Loading class java/util/AbstractList$SubList$1
Event: 81.401 Loading class java/util/AbstractList$SubList$1 done
Event: 84.903 Loading class java/util/HashMap$EntrySpliterator
Event: 84.904 Loading class java/util/HashMap$EntrySpliterator done
Event: 86.054 Loading class java/util/Vector$1
Event: 86.054 Loading class java/util/Vector$1 done
Event: 86.640 Loading class java/util/stream/ReferencePipeline$4
Event: 86.641 Loading class java/util/stream/ReferencePipeline$4 done
Event: 86.642 Loading class java/util/stream/Nodes$IntFixedNodeBuilder
Event: 86.642 Loading class java/util/stream/Node$Builder$OfInt
Event: 86.642 Loading class java/util/stream/Node$Builder$OfInt done
Event: 86.642 Loading class java/util/stream/Nodes$IntArrayNode
Event: 86.643 Loading class java/util/stream/Nodes$IntArrayNode done
Event: 86.643 Loading class java/util/stream/Nodes$IntFixedNodeBuilder done
Event: 86.644 Loading class java/util/stream/ReferencePipeline$4$1
Event: 86.644 Loading class java/util/stream/ReferencePipeline$4$1 done
Event: 87.972 Loading class java/util/Hashtable$ValueCollection
Event: 87.972 Loading class java/util/Hashtable$ValueCollection done

Classes unloaded (11 events):
Event: 34.658 Thread 0x000001f8e7072d00 Unloading class 0x000001f8811a4800 'java/lang/invoke/LambdaForm$MH+0x000001f8811a4800'
Event: 34.658 Thread 0x000001f8e7072d00 Unloading class 0x000001f8811a4400 'java/lang/invoke/LambdaForm$MH+0x000001f8811a4400'
Event: 34.658 Thread 0x000001f8e7072d00 Unloading class 0x000001f8811a4000 'java/lang/invoke/LambdaForm$MH+0x000001f8811a4000'
Event: 34.658 Thread 0x000001f8e7072d00 Unloading class 0x000001f8811a3c00 'java/lang/invoke/LambdaForm$MH+0x000001f8811a3c00'
Event: 34.658 Thread 0x000001f8e7072d00 Unloading class 0x000001f8811a3800 'java/lang/invoke/LambdaForm$BMH+0x000001f8811a3800'
Event: 34.658 Thread 0x000001f8e7072d00 Unloading class 0x000001f8811a3400 'java/lang/invoke/LambdaForm$DMH+0x000001f8811a3400'
Event: 34.658 Thread 0x000001f8e7072d00 Unloading class 0x000001f8811a2000 'java/lang/invoke/LambdaForm$DMH+0x000001f8811a2000'
Event: 87.231 Thread 0x000001f8e7072d00 Unloading class 0x000001f8815e5000 'java/lang/invoke/LambdaForm$DMH+0x000001f8815e5000'
Event: 87.231 Thread 0x000001f8e7072d00 Unloading class 0x000001f8815e4c00 'java/lang/invoke/LambdaForm$DMH+0x000001f8815e4c00'
Event: 87.231 Thread 0x000001f8e7072d00 Unloading class 0x000001f8815e4000 'java/lang/invoke/LambdaForm$DMH+0x000001f8815e4000'
Event: 87.231 Thread 0x000001f8e7072d00 Unloading class 0x000001f8815e4800 'java/lang/invoke/LambdaForm$DMH+0x000001f8815e4800'

Classes redefined (0 events):
No events

Internal exceptions (20 events):
Event: 57.885 Thread 0x000001f8ff0e7f70 Implicit null exception at 0x000001f8f21c4226 to 0x000001f8f21c44f0
Event: 60.551 Thread 0x000001f8ff0e7f70 Exception <a 'java/lang/NoSuchMethodError'{0x00000000d5d0f750}: 'void java.lang.invoke.DirectMethodHandle$Holder.invokeInterface(java.lang.Object, java.lang.Object)'> (0x00000000d5d0f750) 
thrown [s\src\hotspot\share\interpreter\linkResolver.cpp, line 773]
Event: 61.371 Thread 0x000001f8ff0e7f70 Implicit null exception at 0x000001f8f2027e2f to 0x000001f8f2027fe0
Event: 61.371 Thread 0x000001f8ff0e7f70 Implicit null exception at 0x000001f8f2027710 to 0x000001f8f2027860
Event: 62.263 Thread 0x000001f8ff0e7f70 Exception <a 'sun/nio/fs/WindowsException'{0x00000000d57e3fd0}> (0x00000000d57e3fd0) 
thrown [s\src\hotspot\share\prims\jni.cpp, line 520]
Event: 62.263 Thread 0x000001f8ff0e7f70 Exception <a 'sun/nio/fs/WindowsException'{0x00000000d57e4940}> (0x00000000d57e4940) 
thrown [s\src\hotspot\share\prims\jni.cpp, line 520]
Event: 81.403 Thread 0x000001f8c7f2c530 Exception <a 'sun/nio/fs/WindowsException'{0x00000000d5ed2f08}> (0x00000000d5ed2f08) 
thrown [s\src\hotspot\share\prims\jni.cpp, line 520]
Event: 81.403 Thread 0x000001f8c7f2c530 Exception <a 'sun/nio/fs/WindowsException'{0x00000000d5ed3878}> (0x00000000d5ed3878) 
thrown [s\src\hotspot\share\prims\jni.cpp, line 520]
Event: 81.404 Thread 0x000001f8c7f2c530 Exception <a 'sun/nio/fs/WindowsException'{0x00000000d5ed47a8}> (0x00000000d5ed47a8) 
thrown [s\src\hotspot\share\prims\jni.cpp, line 520]
Event: 81.404 Thread 0x000001f8c7f2c530 Exception <a 'sun/nio/fs/WindowsException'{0x00000000d5ed5118}> (0x00000000d5ed5118) 
thrown [s\src\hotspot\share\prims\jni.cpp, line 520]
Event: 81.405 Thread 0x000001f8c7f2c530 Exception <a 'sun/nio/fs/WindowsException'{0x00000000d5edaf20}> (0x00000000d5edaf20) 
thrown [s\src\hotspot\share\prims\jni.cpp, line 520]
Event: 81.406 Thread 0x000001f8c7f2c530 Exception <a 'sun/nio/fs/WindowsException'{0x00000000d5edb890}> (0x00000000d5edb890) 
thrown [s\src\hotspot\share\prims\jni.cpp, line 520]
Event: 81.415 Thread 0x000001f8c7f2c530 Exception <a 'sun/nio/fs/WindowsException'{0x00000000d5f21c40}> (0x00000000d5f21c40) 
thrown [s\src\hotspot\share\prims\jni.cpp, line 520]
Event: 81.416 Thread 0x000001f8c7f2c530 Exception <a 'sun/nio/fs/WindowsException'{0x00000000d5f29a40}> (0x00000000d5f29a40) 
thrown [s\src\hotspot\share\prims\jni.cpp, line 520]
Event: 81.684 Thread 0x000001f8ff0e7f70 Implicit null exception at 0x000001f8f2316e28 to 0x000001f8f231770c
Event: 84.910 Thread 0x000001f8ff0e7f70 Exception <a 'java/lang/NoSuchMethodError'{0x00000000d6775320}: 'java.lang.Object java.lang.invoke.DirectMethodHandle$Holder.invokeSpecial(java.lang.Object, java.lang.Object, int, long)'> (0x00000000d6775320) 
thrown [s\src\hotspot\share\interpreter\linkResolver.cpp, line 773]
Event: 85.494 Thread 0x000001f8ff0e7f70 Exception <a 'java/lang/NoSuchMethodError'{0x00000000d5f0ef00}: 'java.lang.Object java.lang.invoke.DirectMethodHandle$Holder.invokeVirtual(java.lang.Object, java.lang.Object, int)'> (0x00000000d5f0ef00) 
thrown [s\src\hotspot\share\interpreter\linkResolver.cpp, line 773]
Event: 87.843 Thread 0x000001f8ff0e7f70 Implicit null exception at 0x000001f8f22b30a7 to 0x000001f8f22b343c
Event: 88.016 Thread 0x000001f8ff0e7f70 Exception <a 'java/lang/NoSuchMethodError'{0x00000000d58c4940}: 'java.lang.Object java.lang.invoke.DirectMethodHandle$Holder.invokeStatic(java.lang.Object, java.lang.Object, int, java.lang.Object)'> (0x00000000d58c4940) 
thrown [s\src\hotspot\share\interpreter\linkResolver.cpp, line 773]
Event: 88.018 Thread 0x000001f8ff0e7f70 Exception <a 'java/lang/NoSuchMethodError'{0x00000000d58caf70}: 'java.lang.Object java.lang.invoke.DirectMethodHandle$Holder.newInvokeSpecial(java.lang.Object, java.lang.Object, int)'> (0x00000000d58caf70) 
thrown [s\src\hotspot\share\interpreter\linkResolver.cpp, line 773]

ZGC Phase Switch (0 events):
No events

VM Operations (20 events):
Event: 2054.414 Executing non-safepoint VM operation: HandshakeAllThreads (HandshakeForDeflation)
Event: 2054.420 Executing non-safepoint VM operation: HandshakeAllThreads (HandshakeForDeflation) done
Event: 2054.421 Executing non-safepoint VM operation: RendezvousGCThreads
Event: 2054.421 Executing non-safepoint VM operation: RendezvousGCThreads done
Event: 2114.534 Executing non-safepoint VM operation: HandshakeAllThreads (HandshakeForDeflation)
Event: 2114.544 Executing non-safepoint VM operation: HandshakeAllThreads (HandshakeForDeflation) done
Event: 2114.545 Executing non-safepoint VM operation: RendezvousGCThreads
Event: 2114.545 Executing non-safepoint VM operation: RendezvousGCThreads done
Event: 2190.445 Executing non-safepoint VM operation: HandshakeAllThreads (HandshakeForDeflation)
Event: 2190.804 Executing non-safepoint VM operation: HandshakeAllThreads (HandshakeForDeflation) done
Event: 2190.804 Executing non-safepoint VM operation: RendezvousGCThreads
Event: 2190.804 Executing non-safepoint VM operation: RendezvousGCThreads done
Event: 4232.625 Executing non-safepoint VM operation: HandshakeAllThreads (HandshakeForDeflation)
Event: 4232.634 Executing non-safepoint VM operation: HandshakeAllThreads (HandshakeForDeflation) done
Event: 4232.635 Executing non-safepoint VM operation: RendezvousGCThreads
Event: 4232.635 Executing non-safepoint VM operation: RendezvousGCThreads done
Event: 4292.740 Executing non-safepoint VM operation: HandshakeAllThreads (HandshakeForDeflation)
Event: 4292.785 Executing non-safepoint VM operation: HandshakeAllThreads (HandshakeForDeflation) done
Event: 4292.785 Executing non-safepoint VM operation: RendezvousGCThreads
Event: 4292.785 Executing non-safepoint VM operation: RendezvousGCThreads done

Memory protections (0 events):
No events

Nmethod flushes (20 events):
Event: 87.498 Thread 0x000001f8e7072d00 flushing  nmethod 0x000001f8eabbe710
Event: 87.498 Thread 0x000001f8e7072d00 flushing  nmethod 0x000001f8eabbed10
Event: 87.498 Thread 0x000001f8e7072d00 flushing  nmethod 0x000001f8eabdbd90
Event: 87.498 Thread 0x000001f8e7072d00 flushing  nmethod 0x000001f8eabe0210
Event: 87.498 Thread 0x000001f8e7072d00 flushing  nmethod 0x000001f8eac38110
Event: 87.498 Thread 0x000001f8e7072d00 flushing  nmethod 0x000001f8eac38c90
Event: 87.498 Thread 0x000001f8e7072d00 flushing  nmethod 0x000001f8eac39b90
Event: 87.498 Thread 0x000001f8e7072d00 flushing  nmethod 0x000001f8eac3a310
Event: 87.498 Thread 0x000001f8e7072d00 flushing  nmethod 0x000001f8eac45c90
Event: 87.498 Thread 0x000001f8e7072d00 flushing  nmethod 0x000001f8eac47410
Event: 87.498 Thread 0x000001f8e7072d00 flushing  nmethod 0x000001f8eac47910
Event: 87.498 Thread 0x000001f8e7072d00 flushing  nmethod 0x000001f8eac4c410
Event: 87.498 Thread 0x000001f8e7072d00 flushing  nmethod 0x000001f8eac4c790
Event: 87.498 Thread 0x000001f8e7072d00 flushing  nmethod 0x000001f8eac4d590
Event: 87.498 Thread 0x000001f8e7072d00 flushing  nmethod 0x000001f8eac4d990
Event: 87.498 Thread 0x000001f8e7072d00 flushing  nmethod 0x000001f8eac4dd10
Event: 87.498 Thread 0x000001f8e7072d00 flushing  nmethod 0x000001f8eac4e290
Event: 87.498 Thread 0x000001f8e7072d00 flushing  nmethod 0x000001f8eac4e690
Event: 87.498 Thread 0x000001f8e7072d00 flushing  nmethod 0x000001f8eac4f190
Event: 87.498 Thread 0x000001f8e7072d00 flushing  nmethod 0x000001f8eac4f710

Events (20 events):
Event: 82.889 Thread 0x000001f8c73aa3c0 Thread exited: 0x000001f8c73aa3c0
Event: 82.996 Thread 0x000001f8c73a9620 Thread exited: 0x000001f8c73a9620
Event: 84.575 Thread 0x000001f8fedef830 Thread added: 0x000001f8c73aa3c0
Event: 85.921 Thread 0x000001f8c73aa3c0 Thread exited: 0x000001f8c73aa3c0
Event: 86.735 Thread 0x000001f8fedef830 Thread added: 0x000001f8c73a8880
Event: 93.588 Thread 0x000001f8c73a8880 Thread exited: 0x000001f8c73a8880
Event: 141.553 Thread 0x000001f8ff0ea040 Thread exited: 0x000001f8ff0ea040
Event: 141.569 Thread 0x000001f8ff0e6bc0 Thread exited: 0x000001f8ff0e6bc0
Event: 145.119 Thread 0x000001f8ff0e78e0 Thread exited: 0x000001f8ff0e78e0
Event: 145.144 Thread 0x000001f8c7f2c530 Thread exited: 0x000001f8c7f2c530
Event: 205.634 Thread 0x000001f8c66532f0 Thread exited: 0x000001f8c66532f0
Event: 265.304 Thread 0x000001f8c7f29740 Thread exited: 0x000001f8c7f29740
Event: 325.357 Thread 0x000001f8c7f2d250 Thread exited: 0x000001f8c7f2d250
Event: 385.358 Thread 0x000001f8c7f2d8e0 Thread exited: 0x000001f8c7f2d8e0
Event: 445.385 Thread 0x000001f8c7f2cbc0 Thread exited: 0x000001f8c7f2cbc0
Event: 505.441 Thread 0x000001f8c7f2b180 Thread exited: 0x000001f8c7f2b180
Event: 565.751 Thread 0x000001f8c7f29dd0 Thread exited: 0x000001f8c7f29dd0
Event: 625.702 Thread 0x000001f8c7f2b810 Thread exited: 0x000001f8c7f2b810
Event: 685.719 Thread 0x000001f8c66546a0 Thread exited: 0x000001f8c66546a0
Event: 745.733 Thread 0x000001f8c6653980 Thread exited: 0x000001f8c6653980


Dynamic libraries:
0x00007ff76ad50000 - 0x00007ff76ad5e000 	c:\Users\manoj\.vscode\extensions\redhat.java-1.53.0-win32-x64\jre\21.0.10-win32-x86_64\bin\java.exe
0x00007ff91d500000 - 0x00007ff91d767000 	C:\WINDOWS\SYSTEM32\ntdll.dll
0x00007ff8ecce0000 - 0x00007ff8ecd00000 	C:\Program Files\Avast Software\Avast\aswhook.dll
0x00007ff91d1d0000 - 0x00007ff91d299000 	C:\WINDOWS\System32\KERNEL32.DLL
0x00007ff91a3a0000 - 0x00007ff91a791000 	C:\WINDOWS\System32\KERNELBASE.dll
0x00007ff91a0d0000 - 0x00007ff91a21b000 	C:\WINDOWS\System32\ucrtbase.dll
0x00007ff903d10000 - 0x00007ff903d28000 	c:\Users\manoj\.vscode\extensions\redhat.java-1.53.0-win32-x64\jre\21.0.10-win32-x86_64\bin\jli.dll
0x00007ff8ec350000 - 0x00007ff8ec36e000 	c:\Users\manoj\.vscode\extensions\redhat.java-1.53.0-win32-x64\jre\21.0.10-win32-x86_64\bin\VCRUNTIME140.dll
0x00007ff91ce60000 - 0x00007ff91d025000 	C:\WINDOWS\System32\USER32.dll
0x00007ff91a220000 - 0x00007ff91a247000 	C:\WINDOWS\System32\win32u.dll
0x00007ff8f9f00000 - 0x00007ff8fa193000 	C:\WINDOWS\WinSxS\amd64_microsoft.windows.common-controls_6595b64144ccf1df_6.0.26100.8037_none_3e092faae333b53b\COMCTL32.dll
0x00007ff91cae0000 - 0x00007ff91cb89000 	C:\WINDOWS\System32\msvcrt.dll
0x00007ff91b600000 - 0x00007ff91b62b000 	C:\WINDOWS\System32\GDI32.dll
0x00007ff91a850000 - 0x00007ff91a97b000 	C:\WINDOWS\System32\gdi32full.dll
0x00007ff91a980000 - 0x00007ff91aa23000 	C:\WINDOWS\System32\msvcp_win.dll
0x00007ff91c920000 - 0x00007ff91c951000 	C:\WINDOWS\System32\IMM32.DLL
0x00007ff9158a0000 - 0x00007ff9158ac000 	c:\Users\manoj\.vscode\extensions\redhat.java-1.53.0-win32-x64\jre\21.0.10-win32-x86_64\bin\vcruntime140_1.dll
0x00007ff8cd320000 - 0x00007ff8cd3ad000 	c:\Users\manoj\.vscode\extensions\redhat.java-1.53.0-win32-x64\jre\21.0.10-win32-x86_64\bin\msvcp140.dll
0x00007fffd3560000 - 0x00007fffd4301000 	c:\Users\manoj\.vscode\extensions\redhat.java-1.53.0-win32-x64\jre\21.0.10-win32-x86_64\bin\server\jvm.dll
0x00007ff91d030000 - 0x00007ff91d0eb000 	C:\WINDOWS\System32\ADVAPI32.dll
0x00007ff91cbb0000 - 0x00007ff91cc57000 	C:\WINDOWS\System32\sechost.dll
0x00007ff91d2a0000 - 0x00007ff91d3b8000 	C:\WINDOWS\System32\RPCRT4.dll
0x00007ff91d150000 - 0x00007ff91d1c4000 	C:\WINDOWS\System32\WS2_32.dll
0x00007ff9124d0000 - 0x00007ff912505000 	C:\WINDOWS\SYSTEM32\WINMM.dll
0x00007ff919a90000 - 0x00007ff919aee000 	C:\WINDOWS\SYSTEM32\POWRPROF.dll
0x00007ff913490000 - 0x00007ff91349b000 	C:\WINDOWS\SYSTEM32\VERSION.dll
0x00007ff919a70000 - 0x00007ff919a84000 	C:\WINDOWS\SYSTEM32\UMPDC.dll
0x00007ff918b70000 - 0x00007ff918b8b000 	C:\WINDOWS\SYSTEM32\kernel.appcore.dll
0x00007ff915870000 - 0x00007ff91587a000 	c:\Users\manoj\.vscode\extensions\redhat.java-1.53.0-win32-x64\jre\21.0.10-win32-x86_64\bin\jimage.dll
0x00007ff90d340000 - 0x00007ff90d582000 	C:\WINDOWS\SYSTEM32\DBGHELP.DLL
0x00007ff91be20000 - 0x00007ff91c1a2000 	C:\WINDOWS\System32\combase.dll
0x00007ff91c960000 - 0x00007ff91ca37000 	C:\WINDOWS\System32\OLEAUT32.dll
0x00007ff90c610000 - 0x00007ff90c64b000 	C:\WINDOWS\SYSTEM32\dbgcore.DLL
0x00007ff91a7a0000 - 0x00007ff91a845000 	C:\WINDOWS\System32\bcryptPrimitives.dll
0x00007ff9147e0000 - 0x00007ff9147ef000 	c:\Users\manoj\.vscode\extensions\redhat.java-1.53.0-win32-x64\jre\21.0.10-win32-x86_64\bin\instrument.dll
0x00007ff903cf0000 - 0x00007ff903d10000 	c:\Users\manoj\.vscode\extensions\redhat.java-1.53.0-win32-x64\jre\21.0.10-win32-x86_64\bin\java.dll
0x00007ff91b630000 - 0x00007ff91bd8f000 	C:\WINDOWS\System32\SHELL32.dll
0x00007ff919de0000 - 0x00007ff919f4a000 	C:\WINDOWS\System32\wintypes.dll
0x00007ff91aa30000 - 0x00007ff91b294000 	C:\WINDOWS\System32\windows.storage.dll
0x00007ff91c820000 - 0x00007ff91c917000 	C:\WINDOWS\System32\SHCORE.dll
0x00007ff91d410000 - 0x00007ff91d477000 	C:\WINDOWS\System32\shlwapi.dll
0x00007ff919d00000 - 0x00007ff919d29000 	C:\WINDOWS\SYSTEM32\profapi.dll
0x00007ff8ec750000 - 0x00007ff8ec768000 	c:\Users\manoj\.vscode\extensions\redhat.java-1.53.0-win32-x64\jre\21.0.10-win32-x86_64\bin\zip.dll
0x00007ff90f620000 - 0x00007ff90f630000 	C:\Users\manoj\.vscode\extensions\redhat.java-1.53.0-win32-x64\jre\21.0.10-win32-x86_64\bin\net.dll
0x00007ff912df0000 - 0x00007ff912f17000 	C:\WINDOWS\SYSTEM32\WINHTTP.dll
0x00007ff9190e0000 - 0x00007ff91914b000 	C:\WINDOWS\system32\mswsock.dll
0x00007ff8eb150000 - 0x00007ff8eb166000 	C:\Users\manoj\.vscode\extensions\redhat.java-1.53.0-win32-x64\jre\21.0.10-win32-x86_64\bin\nio.dll
0x00007ff915970000 - 0x00007ff915980000 	c:\Users\manoj\.vscode\extensions\redhat.java-1.53.0-win32-x64\jre\21.0.10-win32-x86_64\bin\verify.dll
0x00007ff8f9620000 - 0x00007ff8f9665000 	C:\Users\manoj\AppData\Roaming\Code\User\globalStorage\redhat.java\1.53.0\config_win\org.eclipse.equinox.launcher\org.eclipse.equinox.launcher.win32.win32.x86_64_1.3.0.v20260203-2149\eclipse_11919.dll
0x00007ff91b460000 - 0x00007ff91b5f5000 	C:\WINDOWS\System32\ole32.dll
0x00007ff9193d0000 - 0x00007ff9193eb000 	C:\WINDOWS\SYSTEM32\CRYPTSP.dll
0x00007ff918ad0000 - 0x00007ff918b09000 	C:\WINDOWS\system32\rsaenh.dll
0x00007ff919190000 - 0x00007ff9191c2000 	C:\WINDOWS\SYSTEM32\USERENV.dll
0x00007ff919cd0000 - 0x00007ff919cfa000 	C:\WINDOWS\SYSTEM32\bcrypt.dll
0x00007ff9193c0000 - 0x00007ff9193cc000 	C:\WINDOWS\SYSTEM32\CRYPTBASE.dll
0x00007ff9185d0000 - 0x00007ff918603000 	C:\WINDOWS\SYSTEM32\IPHLPAPI.DLL
0x00007ff91ca40000 - 0x00007ff91ca4a000 	C:\WINDOWS\System32\NSI.dll
0x00007ff8cc3e0000 - 0x00007ff8cc429000 	C:\Users\manoj\AppData\Local\Temp\jna-103662773\jna2371640438316252289.dll
0x00007ff91d4b0000 - 0x00007ff91d4b8000 	C:\WINDOWS\System32\PSAPI.DLL
0x00007ff913e50000 - 0x00007ff913e6d000 	C:\WINDOWS\SYSTEM32\dhcpcsvc6.DLL
0x00007ff913e20000 - 0x00007ff913e43000 	C:\WINDOWS\SYSTEM32\dhcpcsvc.DLL

JVMTI agents:
c:\Users\manoj\.vscode\extensions\redhat.java-1.53.0-win32-x64\lombok\lombok-1.18.39-4050.jar path:c:\Users\manoj\.vscode\extensions\redhat.java-1.53.0-win32-x64\jre\21.0.10-win32-x86_64\bin\instrument.dll, loaded, initialized, instrumentlib options:none

dbghelp: loaded successfully - version: 4.0.5 - missing functions: none
symbol engine: initialized successfully - sym options: 0x614 - pdb path: .;c:\Users\manoj\.vscode\extensions\redhat.java-1.53.0-win32-x64\jre\21.0.10-win32-x86_64\bin;C:\WINDOWS\SYSTEM32;C:\Program Files\Avast Software\Avast;C:\WINDOWS\WinSxS\amd64_microsoft.windows.common-controls_6595b64144ccf1df_6.0.26100.8037_none_3e092faae333b53b;c:\Users\manoj\.vscode\extensions\redhat.java-1.53.0-win32-x64\jre\21.0.10-win32-x86_64\bin\server;C:\Users\manoj\AppData\Roaming\Code\User\globalStorage\redhat.java\1.53.0\config_win\org.eclipse.equinox.launcher\org.eclipse.equinox.launcher.win32.win32.x86_64_1.3.0.v20260203-2149;C:\Users\manoj\AppData\Local\Temp\jna-103662773

VM Arguments:
jvm_args: --add-modules=ALL-SYSTEM --add-opens=java.base/java.util=ALL-UNNAMED --add-opens=java.base/java.lang=ALL-UNNAMED --add-opens=java.base/sun.nio.fs=ALL-UNNAMED -Declipse.application=org.eclipse.jdt.ls.core.id1 -Dosgi.bundles.defaultStartLevel=4 -Declipse.product=org.eclipse.jdt.ls.core.product -Djava.import.generatesMetadataFilesAtProjectRoot=false -DDetectVMInstallationsJob.disabled=true -Dfile.encoding=utf8 -XX:+UseParallelGC -XX:GCTimeRatio=4 -XX:AdaptiveSizePolicyWeight=90 -Dsun.zip.disableMemoryMapping=true -Xmx2G -Xms100m -Xlog:disable -javaagent:c:\Users\manoj\.vscode\extensions\redhat.java-1.53.0-win32-x64\lombok\lombok-1.18.39-4050.jar -XX:+HeapDumpOnOutOfMemoryError -XX:HeapDumpPath=c:\Users\manoj\AppData\Roaming\Code\User\workspaceStorage\4943c5129df94568f62ec5923a73c5ab\redhat.java -Daether.dependencyCollector.impl=bf 
java_command: c:\Users\manoj\.vscode\extensions\redhat.java-1.53.0-win32-x64\server\plugins\org.eclipse.equinox.launcher_1.7.100.v20251111-0406.jar -configuration c:\Users\manoj\AppData\Roaming\Code\User\globalStorage\redhat.java\1.53.0\config_win -data c:\Users\manoj\AppData\Roaming\Code\User\workspaceStorage\4943c5129df94568f62ec5923a73c5ab\redhat.java\jdt_ws --pipe=\\.\pipe\lsp-4eb1651025ec8747f50fde8342c23f56-sock
java_class_path (initial): c:\Users\manoj\.vscode\extensions\redhat.java-1.53.0-win32-x64\server\plugins\org.eclipse.equinox.launcher_1.7.100.v20251111-0406.jar
Launcher Type: SUN_STANDARD

[Global flags]
    uintx AdaptiveSizePolicyWeight                 = 90                                        {product} {command line}
     intx CICompilerCount                          = 4                                         {product} {ergonomic}
    uintx GCTimeRatio                              = 4                                         {product} {command line}
     bool HeapDumpOnOutOfMemoryError               = true                                   {manageable} {command line}
    ccstr HeapDumpPath                             = c:\Users\manoj\AppData\Roaming\Code\User\workspaceStorage\4943c5129df94568f62ec5923a73c5ab\redhat.java         {manageable} {command line}
   size_t InitialHeapSize                          = 104857600                                 {product} {command line}
   size_t MaxHeapSize                              = 2147483648                                {product} {command line}
   size_t MaxNewSize                               = 715653120                                 {product} {ergonomic}
   size_t MinHeapDeltaBytes                        = 524288                                    {product} {ergonomic}
   size_t MinHeapSize                              = 104857600                                 {product} {command line}
   size_t NewSize                                  = 34603008                                  {product} {ergonomic}
    uintx NonNMethodCodeHeapSize                   = 5839372                                {pd product} {ergonomic}
    uintx NonProfiledCodeHeapSize                  = 122909434                              {pd product} {ergonomic}
   size_t OldSize                                  = 70254592                                  {product} {ergonomic}
    uintx ProfiledCodeHeapSize                     = 122909434                              {pd product} {ergonomic}
    uintx ReservedCodeCacheSize                    = 251658240                              {pd product} {ergonomic}
     bool SegmentedCodeCache                       = true                                      {product} {ergonomic}
   size_t SoftMaxHeapSize                          = 2147483648                             {manageable} {ergonomic}
     bool UseCompressedOops                        = true                           {product lp64_product} {ergonomic}
     bool UseLargePagesIndividualAllocation        = false                                  {pd product} {ergonomic}
     bool UseParallelGC                            = true                                      {product} {command line}

Logging:
Log output configuration:
 #0: stdout all=off uptime,level,tags foldmultilines=false
 #1: stderr all=off uptime,level,tags foldmultilines=false

Release file:
JAVA_VERSION="21.0.10" 
MODULES="java.base java.compiler java.datatransfer java.xml java.prefs java.desktop java.instrument java.logging java.management java.security.sasl java.naming java.rmi java.management.rmi java.net.http java.scripting java.security.jgss java.transaction.xa java.sql java.sql.rowset java.xml.crypto java.se java.smartcardio jdk.accessibility jdk.internal.jvmstat jdk.attach jdk.charsets jdk.internal.opt jdk.zipfs jdk.compiler jdk.crypto.ec jdk.crypto.cryptoki jdk.crypto.mscapi jdk.dynalink jdk.internal.ed jdk.editpad jdk.hotspot.agent jdk.httpserver jdk.internal.le jdk.internal.vm.ci jdk.internal.vm.compiler jdk.internal.vm.compiler.management jdk.jartool jdk.javadoc jdk.jcmd jdk.management jdk.management.agent jdk.jconsole jdk.jdeps jdk.jdwp.agent jdk.jdi jdk.jfr jdk.jshell jdk.jsobject jdk.jstatd jdk.localedata jdk.management.jfr jdk.naming.dns jdk.naming.rmi jdk.net jdk.nio.mapmode jdk.random jdk.sctp jdk.security.auth jdk.security.jgss jdk.unsupported jdk.unsupported.desktop jdk.xml.dom" 

Environment Variables:
JAVA_HOME=C:\Program Files\Amazon Corretto\jdk21.0.10_7
PATH=C:\Users\manoj\AppData\Local\Programs\Microsoft VS Code;C:\Program Files\Amazon Corretto\jdk21.0.10_7\bin;C:\Program Files\Python313\Scripts\;C:\Program Files\Python313\;C:\app\manoj\product\21c\dbhomeXE\bin;C:\Program Files\Common Files\Oracle\Java\javapath;C:\Program Files (x86)\VMware\VMware Workstation\bin\;C:\WINDOWS\system32;C:\WINDOWS;C:\WINDOWS\System32\Wbem;C:\WINDOWS\System32\WindowsPowerShell\v1.0\;C:\WINDOWS\System32\OpenSSH\;C:\MinGW\bin;C:\Program Files\dotnet\;C:\Program Files\MySQL\MySQL Server 8.0\bin;C:\Program Files\Git\cmd;C:\Program Files\Amazon Corretto\jdk21.0.10_7\bin;C:\Program Files (x86)\Microsoft SQL Server\160\Tools\Binn\;C:\Program Files\Microsoft SQL Server\160\Tools\Binn\;C:\Program Files\Microsoft SQL Server\Client SDK\ODBC\170\Tools\Binn\;C:\Program Files\Microsoft SQL Server\160\DTS\Binn\;C:\Program Files\Microsoft SQL Server\170\DTS\Binn\;C:\Program Files\nodejs\;C:\Program Files\MySQL\MySQL Shell 8.0\bin\;C:\Users\manoj\AppData\Local\Programs\Python\Python311\Scripts\;C:\Users\manoj\AppData\Local\Programs\Python\Python311\;C:\Users\manoj\AppData\Local\Microsoft\WindowsApps;C:\Users\manoj\AppData\Local\Programs\Microsoft VS Code\bin;C:\Users\manoj\AppData\Local\Programs\mongosh\;C:\Users\manoj\AppData\Local\Programs\cursor\resources\app\bin;C:\Program Files\MongoDB\Server\7.0\bin;C:\Users\manoj\AppData\Local\Programs\Antigravity\bin;C:\Users\manoj\AppData\Roaming\npm;C:\Program Files\JetBrains\IntelliJ IDEA 2025.3.2\bin
USERNAME=manoj
OS=Windows_NT
PROCESSOR_IDENTIFIER=AMD64 Family 23 Model 104 Stepping 1, AuthenticAMD
TMP=C:\Users\manoj\AppData\Local\Temp
TEMP=C:\Users\manoj\AppData\Local\Temp




Periodic native trim disabled

---------------  S Y S T E M  ---------------

OS:
 Windows 11 , 64 bit Build 26100 (10.0.26100.7920)
OS uptime: 0 days 2:34 hours

CPU: total 12 (initial active 12) (12 cores per cpu, 2 threads per core) family 23 model 104 stepping 1 microcode 0x8608104, cx8, cmov, fxsr, ht, mmx, 3dnowpref, sse, sse2, sse3, ssse3, sse4a, sse4.1, sse4.2, popcnt, lzcnt, tsc, tscinvbit, avx, avx2, aes, clmul, bmi1, bmi2, adx, sha, fma, vzeroupper, clflush, clflushopt, rdtscp, rdpid, f16c
Processor Information for processor 0
  Max Mhz: 2100, Current Mhz: 2100, Mhz Limit: 2100
Processor Information for processor 1
  Max Mhz: 2100, Current Mhz: 2100, Mhz Limit: 2100
Processor Information for processor 2
  Max Mhz: 2100, Current Mhz: 1988, Mhz Limit: 2100
Processor Information for processor 3
  Max Mhz: 2100, Current Mhz: 2100, Mhz Limit: 2100
Processor Information for processor 4
  Max Mhz: 2100, Current Mhz: 2100, Mhz Limit: 2100
Processor Information for processor 5
  Max Mhz: 2100, Current Mhz: 2100, Mhz Limit: 2100
Processor Information for processor 6
  Max Mhz: 2100, Current Mhz: 2100, Mhz Limit: 2100
Processor Information for processor 7
  Max Mhz: 2100, Current Mhz: 2100, Mhz Limit: 2100
Processor Information for processor 8
  Max Mhz: 2100, Current Mhz: 2100, Mhz Limit: 2100
Processor Information for processor 9
  Max Mhz: 2100, Current Mhz: 2100, Mhz Limit: 2100
Processor Information for processor 10
  Max Mhz: 2100, Current Mhz: 2100, Mhz Limit: 2100
Processor Information for processor 11
  Max Mhz: 2100, Current Mhz: 2100, Mhz Limit: 2100

Memory: 4k page, system-wide physical 7502M (363M free)
TotalPageFile size 30030M (AvailPageFile size 414M)
current process WorkingSet (physical memory assigned to process): 8M, peak: 285M
current process commit charge ("private bytes"): 352M, peak: 387M

vm_info: OpenJDK 64-Bit Server VM (21.0.10+7-LTS) for windows-amd64 JRE (21.0.10+7-LTS), built on 2026-01-20T00:00:00Z by "admin" with MS VC++ 17.12 (VS2022)

END.
