Application bundle generation failed. [11.890 seconds] - 2026-03-25T22:16:59.366Z

[1m[33m[33m▲ [43;33m[[43;30mWARNING[43;33m][0m [1mNG8113: DatePipe is not used within the template of PerformanceComponent[0m [1m[35m[plugin angular-compiler][0m

    src/app/features/agent/components/performance/performance.component.ts:10:28:
[37m      10 │     imports: [CommonModule, [32mDatePipe[37m],
         ╵                             [32m~~~~~~~~[0m


[33m▲ [43;33m[[43;30mWARNING[43;33m][0m [1mNG8107: NG8107: The left side of this optional chain operation does not include 'null' or 'undefined' in its type, therefore the '?.' operator can be replaced with the '.' operator. Find more at https://v21.angular.dev/extended-diagnostics/NG8107[0m [1m[35m[plugin angular-compiler][0m

    src/app/features/user/components/dashboard/dashboard.component.html:172:83:
[37m      172 │ ...enerated {{ s.recommendations?.[32mlength[37m || 0 }} actionable steps to
          ╵                                   [32m~~~~~~[0m

  Warning occurs in the template of component DashboardComponent.

    src/app/features/user/components/dashboard/dashboard.component.ts:10:17:
[37m      10 │     templateUrl: [32m'./dashboard.component.html'[37m
         ╵                  [32m~~~~~~~~~~~~~~~~~~~~~~~~~~~~[0m

[39m[22m
[1m[31m[31mX [41;31m[[41;97mERROR[41;31m][0m [1mTS2339: Property 'flaggedAgents' does not exist on type 'AdminDashboardComponent'.[0m [1m[35m[plugin angular-compiler][0m

    src/app/features/admin/components/dashboard/admin-dashboard.component.html:48:25:
[37m      48 │                     @if ([32mflaggedAgents[37m > 0) {
         ╵                          [32m~~~~~~~~~~~~~[0m

  Error occurs in the template of component AdminDashboardComponent.

    src/app/features/admin/components/dashboard/admin-dashboard.component.ts:11:17:
[37m      11 │     templateUrl: [32m'./admin-dashboard.component.html'[37m
         ╵                  [32m~~~~~~~~~~~~~~~~~~~~~~~~~~~~~~~~~~[0m


[31mX [41;31m[[41;97mERROR[41;31m][0m [1mTS2339: Property 'flaggedAgents' does not exist on type 'AdminDashboardComponent'.[0m [1m[35m[plugin angular-compiler][0m

    src/app/features/admin/components/dashboard/admin-dashboard.component.html:65:21:
[37m      65 │                 @if ([32mflaggedAgents[37m > 0) {
         ╵                      [32m~~~~~~~~~~~~~[0m

  Error occurs in the template of component AdminDashboardComponent.

    src/app/features/admin/components/dashboard/admin-dashboard.component.ts:11:17:
[37m      11 │     templateUrl: [32m'./admin-dashboard.component.html'[37m
         ╵                  [32m~~~~~~~~~~~~~~~~~~~~~~~~~~~~~~~~~~[0m


[31mX [41;31m[[41;97mERROR[41;31m][0m [1mTS2339: Property 'flaggedAgents' does not exist on type 'AdminDashboardComponent'.[0m [1m[35m[plugin angular-compiler][0m

    src/app/features/admin/components/dashboard/admin-dashboard.component.html:66:56:
[37m      66 │ ...xs text-red-400 mt-2">{{ [32mflaggedAgents[37m }} flagged (3+ strikes)</p>
         ╵                             [32m~~~~~~~~~~~~~[0m

  Error occurs in the template of component AdminDashboardComponent.

    src/app/features/admin/components/dashboard/admin-dashboard.component.ts:11:17:
[37m      11 │     templateUrl: [32m'./admin-dashboard.component.html'[37m
         ╵                  [32m~~~~~~~~~~~~~~~~~~~~~~~~~~~~~~~~~~[0m


[31mX [41;31m[[41;97mERROR[41;31m][0m [1mTS2339: Property 'pendingVerifications' does not exist on type 'AdminDashboardComponent'.[0m [1m[35m[plugin angular-compiler][0m

    src/app/features/admin/components/dashboard/admin-dashboard.component.html:111:71:
[37m      111 │ ...l font-bold text-orange-400 mb-1">{{ [32mpendingVerifications[37m }}</h3>
          ╵                                         [32m~~~~~~~~~~~~~~~~~~~~[0m

  Error occurs in the template of component AdminDashboardComponent.

    src/app/features/admin/components/dashboard/admin-dashboard.component.ts:11:17:
[37m      11 │     templateUrl: [32m'./admin-dashboard.component.html'[37m
         ╵                  [32m~~~~~~~~~~~~~~~~~~~~~~~~~~~~~~~~~~[0m

[39m[22m
